ERROR - 2025-03-08 06:12:24 --> mysqli_sql_exception: Unknown column 'updated_at' in 'field list' in /home3/chakkimart/public_html/QaswaTelecom/system/Database/MySQLi/Connection.php:295
Stack trace:
#0 /home3/chakkimart/public_html/QaswaTelecom/system/Database/MySQLi/Connection.php(295): mysqli->query('INSERT INTO `bl...', 0)
#1 /home3/chakkimart/public_html/QaswaTelecom/system/Database/BaseConnection.php(692): CodeIgniter\Database\MySQLi\Connection->execute('INSERT INTO `bl...')
#2 /home3/chakkimart/public_html/QaswaTelecom/system/Database/BaseConnection.php(606): CodeIgniter\Database\BaseConnection->simpleQuery('INSERT INTO `bl...')
#3 /home3/chakkimart/public_html/QaswaTelecom/system/Database/BaseBuilder.php(2309): CodeIgniter\Database\BaseConnection->query('INSERT INTO `bl...', Array, false)
#4 /home3/chakkimart/public_html/QaswaTelecom/system/Model.php(330): CodeIgniter\Database\BaseBuilder->insert()
#5 /home3/chakkimart/public_html/QaswaTelecom/system/BaseModel.php(782): CodeIgniter\Model->doInsert(Array)
#6 /home3/chakkimart/public_html/QaswaTelecom/system/Model.php(730): CodeIgniter\BaseModel->insert(Array, true)
#7 /home3/chakkimart/public_html/QaswaTelecom/app/Controllers/Blog.php(46): CodeIgniter\Model->insert(Array)
#8 /home3/chakkimart/public_html/QaswaTelecom/system/CodeIgniter.php(932): App\Controllers\Blog->addBlog()
#9 /home3/chakkimart/public_html/QaswaTelecom/system/CodeIgniter.php(497): CodeIgniter\CodeIgniter->runController(Object(App\Controllers\Blog))
#10 /home3/chakkimart/public_html/QaswaTelecom/system/CodeIgniter.php(366): CodeIgniter\CodeIgniter->handleRequest(NULL, Object(Config\Cache), false)
#11 /home3/chakkimart/public_html/QaswaTelecom/index.php(67): CodeIgniter\CodeIgniter->run()
#12 {main}
CRITICAL - 2025-03-08 06:12:24 --> Unknown column 'updated_at' in 'field list'
in SYSTEMPATH/Database/MySQLi/Connection.php on line 295.
 1 SYSTEMPATH/Database/MySQLi/Connection.php(295): mysqli->query('INSERT INTO `blog` (`title`, `image`, `description`, `created_at`, `updated_at`) VALUES (\'iPhone Display Broken Glass Replacement\', \'1741414344_e1bae8e89fef83b9e4fb.png\', \'<p>&nbsp;</p><p>A shattered iPhone screen can be a major inconvenience. But don\\\'t worry, Qaswa Telecom is here to help! We offer fast, reliable, and affordable iPhone display glass replacement services in Mumbai.</p><p><strong>Why Choose Qaswa Telecom for Your iPhone Display Repair?</strong></p><ul><li><strong>Expert Technicians:</strong> Our skilled technicians have extensive experience in replacing iPhone display glass, ensuring a precise and seamless repair.</li><li><strong>High-Quality Parts:</strong> We use only premium quality glass that matches the original display\\\'s clarity, touch sensitivity, and durability.</li><li><strong>Quick Turnaround:</strong> We know you need your phone back as soon as possible. We strive to complete most iPhone display glass replacements within [mention typical timeframe, e.g., 1-2 hours].</li><li><strong>Affordable Prices:</strong> We offer competitive prices on all our iPhone repair services, including display glass replacement.</li><li><strong>Warranty:</strong> We offer a warranty on our repair service and the replacement parts, giving you peace of mind.</li></ul><p><strong>Our iPhone Display Glass Replacement Service Includes:</strong></p><ul><li>Careful removal of the damaged glass</li><li>Thorough cleaning of the display surface</li><li>Installation of the new high-quality glass</li><li>Testing to ensure optimal display functionality</li></ul><p><strong>Don\\\'t let a broken screen disrupt your day. Contact Qaswa Telecom today for a free quote and get your iPhone display looking like new again!</strong></p><p>&nbsp;</p>\', \'2025-03-08 06:12:24\', \'2025-03-08 06:12:24\')', 0)
 2 SYSTEMPATH/Database/BaseConnection.php(692): CodeIgniter\Database\MySQLi\Connection->execute('INSERT INTO `blog` (`title`, `image`, `description`, `created_at`, `updated_at`) VALUES (\'iPhone Display Broken Glass Replacement\', \'1741414344_e1bae8e89fef83b9e4fb.png\', \'<p>&nbsp;</p><p>A shattered iPhone screen can be a major inconvenience. But don\\\'t worry, Qaswa Telecom is here to help! We offer fast, reliable, and affordable iPhone display glass replacement services in Mumbai.</p><p><strong>Why Choose Qaswa Telecom for Your iPhone Display Repair?</strong></p><ul><li><strong>Expert Technicians:</strong> Our skilled technicians have extensive experience in replacing iPhone display glass, ensuring a precise and seamless repair.</li><li><strong>High-Quality Parts:</strong> We use only premium quality glass that matches the original display\\\'s clarity, touch sensitivity, and durability.</li><li><strong>Quick Turnaround:</strong> We know you need your phone back as soon as possible. We strive to complete most iPhone display glass replacements within [mention typical timeframe, e.g., 1-2 hours].</li><li><strong>Affordable Prices:</strong> We offer competitive prices on all our iPhone repair services, including display glass replacement.</li><li><strong>Warranty:</strong> We offer a warranty on our repair service and the replacement parts, giving you peace of mind.</li></ul><p><strong>Our iPhone Display Glass Replacement Service Includes:</strong></p><ul><li>Careful removal of the damaged glass</li><li>Thorough cleaning of the display surface</li><li>Installation of the new high-quality glass</li><li>Testing to ensure optimal display functionality</li></ul><p><strong>Don\\\'t let a broken screen disrupt your day. Contact Qaswa Telecom today for a free quote and get your iPhone display looking like new again!</strong></p><p>&nbsp;</p>\', \'2025-03-08 06:12:24\', \'2025-03-08 06:12:24\')')
 3 SYSTEMPATH/Database/BaseConnection.php(606): CodeIgniter\Database\BaseConnection->simpleQuery('INSERT INTO `blog` (`title`, `image`, `description`, `created_at`, `updated_at`) VALUES (\'iPhone Display Broken Glass Replacement\', \'1741414344_e1bae8e89fef83b9e4fb.png\', \'<p>&nbsp;</p><p>A shattered iPhone screen can be a major inconvenience. But don\\\'t worry, Qaswa Telecom is here to help! We offer fast, reliable, and affordable iPhone display glass replacement services in Mumbai.</p><p><strong>Why Choose Qaswa Telecom for Your iPhone Display Repair?</strong></p><ul><li><strong>Expert Technicians:</strong> Our skilled technicians have extensive experience in replacing iPhone display glass, ensuring a precise and seamless repair.</li><li><strong>High-Quality Parts:</strong> We use only premium quality glass that matches the original display\\\'s clarity, touch sensitivity, and durability.</li><li><strong>Quick Turnaround:</strong> We know you need your phone back as soon as possible. We strive to complete most iPhone display glass replacements within [mention typical timeframe, e.g., 1-2 hours].</li><li><strong>Affordable Prices:</strong> We offer competitive prices on all our iPhone repair services, including display glass replacement.</li><li><strong>Warranty:</strong> We offer a warranty on our repair service and the replacement parts, giving you peace of mind.</li></ul><p><strong>Our iPhone Display Glass Replacement Service Includes:</strong></p><ul><li>Careful removal of the damaged glass</li><li>Thorough cleaning of the display surface</li><li>Installation of the new high-quality glass</li><li>Testing to ensure optimal display functionality</li></ul><p><strong>Don\\\'t let a broken screen disrupt your day. Contact Qaswa Telecom today for a free quote and get your iPhone display looking like new again!</strong></p><p>&nbsp;</p>\', \'2025-03-08 06:12:24\', \'2025-03-08 06:12:24\')')
 4 SYSTEMPATH/Database/BaseBuilder.php(2309): CodeIgniter\Database\BaseConnection->query('INSERT INTO `blog` (`title`, `image`, `description`, `created_at`, `updated_at`) VALUES (:title:, :image:, :description:, :created_at:, :updated_at:)', [...], false)
 5 SYSTEMPATH/Model.php(330): CodeIgniter\Database\BaseBuilder->insert()
 6 SYSTEMPATH/BaseModel.php(782): CodeIgniter\Model->doInsert([...])
 7 SYSTEMPATH/Model.php(730): CodeIgniter\BaseModel->insert([...], true)
 8 APPPATH/Controllers/Blog.php(46): CodeIgniter\Model->insert([...])
 9 SYSTEMPATH/CodeIgniter.php(932): App\Controllers\Blog->addBlog()
10 SYSTEMPATH/CodeIgniter.php(497): CodeIgniter\CodeIgniter->runController(Object(App\Controllers\Blog))
11 SYSTEMPATH/CodeIgniter.php(366): CodeIgniter\CodeIgniter->handleRequest(null, Object(Config\Cache), false)
12 FCPATH/index.php(67): CodeIgniter\CodeIgniter->run()
CRITICAL - 2025-03-08 13:29:23 --> The action you requested is not allowed.
in SYSTEMPATH/Security/Security.php on line 306.
 1 SYSTEMPATH/Security/Security.php(306): CodeIgniter\Security\Exceptions\SecurityException::forDisallowedAction()
 2 SYSTEMPATH/Filters/CSRF.php(55): CodeIgniter\Security\Security->verify(Object(CodeIgniter\HTTP\IncomingRequest))
 3 APPPATH/Filters/CustomCSRF.php(24): CodeIgniter\Filters\CSRF->before(Object(CodeIgniter\HTTP\IncomingRequest), null)
 4 SYSTEMPATH/Filters/Filters.php(173): App\Filters\CustomCSRF->before(Object(CodeIgniter\HTTP\IncomingRequest), null)
 5 SYSTEMPATH/CodeIgniter.php(471): CodeIgniter\Filters\Filters->run('/', 'before')
 6 SYSTEMPATH/CodeIgniter.php(366): CodeIgniter\CodeIgniter->handleRequest(null, Object(Config\Cache), false)
 7 FCPATH/index.php(67): CodeIgniter\CodeIgniter->run()
CRITICAL - 2025-03-08 13:30:18 --> The action you requested is not allowed.
in SYSTEMPATH/Security/Security.php on line 306.
 1 SYSTEMPATH/Security/Security.php(306): CodeIgniter\Security\Exceptions\SecurityException::forDisallowedAction()
 2 SYSTEMPATH/Filters/CSRF.php(55): CodeIgniter\Security\Security->verify(Object(CodeIgniter\HTTP\IncomingRequest))
 3 APPPATH/Filters/CustomCSRF.php(24): CodeIgniter\Filters\CSRF->before(Object(CodeIgniter\HTTP\IncomingRequest), null)
 4 SYSTEMPATH/Filters/Filters.php(173): App\Filters\CustomCSRF->before(Object(CodeIgniter\HTTP\IncomingRequest), null)
 5 SYSTEMPATH/CodeIgniter.php(471): CodeIgniter\Filters\Filters->run('/', 'before')
 6 SYSTEMPATH/CodeIgniter.php(366): CodeIgniter\CodeIgniter->handleRequest(null, Object(Config\Cache), false)
 7 FCPATH/index.php(67): CodeIgniter\CodeIgniter->run()
CRITICAL - 2025-03-08 15:09:45 --> The action you requested is not allowed.
in SYSTEMPATH/Security/Security.php on line 306.
 1 SYSTEMPATH/Security/Security.php(306): CodeIgniter\Security\Exceptions\SecurityException::forDisallowedAction()
 2 SYSTEMPATH/Filters/CSRF.php(55): CodeIgniter\Security\Security->verify(Object(CodeIgniter\HTTP\IncomingRequest))
 3 APPPATH/Filters/CustomCSRF.php(24): CodeIgniter\Filters\CSRF->before(Object(CodeIgniter\HTTP\IncomingRequest), null)
 4 SYSTEMPATH/Filters/Filters.php(173): App\Filters\CustomCSRF->before(Object(CodeIgniter\HTTP\IncomingRequest), null)
 5 SYSTEMPATH/CodeIgniter.php(471): CodeIgniter\Filters\Filters->run('/Samsung/models', 'before')
 6 SYSTEMPATH/CodeIgniter.php(366): CodeIgniter\CodeIgniter->handleRequest(null, Object(Config\Cache), false)
 7 FCPATH/index.php(67): CodeIgniter\CodeIgniter->run()
CRITICAL - 2025-03-08 15:09:53 --> The action you requested is not allowed.
in SYSTEMPATH/Security/Security.php on line 306.
 1 SYSTEMPATH/Security/Security.php(306): CodeIgniter\Security\Exceptions\SecurityException::forDisallowedAction()
 2 SYSTEMPATH/Filters/CSRF.php(55): CodeIgniter\Security\Security->verify(Object(CodeIgniter\HTTP\IncomingRequest))
 3 APPPATH/Filters/CustomCSRF.php(24): CodeIgniter\Filters\CSRF->before(Object(CodeIgniter\HTTP\IncomingRequest), null)
 4 SYSTEMPATH/Filters/Filters.php(173): App\Filters\CustomCSRF->before(Object(CodeIgniter\HTTP\IncomingRequest), null)
 5 SYSTEMPATH/CodeIgniter.php(471): CodeIgniter\Filters\Filters->run('/Samsung/models', 'before')
 6 SYSTEMPATH/CodeIgniter.php(366): CodeIgniter\CodeIgniter->handleRequest(null, Object(Config\Cache), false)
 7 FCPATH/index.php(67): CodeIgniter\CodeIgniter->run()
