CRITICAL - 2025-07-31 09:55:09 --> Undefined variable $banners
in APPPATH\Views\admin\godown\godown-view.php on line 81.
 1 APPPATH\Views\admin\godown\godown-view.php(81): CodeIgniter\Debug\Exceptions->errorHandler(2, 'Undefined variable $banners', 'C:\\xampp\\htdocs\\Qaswa-main\\app\\Views\\admin\\godown\\godown-view.php', 81)
 2 SYSTEMPATH\View\View.php(224): include('C:\\xampp\\htdocs\\Qaswa-main\\app\\Views\\admin\\godown\\godown-view.php')
 3 SYSTEMPATH\View\View.php(227): CodeIgniter\View\View->CodeIgniter\View\{closure}()
 4 SYSTEMPATH\Common.php(1180): CodeIgniter\View\View->render('/admin/godown/godown-view', [], true)
 5 APPPATH\Controllers\ControllerGodown.php(16): view('/admin/godown/godown-view')
 6 SYSTEMPATH\CodeIgniter.php(932): App\Controllers\ControllerGodown->add_product()
 7 SYSTEMPATH\CodeIgniter.php(497): CodeIgniter\CodeIgniter->runController(Object(App\Controllers\ControllerGodown))
 8 SYSTEMPATH\CodeIgniter.php(366): CodeIgniter\CodeIgniter->handleRequest(null, Object(Config\Cache), false)
 9 FCPATH\index.php(67): CodeIgniter\CodeIgniter->run()
CRITICAL - 2025-07-31 10:18:28 --> Invalid file: "..admin/partials/header.php"
in SYSTEMPATH\Exceptions\FrameworkException.php on line 33.
 1 SYSTEMPATH\View\View.php(212): CodeIgniter\Exceptions\FrameworkException::forInvalidFile('..admin/partials/header.php')
 2 SYSTEMPATH\Common.php(1180): CodeIgniter\View\View->render('..admin/partials/header.php', [], true)
 3 APPPATH\Views\admin\godown\godown-view.php(1): view('..admin/partials/header.php')
 4 SYSTEMPATH\View\View.php(224): include('C:\\xampp\\htdocs\\Qaswa-main\\app\\Views\\admin\\godown\\godown-view.php')
 5 SYSTEMPATH\View\View.php(227): CodeIgniter\View\View->CodeIgniter\View\{closure}()
 6 SYSTEMPATH\Common.php(1180): CodeIgniter\View\View->render('/admin/godown/godown-view', [], true)
 7 APPPATH\Controllers\ControllerGodown.php(19): view('/admin/godown/godown-view', [...])
 8 SYSTEMPATH\CodeIgniter.php(932): App\Controllers\ControllerGodown->add_product()
 9 SYSTEMPATH\CodeIgniter.php(497): CodeIgniter\CodeIgniter->runController(Object(App\Controllers\ControllerGodown))
10 SYSTEMPATH\CodeIgniter.php(366): CodeIgniter\CodeIgniter->handleRequest(null, Object(Config\Cache), false)
11 FCPATH\index.php(67): CodeIgniter\CodeIgniter->run()
CRITICAL - 2025-07-31 10:18:39 --> Invalid file: ".admin/partials/header.php"
in SYSTEMPATH\Exceptions\FrameworkException.php on line 33.
 1 SYSTEMPATH\View\View.php(212): CodeIgniter\Exceptions\FrameworkException::forInvalidFile('.admin/partials/header.php')
 2 SYSTEMPATH\Common.php(1180): CodeIgniter\View\View->render('.admin/partials/header.php', [], true)
 3 APPPATH\Views\admin\godown\godown-view.php(1): view('.admin/partials/header.php')
 4 SYSTEMPATH\View\View.php(224): include('C:\\xampp\\htdocs\\Qaswa-main\\app\\Views\\admin\\godown\\godown-view.php')
 5 SYSTEMPATH\View\View.php(227): CodeIgniter\View\View->CodeIgniter\View\{closure}()
 6 SYSTEMPATH\Common.php(1180): CodeIgniter\View\View->render('/admin/godown/godown-view', [], true)
 7 APPPATH\Controllers\ControllerGodown.php(19): view('/admin/godown/godown-view', [...])
 8 SYSTEMPATH\CodeIgniter.php(932): App\Controllers\ControllerGodown->add_product()
 9 SYSTEMPATH\CodeIgniter.php(497): CodeIgniter\CodeIgniter->runController(Object(App\Controllers\ControllerGodown))
10 SYSTEMPATH\CodeIgniter.php(366): CodeIgniter\CodeIgniter->handleRequest(null, Object(Config\Cache), false)
11 FCPATH\index.php(67): CodeIgniter\CodeIgniter->run()
CRITICAL - 2025-07-31 10:21:35 --> Undefined variable $godowns
in APPPATH\Views\admin\godown\godown-view.php on line 64.
 1 APPPATH\Views\admin\godown\godown-view.php(64): CodeIgniter\Debug\Exceptions->errorHandler(2, 'Undefined variable $godowns', 'C:\\xampp\\htdocs\\Qaswa-main\\app\\Views\\admin\\godown\\godown-view.php', 64)
 2 SYSTEMPATH\View\View.php(224): include('C:\\xampp\\htdocs\\Qaswa-main\\app\\Views\\admin\\godown\\godown-view.php')
 3 SYSTEMPATH\View\View.php(227): CodeIgniter\View\View->CodeIgniter\View\{closure}()
 4 SYSTEMPATH\Common.php(1180): CodeIgniter\View\View->render('/admin/godown/godown-view', [], true)
 5 APPPATH\Controllers\ControllerGodown.php(19): view('/admin/godown/godown-view', [...])
 6 SYSTEMPATH\CodeIgniter.php(932): App\Controllers\ControllerGodown->add_product()
 7 SYSTEMPATH\CodeIgniter.php(497): CodeIgniter\CodeIgniter->runController(Object(App\Controllers\ControllerGodown))
 8 SYSTEMPATH\CodeIgniter.php(366): CodeIgniter\CodeIgniter->handleRequest(null, Object(Config\Cache), false)
 9 FCPATH\index.php(67): CodeIgniter\CodeIgniter->run()
CRITICAL - 2025-07-31 10:22:34 --> Undefined array key "name"
in APPPATH\Views\admin\godown\godown-view.php on line 67.
 1 APPPATH\Views\admin\godown\godown-view.php(67): CodeIgniter\Debug\Exceptions->errorHandler(2, 'Undefined array key "name"', 'C:\\xampp\\htdocs\\Qaswa-main\\app\\Views\\admin\\godown\\godown-view.php', 67)
 2 SYSTEMPATH\View\View.php(224): include('C:\\xampp\\htdocs\\Qaswa-main\\app\\Views\\admin\\godown\\godown-view.php')
 3 SYSTEMPATH\View\View.php(227): CodeIgniter\View\View->CodeIgniter\View\{closure}()
 4 SYSTEMPATH\Common.php(1180): CodeIgniter\View\View->render('/admin/godown/godown-view', [], true)
 5 APPPATH\Controllers\ControllerGodown.php(19): view('/admin/godown/godown-view', [...])
 6 SYSTEMPATH\CodeIgniter.php(932): App\Controllers\ControllerGodown->add_product()
 7 SYSTEMPATH\CodeIgniter.php(497): CodeIgniter\CodeIgniter->runController(Object(App\Controllers\ControllerGodown))
 8 SYSTEMPATH\CodeIgniter.php(366): CodeIgniter\CodeIgniter->handleRequest(null, Object(Config\Cache), false)
 9 FCPATH\index.php(67): CodeIgniter\CodeIgniter->run()
