CRITICAL - 2025-03-11 06:35:12 --> Undefined array key "other_mobile"
in APPPATH/Views/admin/order-view.php on line 126.
 1 APPPATH/Views/admin/order-view.php(126): CodeIgniter\Debug\Exceptions->errorHandler(2, 'Undefined array key "other_mobile"', '/home3/chakkimart/public_html/QaswaTelecom/app/Views/admin/order-view.php', 126)
 2 SYSTEMPATH/View/View.php(224): include('/home3/chakkimart/public_html/QaswaTelecom/app/Views/admin/order-view.php')
 3 SYSTEMPATH/View/View.php(227): CodeIgniter\View\View->CodeIgniter\View\{closure}()
 4 SYSTEMPATH/Common.php(1180): CodeIgniter\View\View->render('admin/order-view', [], true)
 5 APPPATH/Controllers/Order.php(59): view('admin/order-view', [...])
 6 SYSTEMPATH/CodeIgniter.php(932): App\Controllers\Order->index()
 7 SYSTEMPATH/CodeIgniter.php(497): CodeIgniter\CodeIgniter->runController(Object(App\Controllers\Order))
 8 SYSTEMPATH/CodeIgniter.php(366): CodeIgniter\CodeIgniter->handleRequest(null, Object(Config\Cache), false)
 9 FCPATH/index.php(67): CodeIgniter\CodeIgniter->run()
CRITICAL - 2025-03-11 09:55:51 --> The action you requested is not allowed.
in SYSTEMPATH/Security/Security.php on line 306.
 1 SYSTEMPATH/Security/Security.php(306): CodeIgniter\Security\Exceptions\SecurityException::forDisallowedAction()
 2 SYSTEMPATH/Filters/CSRF.php(55): CodeIgniter\Security\Security->verify(Object(CodeIgniter\HTTP\IncomingRequest))
 3 APPPATH/Filters/CustomCSRF.php(24): CodeIgniter\Filters\CSRF->before(Object(CodeIgniter\HTTP\IncomingRequest), null)
 4 SYSTEMPATH/Filters/Filters.php(173): App\Filters\CustomCSRF->before(Object(CodeIgniter\HTTP\IncomingRequest), null)
 5 SYSTEMPATH/CodeIgniter.php(471): CodeIgniter\Filters\Filters->run('/', 'before')
 6 SYSTEMPATH/CodeIgniter.php(366): CodeIgniter\CodeIgniter->handleRequest(null, Object(Config\Cache), false)
 7 FCPATH/index.php(67): CodeIgniter\CodeIgniter->run()
CRITICAL - 2025-03-11 10:55:09 --> The action you requested is not allowed.
in SYSTEMPATH/Security/Security.php on line 306.
 1 SYSTEMPATH/Security/Security.php(306): CodeIgniter\Security\Exceptions\SecurityException::forDisallowedAction()
 2 SYSTEMPATH/Filters/CSRF.php(55): CodeIgniter\Security\Security->verify(Object(CodeIgniter\HTTP\IncomingRequest))
 3 APPPATH/Filters/CustomCSRF.php(24): CodeIgniter\Filters\CSRF->before(Object(CodeIgniter\HTTP\IncomingRequest), null)
 4 SYSTEMPATH/Filters/Filters.php(173): App\Filters\CustomCSRF->before(Object(CodeIgniter\HTTP\IncomingRequest), null)
 5 SYSTEMPATH/CodeIgniter.php(471): CodeIgniter\Filters\Filters->run('/', 'before')
 6 SYSTEMPATH/CodeIgniter.php(366): CodeIgniter\CodeIgniter->handleRequest(null, Object(Config\Cache), false)
 7 FCPATH/index.php(67): CodeIgniter\CodeIgniter->run()
ERROR - 2025-03-11 11:07:59 --> Error connecting to the database: mysqli_sql_exception: Access denied for user 'chakkima_qaswa'@'localhost' (using password: YES) in /home/k76t07qzzuog/public_html/system/Database/MySQLi/Connection.php:173
Stack trace:
#0 /home/k76t07qzzuog/public_html/system/Database/MySQLi/Connection.php(173): mysqli->real_connect()
#1 /home/k76t07qzzuog/public_html/system/Database/BaseConnection.php(391): CodeIgniter\Database\MySQLi\Connection->connect()
#2 /home/k76t07qzzuog/public_html/system/Database/BaseConnection.php(574): CodeIgniter\Database\BaseConnection->initialize()
#3 /home/k76t07qzzuog/public_html/system/Database/BaseBuilder.php(1616): CodeIgniter\Database\BaseConnection->query()
#4 /home/k76t07qzzuog/public_html/system/Model.php(241): CodeIgniter\Database\BaseBuilder->get()
#5 /home/k76t07qzzuog/public_html/system/BaseModel.php(618): CodeIgniter\Model->doFindAll()
#6 /home/k76t07qzzuog/public_html/app/Controllers/Home.php(47): CodeIgniter\BaseModel->findAll()
#7 /home/k76t07qzzuog/public_html/system/CodeIgniter.php(932): App\Controllers\Home->index()
#8 /home/k76t07qzzuog/public_html/system/CodeIgniter.php(497): CodeIgniter\CodeIgniter->runController()
#9 /home/k76t07qzzuog/public_html/system/CodeIgniter.php(366): CodeIgniter\CodeIgniter->handleRequest()
#10 /home/k76t07qzzuog/public_html/index.php(67): CodeIgniter\CodeIgniter->run()
#11 {main}

Next CodeIgniter\Database\Exceptions\DatabaseException: Access denied for user '****'@'localhost' (using password: YES) in /home/k76t07qzzuog/public_html/system/Database/MySQLi/Connection.php:218
Stack trace:
#0 /home/k76t07qzzuog/public_html/system/Database/BaseConnection.php(391): CodeIgniter\Database\MySQLi\Connection->connect()
#1 /home/k76t07qzzuog/public_html/system/Database/BaseConnection.php(574): CodeIgniter\Database\BaseConnection->initialize()
#2 /home/k76t07qzzuog/public_html/system/Database/BaseBuilder.php(1616): CodeIgniter\Database\BaseConnection->query()
#3 /home/k76t07qzzuog/public_html/system/Model.php(241): CodeIgniter\Database\BaseBuilder->get()
#4 /home/k76t07qzzuog/public_html/system/BaseModel.php(618): CodeIgniter\Model->doFindAll()
#5 /home/k76t07qzzuog/public_html/app/Controllers/Home.php(47): CodeIgniter\BaseModel->findAll()
#6 /home/k76t07qzzuog/public_html/system/CodeIgniter.php(932): App\Controllers\Home->index()
#7 /home/k76t07qzzuog/public_html/system/CodeIgniter.php(497): CodeIgniter\CodeIgniter->runController()
#8 /home/k76t07qzzuog/public_html/system/CodeIgniter.php(366): CodeIgniter\CodeIgniter->handleRequest()
#9 /home/k76t07qzzuog/public_html/index.php(67): CodeIgniter\CodeIgniter->run()
#10 {main}
CRITICAL - 2025-03-11 11:07:59 --> Unable to connect to the database.
Main connection [MySQLi]: Access denied for user '****'@'localhost' (using password: YES)
in SYSTEMPATH/Database/BaseConnection.php on line 427.
 1 SYSTEMPATH/Database/BaseConnection.php(574): CodeIgniter\Database\BaseConnection->initialize()
 2 SYSTEMPATH/Database/BaseBuilder.php(1616): CodeIgniter\Database\BaseConnection->query()
 3 SYSTEMPATH/Model.php(241): CodeIgniter\Database\BaseBuilder->get()
 4 SYSTEMPATH/BaseModel.php(618): CodeIgniter\Model->doFindAll()
 5 APPPATH/Controllers/Home.php(47): CodeIgniter\BaseModel->findAll()
 6 SYSTEMPATH/CodeIgniter.php(932): App\Controllers\Home->index()
 7 SYSTEMPATH/CodeIgniter.php(497): CodeIgniter\CodeIgniter->runController()
 8 SYSTEMPATH/CodeIgniter.php(366): CodeIgniter\CodeIgniter->handleRequest()
 9 FCPATH/index.php(67): CodeIgniter\CodeIgniter->run()
ERROR - 2025-03-11 11:08:55 --> Error connecting to the database: mysqli_sql_exception: Access denied for user 'chakkima_qaswa'@'localhost' (using password: YES) in /home/k76t07qzzuog/public_html/system/Database/MySQLi/Connection.php:173
Stack trace:
#0 /home/k76t07qzzuog/public_html/system/Database/MySQLi/Connection.php(173): mysqli->real_connect()
#1 /home/k76t07qzzuog/public_html/system/Database/BaseConnection.php(391): CodeIgniter\Database\MySQLi\Connection->connect()
#2 /home/k76t07qzzuog/public_html/system/Database/BaseConnection.php(574): CodeIgniter\Database\BaseConnection->initialize()
#3 /home/k76t07qzzuog/public_html/system/Database/BaseBuilder.php(1616): CodeIgniter\Database\BaseConnection->query()
#4 /home/k76t07qzzuog/public_html/system/Model.php(241): CodeIgniter\Database\BaseBuilder->get()
#5 /home/k76t07qzzuog/public_html/system/BaseModel.php(618): CodeIgniter\Model->doFindAll()
#6 /home/k76t07qzzuog/public_html/app/Controllers/Home.php(47): CodeIgniter\BaseModel->findAll()
#7 /home/k76t07qzzuog/public_html/system/CodeIgniter.php(932): App\Controllers\Home->index()
#8 /home/k76t07qzzuog/public_html/system/CodeIgniter.php(497): CodeIgniter\CodeIgniter->runController()
#9 /home/k76t07qzzuog/public_html/system/CodeIgniter.php(366): CodeIgniter\CodeIgniter->handleRequest()
#10 /home/k76t07qzzuog/public_html/index.php(67): CodeIgniter\CodeIgniter->run()
#11 {main}

Next CodeIgniter\Database\Exceptions\DatabaseException: Access denied for user '****'@'localhost' (using password: YES) in /home/k76t07qzzuog/public_html/system/Database/MySQLi/Connection.php:218
Stack trace:
#0 /home/k76t07qzzuog/public_html/system/Database/BaseConnection.php(391): CodeIgniter\Database\MySQLi\Connection->connect()
#1 /home/k76t07qzzuog/public_html/system/Database/BaseConnection.php(574): CodeIgniter\Database\BaseConnection->initialize()
#2 /home/k76t07qzzuog/public_html/system/Database/BaseBuilder.php(1616): CodeIgniter\Database\BaseConnection->query()
#3 /home/k76t07qzzuog/public_html/system/Model.php(241): CodeIgniter\Database\BaseBuilder->get()
#4 /home/k76t07qzzuog/public_html/system/BaseModel.php(618): CodeIgniter\Model->doFindAll()
#5 /home/k76t07qzzuog/public_html/app/Controllers/Home.php(47): CodeIgniter\BaseModel->findAll()
#6 /home/k76t07qzzuog/public_html/system/CodeIgniter.php(932): App\Controllers\Home->index()
#7 /home/k76t07qzzuog/public_html/system/CodeIgniter.php(497): CodeIgniter\CodeIgniter->runController()
#8 /home/k76t07qzzuog/public_html/system/CodeIgniter.php(366): CodeIgniter\CodeIgniter->handleRequest()
#9 /home/k76t07qzzuog/public_html/index.php(67): CodeIgniter\CodeIgniter->run()
#10 {main}
CRITICAL - 2025-03-11 11:08:55 --> Unable to connect to the database.
Main connection [MySQLi]: Access denied for user '****'@'localhost' (using password: YES)
in SYSTEMPATH/Database/BaseConnection.php on line 427.
 1 SYSTEMPATH/Database/BaseConnection.php(574): CodeIgniter\Database\BaseConnection->initialize()
 2 SYSTEMPATH/Database/BaseBuilder.php(1616): CodeIgniter\Database\BaseConnection->query()
 3 SYSTEMPATH/Model.php(241): CodeIgniter\Database\BaseBuilder->get()
 4 SYSTEMPATH/BaseModel.php(618): CodeIgniter\Model->doFindAll()
 5 APPPATH/Controllers/Home.php(47): CodeIgniter\BaseModel->findAll()
 6 SYSTEMPATH/CodeIgniter.php(932): App\Controllers\Home->index()
 7 SYSTEMPATH/CodeIgniter.php(497): CodeIgniter\CodeIgniter->runController()
 8 SYSTEMPATH/CodeIgniter.php(366): CodeIgniter\CodeIgniter->handleRequest()
 9 FCPATH/index.php(67): CodeIgniter\CodeIgniter->run()
ERROR - 2025-03-11 11:09:06 --> Error connecting to the database: mysqli_sql_exception: Access denied for user 'chakkima_qaswa'@'localhost' (using password: YES) in /home/k76t07qzzuog/public_html/system/Database/MySQLi/Connection.php:173
Stack trace:
#0 /home/k76t07qzzuog/public_html/system/Database/MySQLi/Connection.php(173): mysqli->real_connect()
#1 /home/k76t07qzzuog/public_html/system/Database/BaseConnection.php(391): CodeIgniter\Database\MySQLi\Connection->connect()
#2 /home/k76t07qzzuog/public_html/system/Database/BaseConnection.php(574): CodeIgniter\Database\BaseConnection->initialize()
#3 /home/k76t07qzzuog/public_html/system/Database/BaseBuilder.php(1616): CodeIgniter\Database\BaseConnection->query()
#4 /home/k76t07qzzuog/public_html/system/Model.php(241): CodeIgniter\Database\BaseBuilder->get()
#5 /home/k76t07qzzuog/public_html/system/BaseModel.php(618): CodeIgniter\Model->doFindAll()
#6 /home/k76t07qzzuog/public_html/app/Controllers/Home.php(47): CodeIgniter\BaseModel->findAll()
#7 /home/k76t07qzzuog/public_html/system/CodeIgniter.php(932): App\Controllers\Home->index()
#8 /home/k76t07qzzuog/public_html/system/CodeIgniter.php(497): CodeIgniter\CodeIgniter->runController()
#9 /home/k76t07qzzuog/public_html/system/CodeIgniter.php(366): CodeIgniter\CodeIgniter->handleRequest()
#10 /home/k76t07qzzuog/public_html/index.php(67): CodeIgniter\CodeIgniter->run()
#11 {main}

Next CodeIgniter\Database\Exceptions\DatabaseException: Access denied for user '****'@'localhost' (using password: YES) in /home/k76t07qzzuog/public_html/system/Database/MySQLi/Connection.php:218
Stack trace:
#0 /home/k76t07qzzuog/public_html/system/Database/BaseConnection.php(391): CodeIgniter\Database\MySQLi\Connection->connect()
#1 /home/k76t07qzzuog/public_html/system/Database/BaseConnection.php(574): CodeIgniter\Database\BaseConnection->initialize()
#2 /home/k76t07qzzuog/public_html/system/Database/BaseBuilder.php(1616): CodeIgniter\Database\BaseConnection->query()
#3 /home/k76t07qzzuog/public_html/system/Model.php(241): CodeIgniter\Database\BaseBuilder->get()
#4 /home/k76t07qzzuog/public_html/system/BaseModel.php(618): CodeIgniter\Model->doFindAll()
#5 /home/k76t07qzzuog/public_html/app/Controllers/Home.php(47): CodeIgniter\BaseModel->findAll()
#6 /home/k76t07qzzuog/public_html/system/CodeIgniter.php(932): App\Controllers\Home->index()
#7 /home/k76t07qzzuog/public_html/system/CodeIgniter.php(497): CodeIgniter\CodeIgniter->runController()
#8 /home/k76t07qzzuog/public_html/system/CodeIgniter.php(366): CodeIgniter\CodeIgniter->handleRequest()
#9 /home/k76t07qzzuog/public_html/index.php(67): CodeIgniter\CodeIgniter->run()
#10 {main}
CRITICAL - 2025-03-11 11:09:06 --> Unable to connect to the database.
Main connection [MySQLi]: Access denied for user '****'@'localhost' (using password: YES)
in SYSTEMPATH/Database/BaseConnection.php on line 427.
 1 SYSTEMPATH/Database/BaseConnection.php(574): CodeIgniter\Database\BaseConnection->initialize()
 2 SYSTEMPATH/Database/BaseBuilder.php(1616): CodeIgniter\Database\BaseConnection->query()
 3 SYSTEMPATH/Model.php(241): CodeIgniter\Database\BaseBuilder->get()
 4 SYSTEMPATH/BaseModel.php(618): CodeIgniter\Model->doFindAll()
 5 APPPATH/Controllers/Home.php(47): CodeIgniter\BaseModel->findAll()
 6 SYSTEMPATH/CodeIgniter.php(932): App\Controllers\Home->index()
 7 SYSTEMPATH/CodeIgniter.php(497): CodeIgniter\CodeIgniter->runController()
 8 SYSTEMPATH/CodeIgniter.php(366): CodeIgniter\CodeIgniter->handleRequest()
 9 FCPATH/index.php(67): CodeIgniter\CodeIgniter->run()
ERROR - 2025-03-11 11:18:45 --> Email sending failed: SMTP Error: Could not connect to SMTP host. Failed to connect to serverSMTP server error: Failed to connect to server
CRITICAL - 2025-03-11 12:15:28 --> The action you requested is not allowed.
in SYSTEMPATH/Security/Security.php on line 306.
 1 SYSTEMPATH/Security/Security.php(306): CodeIgniter\Security\Exceptions\SecurityException::forDisallowedAction()
 2 SYSTEMPATH/Filters/CSRF.php(55): CodeIgniter\Security\Security->verify()
 3 APPPATH/Filters/CustomCSRF.php(24): CodeIgniter\Filters\CSRF->before()
 4 SYSTEMPATH/Filters/Filters.php(173): App\Filters\CustomCSRF->before()
 5 SYSTEMPATH/CodeIgniter.php(471): CodeIgniter\Filters\Filters->run()
 6 SYSTEMPATH/CodeIgniter.php(366): CodeIgniter\CodeIgniter->handleRequest()
 7 FCPATH/index.php(67): CodeIgniter\CodeIgniter->run()
CRITICAL - 2025-03-11 12:15:33 --> The action you requested is not allowed.
in SYSTEMPATH/Security/Security.php on line 306.
 1 SYSTEMPATH/Security/Security.php(306): CodeIgniter\Security\Exceptions\SecurityException::forDisallowedAction()
 2 SYSTEMPATH/Filters/CSRF.php(55): CodeIgniter\Security\Security->verify()
 3 APPPATH/Filters/CustomCSRF.php(24): CodeIgniter\Filters\CSRF->before()
 4 SYSTEMPATH/Filters/Filters.php(173): App\Filters\CustomCSRF->before()
 5 SYSTEMPATH/CodeIgniter.php(471): CodeIgniter\Filters\Filters->run()
 6 SYSTEMPATH/CodeIgniter.php(366): CodeIgniter\CodeIgniter->handleRequest()
 7 FCPATH/index.php(67): CodeIgniter\CodeIgniter->run()
CRITICAL - 2025-03-11 12:15:39 --> The action you requested is not allowed.
in SYSTEMPATH/Security/Security.php on line 306.
 1 SYSTEMPATH/Security/Security.php(306): CodeIgniter\Security\Exceptions\SecurityException::forDisallowedAction()
 2 SYSTEMPATH/Filters/CSRF.php(55): CodeIgniter\Security\Security->verify()
 3 APPPATH/Filters/CustomCSRF.php(24): CodeIgniter\Filters\CSRF->before()
 4 SYSTEMPATH/Filters/Filters.php(173): App\Filters\CustomCSRF->before()
 5 SYSTEMPATH/CodeIgniter.php(471): CodeIgniter\Filters\Filters->run()
 6 SYSTEMPATH/CodeIgniter.php(366): CodeIgniter\CodeIgniter->handleRequest()
 7 FCPATH/index.php(67): CodeIgniter\CodeIgniter->run()
ERROR - 2025-03-11 12:49:35 --> mysqli_sql_exception: You have an error in your SQL syntax; check the manual that corresponds to your MariaDB server version for the right syntax to use near ')' at line 3 in /home/k76t07qzzuog/public_html/system/Database/MySQLi/Connection.php:295
Stack trace:
#0 /home/k76t07qzzuog/public_html/system/Database/MySQLi/Connection.php(295): mysqli->query()
#1 /home/k76t07qzzuog/public_html/system/Database/BaseConnection.php(692): CodeIgniter\Database\MySQLi\Connection->execute()
#2 /home/k76t07qzzuog/public_html/system/Database/BaseConnection.php(606): CodeIgniter\Database\BaseConnection->simpleQuery()
#3 /home/k76t07qzzuog/public_html/system/Database/BaseBuilder.php(1616): CodeIgniter\Database\BaseConnection->query()
#4 /home/k76t07qzzuog/public_html/system/Model.php(241): CodeIgniter\Database\BaseBuilder->get()
#5 /home/k76t07qzzuog/public_html/system/BaseModel.php(618): CodeIgniter\Model->doFindAll()
#6 /home/k76t07qzzuog/public_html/app/Controllers/Home.php(382): CodeIgniter\BaseModel->findAll()
#7 /home/k76t07qzzuog/public_html/system/CodeIgniter.php(932): App\Controllers\Home->Checkout()
#8 /home/k76t07qzzuog/public_html/system/CodeIgniter.php(497): CodeIgniter\CodeIgniter->runController()
#9 /home/k76t07qzzuog/public_html/system/CodeIgniter.php(366): CodeIgniter\CodeIgniter->handleRequest()
#10 /home/k76t07qzzuog/public_html/index.php(67): CodeIgniter\CodeIgniter->run()
#11 {main}
CRITICAL - 2025-03-11 12:49:35 --> You have an error in your SQL syntax; check the manual that corresponds to your MariaDB server version for the right syntax to use near ')' at line 3
in SYSTEMPATH/Database/MySQLi/Connection.php on line 295.
 1 SYSTEMPATH/Database/MySQLi/Connection.php(295): mysqli->query()
 2 SYSTEMPATH/Database/BaseConnection.php(692): CodeIgniter\Database\MySQLi\Connection->execute()
 3 SYSTEMPATH/Database/BaseConnection.php(606): CodeIgniter\Database\BaseConnection->simpleQuery()
 4 SYSTEMPATH/Database/BaseBuilder.php(1616): CodeIgniter\Database\BaseConnection->query()
 5 SYSTEMPATH/Model.php(241): CodeIgniter\Database\BaseBuilder->get()
 6 SYSTEMPATH/BaseModel.php(618): CodeIgniter\Model->doFindAll()
 7 APPPATH/Controllers/Home.php(382): CodeIgniter\BaseModel->findAll()
 8 SYSTEMPATH/CodeIgniter.php(932): App\Controllers\Home->Checkout()
 9 SYSTEMPATH/CodeIgniter.php(497): CodeIgniter\CodeIgniter->runController()
10 SYSTEMPATH/CodeIgniter.php(366): CodeIgniter\CodeIgniter->handleRequest()
11 FCPATH/index.php(67): CodeIgniter\CodeIgniter->run()
