CRITICAL - 2025-04-05 00:35:10 --> Trying to access array offset on null
in APPPATH/Controllers/Home.php on line 348.
 1 APPPATH/Controllers/Home.php(348): CodeIgniter\Debug\Exceptions->errorHandler()
 2 SYSTEMPATH/CodeIgniter.php(932): App\Controllers\Home->modelServices()
 3 SYSTEMPATH/CodeIgniter.php(497): CodeIgniter\CodeIgniter->runController()
 4 SYSTEMPATH/CodeIgniter.php(366): CodeIgniter\CodeIgniter->handleRequest()
 5 FCPATH/index.php(67): CodeIgniter\CodeIgniter->run()
CRITICAL - 2025-04-05 01:18:49 --> Trying to access array offset on null
in APPPATH/Controllers/Home.php on line 348.
 1 APPPATH/Controllers/Home.php(348): CodeIgniter\Debug\Exceptions->errorHandler()
 2 SYSTEMPATH/CodeIgniter.php(932): App\Controllers\Home->modelServices()
 3 SYSTEMPATH/CodeIgniter.php(497): CodeIgniter\CodeIgniter->runController()
 4 SYSTEMPATH/CodeIgniter.php(366): CodeIgniter\CodeIgniter->handleRequest()
 5 FCPATH/index.php(67): CodeIgniter\CodeIgniter->run()
CRITICAL - 2025-04-05 01:32:09 --> Trying to access array offset on null
in APPPATH/Controllers/Home.php on line 348.
 1 APPPATH/Controllers/Home.php(348): CodeIgniter\Debug\Exceptions->errorHandler()
 2 SYSTEMPATH/CodeIgniter.php(932): App\Controllers\Home->modelServices()
 3 SYSTEMPATH/CodeIgniter.php(497): CodeIgniter\CodeIgniter->runController()
 4 SYSTEMPATH/CodeIgniter.php(366): CodeIgniter\CodeIgniter->handleRequest()
 5 FCPATH/index.php(67): CodeIgniter\CodeIgniter->run()
ERROR - 2025-04-05 01:46:19 --> mysqli_sql_exception: Column 'email' cannot be null in /home/k76t07qzzuog/public_html/system/Database/MySQLi/Connection.php:295
Stack trace:
#0 /home/k76t07qzzuog/public_html/system/Database/MySQLi/Connection.php(295): mysqli->query()
#1 /home/k76t07qzzuog/public_html/system/Database/BaseConnection.php(692): CodeIgniter\Database\MySQLi\Connection->execute()
#2 /home/k76t07qzzuog/public_html/system/Database/BaseConnection.php(606): CodeIgniter\Database\BaseConnection->simpleQuery()
#3 /home/k76t07qzzuog/public_html/system/Database/BaseBuilder.php(2309): CodeIgniter\Database\BaseConnection->query()
#4 /home/k76t07qzzuog/public_html/system/Model.php(330): CodeIgniter\Database\BaseBuilder->insert()
#5 /home/k76t07qzzuog/public_html/system/BaseModel.php(782): CodeIgniter\Model->doInsert()
#6 /home/k76t07qzzuog/public_html/system/Model.php(730): CodeIgniter\BaseModel->insert()
#7 /home/k76t07qzzuog/public_html/app/Controllers/Home.php(89): CodeIgniter\Model->insert()
#8 /home/k76t07qzzuog/public_html/system/CodeIgniter.php(932): App\Controllers\Home->userLogin()
#9 /home/k76t07qzzuog/public_html/system/CodeIgniter.php(497): CodeIgniter\CodeIgniter->runController()
#10 /home/k76t07qzzuog/public_html/system/CodeIgniter.php(366): CodeIgniter\CodeIgniter->handleRequest()
#11 /home/k76t07qzzuog/public_html/index.php(67): CodeIgniter\CodeIgniter->run()
#12 {main}
CRITICAL - 2025-04-05 01:46:19 --> Column 'email' cannot be null
in SYSTEMPATH/Database/MySQLi/Connection.php on line 295.
 1 SYSTEMPATH/Database/MySQLi/Connection.php(295): mysqli->query()
 2 SYSTEMPATH/Database/BaseConnection.php(692): CodeIgniter\Database\MySQLi\Connection->execute()
 3 SYSTEMPATH/Database/BaseConnection.php(606): CodeIgniter\Database\BaseConnection->simpleQuery()
 4 SYSTEMPATH/Database/BaseBuilder.php(2309): CodeIgniter\Database\BaseConnection->query()
 5 SYSTEMPATH/Model.php(330): CodeIgniter\Database\BaseBuilder->insert()
 6 SYSTEMPATH/BaseModel.php(782): CodeIgniter\Model->doInsert()
 7 SYSTEMPATH/Model.php(730): CodeIgniter\BaseModel->insert()
 8 APPPATH/Controllers/Home.php(89): CodeIgniter\Model->insert()
 9 SYSTEMPATH/CodeIgniter.php(932): App\Controllers\Home->userLogin()
10 SYSTEMPATH/CodeIgniter.php(497): CodeIgniter\CodeIgniter->runController()
11 SYSTEMPATH/CodeIgniter.php(366): CodeIgniter\CodeIgniter->handleRequest()
12 FCPATH/index.php(67): CodeIgniter\CodeIgniter->run()
CRITICAL - 2025-04-05 02:02:28 --> Trying to access array offset on null
in APPPATH/Controllers/Home.php on line 348.
 1 APPPATH/Controllers/Home.php(348): CodeIgniter\Debug\Exceptions->errorHandler()
 2 SYSTEMPATH/CodeIgniter.php(932): App\Controllers\Home->modelServices()
 3 SYSTEMPATH/CodeIgniter.php(497): CodeIgniter\CodeIgniter->runController()
 4 SYSTEMPATH/CodeIgniter.php(366): CodeIgniter\CodeIgniter->handleRequest()
 5 FCPATH/index.php(67): CodeIgniter\CodeIgniter->run()
CRITICAL - 2025-04-05 02:04:23 --> Trying to access array offset on null
in APPPATH/Controllers/Home.php on line 348.
 1 APPPATH/Controllers/Home.php(348): CodeIgniter\Debug\Exceptions->errorHandler()
 2 SYSTEMPATH/CodeIgniter.php(932): App\Controllers\Home->modelServices()
 3 SYSTEMPATH/CodeIgniter.php(497): CodeIgniter\CodeIgniter->runController()
 4 SYSTEMPATH/CodeIgniter.php(366): CodeIgniter\CodeIgniter->handleRequest()
 5 FCPATH/index.php(67): CodeIgniter\CodeIgniter->run()
CRITICAL - 2025-04-05 02:14:11 --> Trying to access array offset on null
in APPPATH/Controllers/Home.php on line 348.
 1 APPPATH/Controllers/Home.php(348): CodeIgniter\Debug\Exceptions->errorHandler()
 2 SYSTEMPATH/CodeIgniter.php(932): App\Controllers\Home->modelServices()
 3 SYSTEMPATH/CodeIgniter.php(497): CodeIgniter\CodeIgniter->runController()
 4 SYSTEMPATH/CodeIgniter.php(366): CodeIgniter\CodeIgniter->handleRequest()
 5 FCPATH/index.php(67): CodeIgniter\CodeIgniter->run()
CRITICAL - 2025-04-05 02:47:06 --> Trying to access array offset on null
in APPPATH/Controllers/Home.php on line 348.
 1 APPPATH/Controllers/Home.php(348): CodeIgniter\Debug\Exceptions->errorHandler()
 2 SYSTEMPATH/CodeIgniter.php(932): App\Controllers\Home->modelServices()
 3 SYSTEMPATH/CodeIgniter.php(497): CodeIgniter\CodeIgniter->runController()
 4 SYSTEMPATH/CodeIgniter.php(366): CodeIgniter\CodeIgniter->handleRequest()
 5 FCPATH/index.php(67): CodeIgniter\CodeIgniter->run()
CRITICAL - 2025-04-05 04:15:32 --> Trying to access array offset on null
in APPPATH/Controllers/Home.php on line 348.
 1 APPPATH/Controllers/Home.php(348): CodeIgniter\Debug\Exceptions->errorHandler()
 2 SYSTEMPATH/CodeIgniter.php(932): App\Controllers\Home->modelServices()
 3 SYSTEMPATH/CodeIgniter.php(497): CodeIgniter\CodeIgniter->runController()
 4 SYSTEMPATH/CodeIgniter.php(366): CodeIgniter\CodeIgniter->handleRequest()
 5 FCPATH/index.php(67): CodeIgniter\CodeIgniter->run()
ERROR - 2025-04-05 04:40:32 --> mysqli_sql_exception: Column 'email' cannot be null in /home/k76t07qzzuog/public_html/system/Database/MySQLi/Connection.php:295
Stack trace:
#0 /home/k76t07qzzuog/public_html/system/Database/MySQLi/Connection.php(295): mysqli->query()
#1 /home/k76t07qzzuog/public_html/system/Database/BaseConnection.php(692): CodeIgniter\Database\MySQLi\Connection->execute()
#2 /home/k76t07qzzuog/public_html/system/Database/BaseConnection.php(606): CodeIgniter\Database\BaseConnection->simpleQuery()
#3 /home/k76t07qzzuog/public_html/system/Database/BaseBuilder.php(2309): CodeIgniter\Database\BaseConnection->query()
#4 /home/k76t07qzzuog/public_html/system/Model.php(330): CodeIgniter\Database\BaseBuilder->insert()
#5 /home/k76t07qzzuog/public_html/system/BaseModel.php(782): CodeIgniter\Model->doInsert()
#6 /home/k76t07qzzuog/public_html/system/Model.php(730): CodeIgniter\BaseModel->insert()
#7 /home/k76t07qzzuog/public_html/app/Controllers/Home.php(89): CodeIgniter\Model->insert()
#8 /home/k76t07qzzuog/public_html/system/CodeIgniter.php(932): App\Controllers\Home->userLogin()
#9 /home/k76t07qzzuog/public_html/system/CodeIgniter.php(497): CodeIgniter\CodeIgniter->runController()
#10 /home/k76t07qzzuog/public_html/system/CodeIgniter.php(366): CodeIgniter\CodeIgniter->handleRequest()
#11 /home/k76t07qzzuog/public_html/index.php(67): CodeIgniter\CodeIgniter->run()
#12 {main}
CRITICAL - 2025-04-05 04:40:32 --> Column 'email' cannot be null
in SYSTEMPATH/Database/MySQLi/Connection.php on line 295.
 1 SYSTEMPATH/Database/MySQLi/Connection.php(295): mysqli->query()
 2 SYSTEMPATH/Database/BaseConnection.php(692): CodeIgniter\Database\MySQLi\Connection->execute()
 3 SYSTEMPATH/Database/BaseConnection.php(606): CodeIgniter\Database\BaseConnection->simpleQuery()
 4 SYSTEMPATH/Database/BaseBuilder.php(2309): CodeIgniter\Database\BaseConnection->query()
 5 SYSTEMPATH/Model.php(330): CodeIgniter\Database\BaseBuilder->insert()
 6 SYSTEMPATH/BaseModel.php(782): CodeIgniter\Model->doInsert()
 7 SYSTEMPATH/Model.php(730): CodeIgniter\BaseModel->insert()
 8 APPPATH/Controllers/Home.php(89): CodeIgniter\Model->insert()
 9 SYSTEMPATH/CodeIgniter.php(932): App\Controllers\Home->userLogin()
10 SYSTEMPATH/CodeIgniter.php(497): CodeIgniter\CodeIgniter->runController()
11 SYSTEMPATH/CodeIgniter.php(366): CodeIgniter\CodeIgniter->handleRequest()
12 FCPATH/index.php(67): CodeIgniter\CodeIgniter->run()
CRITICAL - 2025-04-05 05:12:44 --> Trying to access array offset on null
in APPPATH/Controllers/Home.php on line 348.
 1 APPPATH/Controllers/Home.php(348): CodeIgniter\Debug\Exceptions->errorHandler()
 2 SYSTEMPATH/CodeIgniter.php(932): App\Controllers\Home->modelServices()
 3 SYSTEMPATH/CodeIgniter.php(497): CodeIgniter\CodeIgniter->runController()
 4 SYSTEMPATH/CodeIgniter.php(366): CodeIgniter\CodeIgniter->handleRequest()
 5 FCPATH/index.php(67): CodeIgniter\CodeIgniter->run()
CRITICAL - 2025-04-05 05:52:11 --> Trying to access array offset on null
in APPPATH/Controllers/Home.php on line 348.
 1 APPPATH/Controllers/Home.php(348): CodeIgniter\Debug\Exceptions->errorHandler()
 2 SYSTEMPATH/CodeIgniter.php(932): App\Controllers\Home->modelServices()
 3 SYSTEMPATH/CodeIgniter.php(497): CodeIgniter\CodeIgniter->runController()
 4 SYSTEMPATH/CodeIgniter.php(366): CodeIgniter\CodeIgniter->handleRequest()
 5 FCPATH/index.php(67): CodeIgniter\CodeIgniter->run()
CRITICAL - 2025-04-05 06:41:59 --> Trying to access array offset on null
in APPPATH/Controllers/Home.php on line 348.
 1 APPPATH/Controllers/Home.php(348): CodeIgniter\Debug\Exceptions->errorHandler()
 2 SYSTEMPATH/CodeIgniter.php(932): App\Controllers\Home->modelServices()
 3 SYSTEMPATH/CodeIgniter.php(497): CodeIgniter\CodeIgniter->runController()
 4 SYSTEMPATH/CodeIgniter.php(366): CodeIgniter\CodeIgniter->handleRequest()
 5 FCPATH/index.php(67): CodeIgniter\CodeIgniter->run()
CRITICAL - 2025-04-05 07:16:07 --> Trying to access array offset on null
in APPPATH/Controllers/Home.php on line 348.
 1 APPPATH/Controllers/Home.php(348): CodeIgniter\Debug\Exceptions->errorHandler()
 2 SYSTEMPATH/CodeIgniter.php(932): App\Controllers\Home->modelServices()
 3 SYSTEMPATH/CodeIgniter.php(497): CodeIgniter\CodeIgniter->runController()
 4 SYSTEMPATH/CodeIgniter.php(366): CodeIgniter\CodeIgniter->handleRequest()
 5 FCPATH/index.php(67): CodeIgniter\CodeIgniter->run()
CRITICAL - 2025-04-05 08:16:20 --> Trying to access array offset on null
in APPPATH/Controllers/Home.php on line 348.
 1 APPPATH/Controllers/Home.php(348): CodeIgniter\Debug\Exceptions->errorHandler()
 2 SYSTEMPATH/CodeIgniter.php(932): App\Controllers\Home->modelServices()
 3 SYSTEMPATH/CodeIgniter.php(497): CodeIgniter\CodeIgniter->runController()
 4 SYSTEMPATH/CodeIgniter.php(366): CodeIgniter\CodeIgniter->handleRequest()
 5 FCPATH/index.php(67): CodeIgniter\CodeIgniter->run()
CRITICAL - 2025-04-05 08:30:22 --> Trying to access array offset on null
in APPPATH/Controllers/Home.php on line 348.
 1 APPPATH/Controllers/Home.php(348): CodeIgniter\Debug\Exceptions->errorHandler()
 2 SYSTEMPATH/CodeIgniter.php(932): App\Controllers\Home->modelServices()
 3 SYSTEMPATH/CodeIgniter.php(497): CodeIgniter\CodeIgniter->runController()
 4 SYSTEMPATH/CodeIgniter.php(366): CodeIgniter\CodeIgniter->handleRequest()
 5 FCPATH/index.php(67): CodeIgniter\CodeIgniter->run()
CRITICAL - 2025-04-05 08:31:00 --> Trying to access array offset on null
in APPPATH/Controllers/Home.php on line 348.
 1 APPPATH/Controllers/Home.php(348): CodeIgniter\Debug\Exceptions->errorHandler()
 2 SYSTEMPATH/CodeIgniter.php(932): App\Controllers\Home->modelServices()
 3 SYSTEMPATH/CodeIgniter.php(497): CodeIgniter\CodeIgniter->runController()
 4 SYSTEMPATH/CodeIgniter.php(366): CodeIgniter\CodeIgniter->handleRequest()
 5 FCPATH/index.php(67): CodeIgniter\CodeIgniter->run()
CRITICAL - 2025-04-05 08:33:54 --> Trying to access array offset on null
in APPPATH/Controllers/Home.php on line 348.
 1 APPPATH/Controllers/Home.php(348): CodeIgniter\Debug\Exceptions->errorHandler()
 2 SYSTEMPATH/CodeIgniter.php(932): App\Controllers\Home->modelServices()
 3 SYSTEMPATH/CodeIgniter.php(497): CodeIgniter\CodeIgniter->runController()
 4 SYSTEMPATH/CodeIgniter.php(366): CodeIgniter\CodeIgniter->handleRequest()
 5 FCPATH/index.php(67): CodeIgniter\CodeIgniter->run()
CRITICAL - 2025-04-05 08:36:35 --> Trying to access array offset on null
in APPPATH/Controllers/Home.php on line 348.
 1 APPPATH/Controllers/Home.php(348): CodeIgniter\Debug\Exceptions->errorHandler()
 2 SYSTEMPATH/CodeIgniter.php(932): App\Controllers\Home->modelServices()
 3 SYSTEMPATH/CodeIgniter.php(497): CodeIgniter\CodeIgniter->runController()
 4 SYSTEMPATH/CodeIgniter.php(366): CodeIgniter\CodeIgniter->handleRequest()
 5 FCPATH/index.php(67): CodeIgniter\CodeIgniter->run()
CRITICAL - 2025-04-05 08:38:46 --> Trying to access array offset on null
in APPPATH/Controllers/Home.php on line 348.
 1 APPPATH/Controllers/Home.php(348): CodeIgniter\Debug\Exceptions->errorHandler()
 2 SYSTEMPATH/CodeIgniter.php(932): App\Controllers\Home->modelServices()
 3 SYSTEMPATH/CodeIgniter.php(497): CodeIgniter\CodeIgniter->runController()
 4 SYSTEMPATH/CodeIgniter.php(366): CodeIgniter\CodeIgniter->handleRequest()
 5 FCPATH/index.php(67): CodeIgniter\CodeIgniter->run()
CRITICAL - 2025-04-05 08:41:35 --> Trying to access array offset on null
in APPPATH/Controllers/Home.php on line 348.
 1 APPPATH/Controllers/Home.php(348): CodeIgniter\Debug\Exceptions->errorHandler()
 2 SYSTEMPATH/CodeIgniter.php(932): App\Controllers\Home->modelServices()
 3 SYSTEMPATH/CodeIgniter.php(497): CodeIgniter\CodeIgniter->runController()
 4 SYSTEMPATH/CodeIgniter.php(366): CodeIgniter\CodeIgniter->handleRequest()
 5 FCPATH/index.php(67): CodeIgniter\CodeIgniter->run()
CRITICAL - 2025-04-05 08:41:39 --> Trying to access array offset on null
in APPPATH/Controllers/Home.php on line 348.
 1 APPPATH/Controllers/Home.php(348): CodeIgniter\Debug\Exceptions->errorHandler()
 2 SYSTEMPATH/CodeIgniter.php(932): App\Controllers\Home->modelServices()
 3 SYSTEMPATH/CodeIgniter.php(497): CodeIgniter\CodeIgniter->runController()
 4 SYSTEMPATH/CodeIgniter.php(366): CodeIgniter\CodeIgniter->handleRequest()
 5 FCPATH/index.php(67): CodeIgniter\CodeIgniter->run()
CRITICAL - 2025-04-05 08:51:26 --> Trying to access array offset on null
in APPPATH/Controllers/Home.php on line 348.
 1 APPPATH/Controllers/Home.php(348): CodeIgniter\Debug\Exceptions->errorHandler()
 2 SYSTEMPATH/CodeIgniter.php(932): App\Controllers\Home->modelServices()
 3 SYSTEMPATH/CodeIgniter.php(497): CodeIgniter\CodeIgniter->runController()
 4 SYSTEMPATH/CodeIgniter.php(366): CodeIgniter\CodeIgniter->handleRequest()
 5 FCPATH/index.php(67): CodeIgniter\CodeIgniter->run()
ERROR - 2025-04-05 09:37:38 --> mysqli_sql_exception: Column 'email' cannot be null in /home/k76t07qzzuog/public_html/system/Database/MySQLi/Connection.php:295
Stack trace:
#0 /home/k76t07qzzuog/public_html/system/Database/MySQLi/Connection.php(295): mysqli->query()
#1 /home/k76t07qzzuog/public_html/system/Database/BaseConnection.php(692): CodeIgniter\Database\MySQLi\Connection->execute()
#2 /home/k76t07qzzuog/public_html/system/Database/BaseConnection.php(606): CodeIgniter\Database\BaseConnection->simpleQuery()
#3 /home/k76t07qzzuog/public_html/system/Database/BaseBuilder.php(2309): CodeIgniter\Database\BaseConnection->query()
#4 /home/k76t07qzzuog/public_html/system/Model.php(330): CodeIgniter\Database\BaseBuilder->insert()
#5 /home/k76t07qzzuog/public_html/system/BaseModel.php(782): CodeIgniter\Model->doInsert()
#6 /home/k76t07qzzuog/public_html/system/Model.php(730): CodeIgniter\BaseModel->insert()
#7 /home/k76t07qzzuog/public_html/app/Controllers/Home.php(89): CodeIgniter\Model->insert()
#8 /home/k76t07qzzuog/public_html/system/CodeIgniter.php(932): App\Controllers\Home->userLogin()
#9 /home/k76t07qzzuog/public_html/system/CodeIgniter.php(497): CodeIgniter\CodeIgniter->runController()
#10 /home/k76t07qzzuog/public_html/system/CodeIgniter.php(366): CodeIgniter\CodeIgniter->handleRequest()
#11 /home/k76t07qzzuog/public_html/index.php(67): CodeIgniter\CodeIgniter->run()
#12 {main}
CRITICAL - 2025-04-05 09:37:38 --> Column 'email' cannot be null
in SYSTEMPATH/Database/MySQLi/Connection.php on line 295.
 1 SYSTEMPATH/Database/MySQLi/Connection.php(295): mysqli->query()
 2 SYSTEMPATH/Database/BaseConnection.php(692): CodeIgniter\Database\MySQLi\Connection->execute()
 3 SYSTEMPATH/Database/BaseConnection.php(606): CodeIgniter\Database\BaseConnection->simpleQuery()
 4 SYSTEMPATH/Database/BaseBuilder.php(2309): CodeIgniter\Database\BaseConnection->query()
 5 SYSTEMPATH/Model.php(330): CodeIgniter\Database\BaseBuilder->insert()
 6 SYSTEMPATH/BaseModel.php(782): CodeIgniter\Model->doInsert()
 7 SYSTEMPATH/Model.php(730): CodeIgniter\BaseModel->insert()
 8 APPPATH/Controllers/Home.php(89): CodeIgniter\Model->insert()
 9 SYSTEMPATH/CodeIgniter.php(932): App\Controllers\Home->userLogin()
10 SYSTEMPATH/CodeIgniter.php(497): CodeIgniter\CodeIgniter->runController()
11 SYSTEMPATH/CodeIgniter.php(366): CodeIgniter\CodeIgniter->handleRequest()
12 FCPATH/index.php(67): CodeIgniter\CodeIgniter->run()
CRITICAL - 2025-04-05 09:53:03 --> Trying to access array offset on null
in APPPATH/Controllers/Home.php on line 348.
 1 APPPATH/Controllers/Home.php(348): CodeIgniter\Debug\Exceptions->errorHandler()
 2 SYSTEMPATH/CodeIgniter.php(932): App\Controllers\Home->modelServices()
 3 SYSTEMPATH/CodeIgniter.php(497): CodeIgniter\CodeIgniter->runController()
 4 SYSTEMPATH/CodeIgniter.php(366): CodeIgniter\CodeIgniter->handleRequest()
 5 FCPATH/index.php(67): CodeIgniter\CodeIgniter->run()
CRITICAL - 2025-04-05 09:53:13 --> Trying to access array offset on null
in APPPATH/Controllers/Home.php on line 348.
 1 APPPATH/Controllers/Home.php(348): CodeIgniter\Debug\Exceptions->errorHandler()
 2 SYSTEMPATH/CodeIgniter.php(932): App\Controllers\Home->modelServices()
 3 SYSTEMPATH/CodeIgniter.php(497): CodeIgniter\CodeIgniter->runController()
 4 SYSTEMPATH/CodeIgniter.php(366): CodeIgniter\CodeIgniter->handleRequest()
 5 FCPATH/index.php(67): CodeIgniter\CodeIgniter->run()
CRITICAL - 2025-04-05 09:58:27 --> Trying to access array offset on null
in APPPATH/Controllers/Home.php on line 348.
 1 APPPATH/Controllers/Home.php(348): CodeIgniter\Debug\Exceptions->errorHandler()
 2 SYSTEMPATH/CodeIgniter.php(932): App\Controllers\Home->modelServices()
 3 SYSTEMPATH/CodeIgniter.php(497): CodeIgniter\CodeIgniter->runController()
 4 SYSTEMPATH/CodeIgniter.php(366): CodeIgniter\CodeIgniter->handleRequest()
 5 FCPATH/index.php(67): CodeIgniter\CodeIgniter->run()
CRITICAL - 2025-04-05 09:59:13 --> Trying to access array offset on null
in APPPATH/Controllers/Home.php on line 348.
 1 APPPATH/Controllers/Home.php(348): CodeIgniter\Debug\Exceptions->errorHandler()
 2 SYSTEMPATH/CodeIgniter.php(932): App\Controllers\Home->modelServices()
 3 SYSTEMPATH/CodeIgniter.php(497): CodeIgniter\CodeIgniter->runController()
 4 SYSTEMPATH/CodeIgniter.php(366): CodeIgniter\CodeIgniter->handleRequest()
 5 FCPATH/index.php(67): CodeIgniter\CodeIgniter->run()
ERROR - 2025-04-05 10:09:13 --> mysqli_sql_exception: Column 'email' cannot be null in /home/k76t07qzzuog/public_html/system/Database/MySQLi/Connection.php:295
Stack trace:
#0 /home/k76t07qzzuog/public_html/system/Database/MySQLi/Connection.php(295): mysqli->query()
#1 /home/k76t07qzzuog/public_html/system/Database/BaseConnection.php(692): CodeIgniter\Database\MySQLi\Connection->execute()
#2 /home/k76t07qzzuog/public_html/system/Database/BaseConnection.php(606): CodeIgniter\Database\BaseConnection->simpleQuery()
#3 /home/k76t07qzzuog/public_html/system/Database/BaseBuilder.php(2309): CodeIgniter\Database\BaseConnection->query()
#4 /home/k76t07qzzuog/public_html/system/Model.php(330): CodeIgniter\Database\BaseBuilder->insert()
#5 /home/k76t07qzzuog/public_html/system/BaseModel.php(782): CodeIgniter\Model->doInsert()
#6 /home/k76t07qzzuog/public_html/system/Model.php(730): CodeIgniter\BaseModel->insert()
#7 /home/k76t07qzzuog/public_html/app/Controllers/Home.php(89): CodeIgniter\Model->insert()
#8 /home/k76t07qzzuog/public_html/system/CodeIgniter.php(932): App\Controllers\Home->userLogin()
#9 /home/k76t07qzzuog/public_html/system/CodeIgniter.php(497): CodeIgniter\CodeIgniter->runController()
#10 /home/k76t07qzzuog/public_html/system/CodeIgniter.php(366): CodeIgniter\CodeIgniter->handleRequest()
#11 /home/k76t07qzzuog/public_html/index.php(67): CodeIgniter\CodeIgniter->run()
#12 {main}
CRITICAL - 2025-04-05 10:09:13 --> Column 'email' cannot be null
in SYSTEMPATH/Database/MySQLi/Connection.php on line 295.
 1 SYSTEMPATH/Database/MySQLi/Connection.php(295): mysqli->query()
 2 SYSTEMPATH/Database/BaseConnection.php(692): CodeIgniter\Database\MySQLi\Connection->execute()
 3 SYSTEMPATH/Database/BaseConnection.php(606): CodeIgniter\Database\BaseConnection->simpleQuery()
 4 SYSTEMPATH/Database/BaseBuilder.php(2309): CodeIgniter\Database\BaseConnection->query()
 5 SYSTEMPATH/Model.php(330): CodeIgniter\Database\BaseBuilder->insert()
 6 SYSTEMPATH/BaseModel.php(782): CodeIgniter\Model->doInsert()
 7 SYSTEMPATH/Model.php(730): CodeIgniter\BaseModel->insert()
 8 APPPATH/Controllers/Home.php(89): CodeIgniter\Model->insert()
 9 SYSTEMPATH/CodeIgniter.php(932): App\Controllers\Home->userLogin()
10 SYSTEMPATH/CodeIgniter.php(497): CodeIgniter\CodeIgniter->runController()
11 SYSTEMPATH/CodeIgniter.php(366): CodeIgniter\CodeIgniter->handleRequest()
12 FCPATH/index.php(67): CodeIgniter\CodeIgniter->run()
CRITICAL - 2025-04-05 10:15:17 --> Trying to access array offset on null
in APPPATH/Controllers/Home.php on line 348.
 1 APPPATH/Controllers/Home.php(348): CodeIgniter\Debug\Exceptions->errorHandler()
 2 SYSTEMPATH/CodeIgniter.php(932): App\Controllers\Home->modelServices()
 3 SYSTEMPATH/CodeIgniter.php(497): CodeIgniter\CodeIgniter->runController()
 4 SYSTEMPATH/CodeIgniter.php(366): CodeIgniter\CodeIgniter->handleRequest()
 5 FCPATH/index.php(67): CodeIgniter\CodeIgniter->run()
CRITICAL - 2025-04-05 10:38:23 --> Trying to access array offset on null
in APPPATH/Controllers/Home.php on line 348.
 1 APPPATH/Controllers/Home.php(348): CodeIgniter\Debug\Exceptions->errorHandler()
 2 SYSTEMPATH/CodeIgniter.php(932): App\Controllers\Home->modelServices()
 3 SYSTEMPATH/CodeIgniter.php(497): CodeIgniter\CodeIgniter->runController()
 4 SYSTEMPATH/CodeIgniter.php(366): CodeIgniter\CodeIgniter->handleRequest()
 5 FCPATH/index.php(67): CodeIgniter\CodeIgniter->run()
CRITICAL - 2025-04-05 10:38:33 --> Trying to access array offset on null
in APPPATH/Controllers/Home.php on line 348.
 1 APPPATH/Controllers/Home.php(348): CodeIgniter\Debug\Exceptions->errorHandler()
 2 SYSTEMPATH/CodeIgniter.php(932): App\Controllers\Home->modelServices()
 3 SYSTEMPATH/CodeIgniter.php(497): CodeIgniter\CodeIgniter->runController()
 4 SYSTEMPATH/CodeIgniter.php(366): CodeIgniter\CodeIgniter->handleRequest()
 5 FCPATH/index.php(67): CodeIgniter\CodeIgniter->run()
CRITICAL - 2025-04-05 11:00:34 --> Trying to access array offset on null
in APPPATH/Controllers/Home.php on line 348.
 1 APPPATH/Controllers/Home.php(348): CodeIgniter\Debug\Exceptions->errorHandler()
 2 SYSTEMPATH/CodeIgniter.php(932): App\Controllers\Home->modelServices()
 3 SYSTEMPATH/CodeIgniter.php(497): CodeIgniter\CodeIgniter->runController()
 4 SYSTEMPATH/CodeIgniter.php(366): CodeIgniter\CodeIgniter->handleRequest()
 5 FCPATH/index.php(67): CodeIgniter\CodeIgniter->run()
CRITICAL - 2025-04-05 11:10:16 --> Trying to access array offset on null
in APPPATH/Controllers/Home.php on line 348.
 1 APPPATH/Controllers/Home.php(348): CodeIgniter\Debug\Exceptions->errorHandler()
 2 SYSTEMPATH/CodeIgniter.php(932): App\Controllers\Home->modelServices()
 3 SYSTEMPATH/CodeIgniter.php(497): CodeIgniter\CodeIgniter->runController()
 4 SYSTEMPATH/CodeIgniter.php(366): CodeIgniter\CodeIgniter->handleRequest()
 5 FCPATH/index.php(67): CodeIgniter\CodeIgniter->run()
CRITICAL - 2025-04-05 11:24:10 --> Trying to access array offset on null
in APPPATH/Controllers/Home.php on line 348.
 1 APPPATH/Controllers/Home.php(348): CodeIgniter\Debug\Exceptions->errorHandler()
 2 SYSTEMPATH/CodeIgniter.php(932): App\Controllers\Home->modelServices()
 3 SYSTEMPATH/CodeIgniter.php(497): CodeIgniter\CodeIgniter->runController()
 4 SYSTEMPATH/CodeIgniter.php(366): CodeIgniter\CodeIgniter->handleRequest()
 5 FCPATH/index.php(67): CodeIgniter\CodeIgniter->run()
ERROR - 2025-04-05 11:26:44 --> mysqli_sql_exception: Column 'email' cannot be null in /home/k76t07qzzuog/public_html/system/Database/MySQLi/Connection.php:295
Stack trace:
#0 /home/k76t07qzzuog/public_html/system/Database/MySQLi/Connection.php(295): mysqli->query()
#1 /home/k76t07qzzuog/public_html/system/Database/BaseConnection.php(692): CodeIgniter\Database\MySQLi\Connection->execute()
#2 /home/k76t07qzzuog/public_html/system/Database/BaseConnection.php(606): CodeIgniter\Database\BaseConnection->simpleQuery()
#3 /home/k76t07qzzuog/public_html/system/Database/BaseBuilder.php(2309): CodeIgniter\Database\BaseConnection->query()
#4 /home/k76t07qzzuog/public_html/system/Model.php(330): CodeIgniter\Database\BaseBuilder->insert()
#5 /home/k76t07qzzuog/public_html/system/BaseModel.php(782): CodeIgniter\Model->doInsert()
#6 /home/k76t07qzzuog/public_html/system/Model.php(730): CodeIgniter\BaseModel->insert()
#7 /home/k76t07qzzuog/public_html/app/Controllers/Home.php(89): CodeIgniter\Model->insert()
#8 /home/k76t07qzzuog/public_html/system/CodeIgniter.php(932): App\Controllers\Home->userLogin()
#9 /home/k76t07qzzuog/public_html/system/CodeIgniter.php(497): CodeIgniter\CodeIgniter->runController()
#10 /home/k76t07qzzuog/public_html/system/CodeIgniter.php(366): CodeIgniter\CodeIgniter->handleRequest()
#11 /home/k76t07qzzuog/public_html/index.php(67): CodeIgniter\CodeIgniter->run()
#12 {main}
CRITICAL - 2025-04-05 11:26:44 --> Column 'email' cannot be null
in SYSTEMPATH/Database/MySQLi/Connection.php on line 295.
 1 SYSTEMPATH/Database/MySQLi/Connection.php(295): mysqli->query()
 2 SYSTEMPATH/Database/BaseConnection.php(692): CodeIgniter\Database\MySQLi\Connection->execute()
 3 SYSTEMPATH/Database/BaseConnection.php(606): CodeIgniter\Database\BaseConnection->simpleQuery()
 4 SYSTEMPATH/Database/BaseBuilder.php(2309): CodeIgniter\Database\BaseConnection->query()
 5 SYSTEMPATH/Model.php(330): CodeIgniter\Database\BaseBuilder->insert()
 6 SYSTEMPATH/BaseModel.php(782): CodeIgniter\Model->doInsert()
 7 SYSTEMPATH/Model.php(730): CodeIgniter\BaseModel->insert()
 8 APPPATH/Controllers/Home.php(89): CodeIgniter\Model->insert()
 9 SYSTEMPATH/CodeIgniter.php(932): App\Controllers\Home->userLogin()
10 SYSTEMPATH/CodeIgniter.php(497): CodeIgniter\CodeIgniter->runController()
11 SYSTEMPATH/CodeIgniter.php(366): CodeIgniter\CodeIgniter->handleRequest()
12 FCPATH/index.php(67): CodeIgniter\CodeIgniter->run()
CRITICAL - 2025-04-05 11:45:52 --> Trying to access array offset on null
in APPPATH/Controllers/Home.php on line 348.
 1 APPPATH/Controllers/Home.php(348): CodeIgniter\Debug\Exceptions->errorHandler()
 2 SYSTEMPATH/CodeIgniter.php(932): App\Controllers\Home->modelServices()
 3 SYSTEMPATH/CodeIgniter.php(497): CodeIgniter\CodeIgniter->runController()
 4 SYSTEMPATH/CodeIgniter.php(366): CodeIgniter\CodeIgniter->handleRequest()
 5 FCPATH/index.php(67): CodeIgniter\CodeIgniter->run()
CRITICAL - 2025-04-05 11:47:11 --> Trying to access array offset on null
in APPPATH/Controllers/Home.php on line 348.
 1 APPPATH/Controllers/Home.php(348): CodeIgniter\Debug\Exceptions->errorHandler()
 2 SYSTEMPATH/CodeIgniter.php(932): App\Controllers\Home->modelServices()
 3 SYSTEMPATH/CodeIgniter.php(497): CodeIgniter\CodeIgniter->runController()
 4 SYSTEMPATH/CodeIgniter.php(366): CodeIgniter\CodeIgniter->handleRequest()
 5 FCPATH/index.php(67): CodeIgniter\CodeIgniter->run()
CRITICAL - 2025-04-05 11:47:55 --> Trying to access array offset on null
in APPPATH/Controllers/Home.php on line 348.
 1 APPPATH/Controllers/Home.php(348): CodeIgniter\Debug\Exceptions->errorHandler()
 2 SYSTEMPATH/CodeIgniter.php(932): App\Controllers\Home->modelServices()
 3 SYSTEMPATH/CodeIgniter.php(497): CodeIgniter\CodeIgniter->runController()
 4 SYSTEMPATH/CodeIgniter.php(366): CodeIgniter\CodeIgniter->handleRequest()
 5 FCPATH/index.php(67): CodeIgniter\CodeIgniter->run()
CRITICAL - 2025-04-05 11:48:04 --> Trying to access array offset on null
in APPPATH/Controllers/Home.php on line 348.
 1 APPPATH/Controllers/Home.php(348): CodeIgniter\Debug\Exceptions->errorHandler()
 2 SYSTEMPATH/CodeIgniter.php(932): App\Controllers\Home->modelServices()
 3 SYSTEMPATH/CodeIgniter.php(497): CodeIgniter\CodeIgniter->runController()
 4 SYSTEMPATH/CodeIgniter.php(366): CodeIgniter\CodeIgniter->handleRequest()
 5 FCPATH/index.php(67): CodeIgniter\CodeIgniter->run()
CRITICAL - 2025-04-05 11:50:13 --> Trying to access array offset on null
in APPPATH/Controllers/Home.php on line 348.
 1 APPPATH/Controllers/Home.php(348): CodeIgniter\Debug\Exceptions->errorHandler()
 2 SYSTEMPATH/CodeIgniter.php(932): App\Controllers\Home->modelServices()
 3 SYSTEMPATH/CodeIgniter.php(497): CodeIgniter\CodeIgniter->runController()
 4 SYSTEMPATH/CodeIgniter.php(366): CodeIgniter\CodeIgniter->handleRequest()
 5 FCPATH/index.php(67): CodeIgniter\CodeIgniter->run()
CRITICAL - 2025-04-05 11:51:16 --> Trying to access array offset on null
in APPPATH/Controllers/Home.php on line 348.
 1 APPPATH/Controllers/Home.php(348): CodeIgniter\Debug\Exceptions->errorHandler()
 2 SYSTEMPATH/CodeIgniter.php(932): App\Controllers\Home->modelServices()
 3 SYSTEMPATH/CodeIgniter.php(497): CodeIgniter\CodeIgniter->runController()
 4 SYSTEMPATH/CodeIgniter.php(366): CodeIgniter\CodeIgniter->handleRequest()
 5 FCPATH/index.php(67): CodeIgniter\CodeIgniter->run()
CRITICAL - 2025-04-05 11:52:14 --> Trying to access array offset on null
in APPPATH/Controllers/Home.php on line 348.
 1 APPPATH/Controllers/Home.php(348): CodeIgniter\Debug\Exceptions->errorHandler()
 2 SYSTEMPATH/CodeIgniter.php(932): App\Controllers\Home->modelServices()
 3 SYSTEMPATH/CodeIgniter.php(497): CodeIgniter\CodeIgniter->runController()
 4 SYSTEMPATH/CodeIgniter.php(366): CodeIgniter\CodeIgniter->handleRequest()
 5 FCPATH/index.php(67): CodeIgniter\CodeIgniter->run()
CRITICAL - 2025-04-05 11:53:58 --> Trying to access array offset on null
in APPPATH/Controllers/Home.php on line 348.
 1 APPPATH/Controllers/Home.php(348): CodeIgniter\Debug\Exceptions->errorHandler()
 2 SYSTEMPATH/CodeIgniter.php(932): App\Controllers\Home->modelServices()
 3 SYSTEMPATH/CodeIgniter.php(497): CodeIgniter\CodeIgniter->runController()
 4 SYSTEMPATH/CodeIgniter.php(366): CodeIgniter\CodeIgniter->handleRequest()
 5 FCPATH/index.php(67): CodeIgniter\CodeIgniter->run()
CRITICAL - 2025-04-05 11:54:14 --> Trying to access array offset on null
in APPPATH/Controllers/Home.php on line 348.
 1 APPPATH/Controllers/Home.php(348): CodeIgniter\Debug\Exceptions->errorHandler()
 2 SYSTEMPATH/CodeIgniter.php(932): App\Controllers\Home->modelServices()
 3 SYSTEMPATH/CodeIgniter.php(497): CodeIgniter\CodeIgniter->runController()
 4 SYSTEMPATH/CodeIgniter.php(366): CodeIgniter\CodeIgniter->handleRequest()
 5 FCPATH/index.php(67): CodeIgniter\CodeIgniter->run()
CRITICAL - 2025-04-05 11:57:30 --> Trying to access array offset on null
in APPPATH/Controllers/Home.php on line 348.
 1 APPPATH/Controllers/Home.php(348): CodeIgniter\Debug\Exceptions->errorHandler()
 2 SYSTEMPATH/CodeIgniter.php(932): App\Controllers\Home->modelServices()
 3 SYSTEMPATH/CodeIgniter.php(497): CodeIgniter\CodeIgniter->runController()
 4 SYSTEMPATH/CodeIgniter.php(366): CodeIgniter\CodeIgniter->handleRequest()
 5 FCPATH/index.php(67): CodeIgniter\CodeIgniter->run()
CRITICAL - 2025-04-05 12:10:57 --> Trying to access array offset on null
in APPPATH/Controllers/Home.php on line 348.
 1 APPPATH/Controllers/Home.php(348): CodeIgniter\Debug\Exceptions->errorHandler()
 2 SYSTEMPATH/CodeIgniter.php(932): App\Controllers\Home->modelServices()
 3 SYSTEMPATH/CodeIgniter.php(497): CodeIgniter\CodeIgniter->runController()
 4 SYSTEMPATH/CodeIgniter.php(366): CodeIgniter\CodeIgniter->handleRequest()
 5 FCPATH/index.php(67): CodeIgniter\CodeIgniter->run()
CRITICAL - 2025-04-05 12:12:39 --> Trying to access array offset on null
in APPPATH/Controllers/Home.php on line 348.
 1 APPPATH/Controllers/Home.php(348): CodeIgniter\Debug\Exceptions->errorHandler()
 2 SYSTEMPATH/CodeIgniter.php(932): App\Controllers\Home->modelServices()
 3 SYSTEMPATH/CodeIgniter.php(497): CodeIgniter\CodeIgniter->runController()
 4 SYSTEMPATH/CodeIgniter.php(366): CodeIgniter\CodeIgniter->handleRequest()
 5 FCPATH/index.php(67): CodeIgniter\CodeIgniter->run()
CRITICAL - 2025-04-05 12:12:49 --> Trying to access array offset on null
in APPPATH/Controllers/Home.php on line 348.
 1 APPPATH/Controllers/Home.php(348): CodeIgniter\Debug\Exceptions->errorHandler()
 2 SYSTEMPATH/CodeIgniter.php(932): App\Controllers\Home->modelServices()
 3 SYSTEMPATH/CodeIgniter.php(497): CodeIgniter\CodeIgniter->runController()
 4 SYSTEMPATH/CodeIgniter.php(366): CodeIgniter\CodeIgniter->handleRequest()
 5 FCPATH/index.php(67): CodeIgniter\CodeIgniter->run()
CRITICAL - 2025-04-05 13:20:07 --> Trying to access array offset on null
in APPPATH/Controllers/Home.php on line 348.
 1 APPPATH/Controllers/Home.php(348): CodeIgniter\Debug\Exceptions->errorHandler()
 2 SYSTEMPATH/CodeIgniter.php(932): App\Controllers\Home->modelServices()
 3 SYSTEMPATH/CodeIgniter.php(497): CodeIgniter\CodeIgniter->runController()
 4 SYSTEMPATH/CodeIgniter.php(366): CodeIgniter\CodeIgniter->handleRequest()
 5 FCPATH/index.php(67): CodeIgniter\CodeIgniter->run()
CRITICAL - 2025-04-05 13:33:25 --> Trying to access array offset on null
in APPPATH/Controllers/Home.php on line 348.
 1 APPPATH/Controllers/Home.php(348): CodeIgniter\Debug\Exceptions->errorHandler()
 2 SYSTEMPATH/CodeIgniter.php(932): App\Controllers\Home->modelServices()
 3 SYSTEMPATH/CodeIgniter.php(497): CodeIgniter\CodeIgniter->runController()
 4 SYSTEMPATH/CodeIgniter.php(366): CodeIgniter\CodeIgniter->handleRequest()
 5 FCPATH/index.php(67): CodeIgniter\CodeIgniter->run()
ERROR - 2025-04-05 14:02:45 --> mysqli_sql_exception: Column 'email' cannot be null in /home/k76t07qzzuog/public_html/system/Database/MySQLi/Connection.php:295
Stack trace:
#0 /home/k76t07qzzuog/public_html/system/Database/MySQLi/Connection.php(295): mysqli->query()
#1 /home/k76t07qzzuog/public_html/system/Database/BaseConnection.php(692): CodeIgniter\Database\MySQLi\Connection->execute()
#2 /home/k76t07qzzuog/public_html/system/Database/BaseConnection.php(606): CodeIgniter\Database\BaseConnection->simpleQuery()
#3 /home/k76t07qzzuog/public_html/system/Database/BaseBuilder.php(2309): CodeIgniter\Database\BaseConnection->query()
#4 /home/k76t07qzzuog/public_html/system/Model.php(330): CodeIgniter\Database\BaseBuilder->insert()
#5 /home/k76t07qzzuog/public_html/system/BaseModel.php(782): CodeIgniter\Model->doInsert()
#6 /home/k76t07qzzuog/public_html/system/Model.php(730): CodeIgniter\BaseModel->insert()
#7 /home/k76t07qzzuog/public_html/app/Controllers/Home.php(89): CodeIgniter\Model->insert()
#8 /home/k76t07qzzuog/public_html/system/CodeIgniter.php(932): App\Controllers\Home->userLogin()
#9 /home/k76t07qzzuog/public_html/system/CodeIgniter.php(497): CodeIgniter\CodeIgniter->runController()
#10 /home/k76t07qzzuog/public_html/system/CodeIgniter.php(366): CodeIgniter\CodeIgniter->handleRequest()
#11 /home/k76t07qzzuog/public_html/index.php(67): CodeIgniter\CodeIgniter->run()
#12 {main}
CRITICAL - 2025-04-05 14:02:45 --> Column 'email' cannot be null
in SYSTEMPATH/Database/MySQLi/Connection.php on line 295.
 1 SYSTEMPATH/Database/MySQLi/Connection.php(295): mysqli->query()
 2 SYSTEMPATH/Database/BaseConnection.php(692): CodeIgniter\Database\MySQLi\Connection->execute()
 3 SYSTEMPATH/Database/BaseConnection.php(606): CodeIgniter\Database\BaseConnection->simpleQuery()
 4 SYSTEMPATH/Database/BaseBuilder.php(2309): CodeIgniter\Database\BaseConnection->query()
 5 SYSTEMPATH/Model.php(330): CodeIgniter\Database\BaseBuilder->insert()
 6 SYSTEMPATH/BaseModel.php(782): CodeIgniter\Model->doInsert()
 7 SYSTEMPATH/Model.php(730): CodeIgniter\BaseModel->insert()
 8 APPPATH/Controllers/Home.php(89): CodeIgniter\Model->insert()
 9 SYSTEMPATH/CodeIgniter.php(932): App\Controllers\Home->userLogin()
10 SYSTEMPATH/CodeIgniter.php(497): CodeIgniter\CodeIgniter->runController()
11 SYSTEMPATH/CodeIgniter.php(366): CodeIgniter\CodeIgniter->handleRequest()
12 FCPATH/index.php(67): CodeIgniter\CodeIgniter->run()
CRITICAL - 2025-04-05 16:23:14 --> Trying to access array offset on null
in APPPATH/Controllers/Home.php on line 348.
 1 APPPATH/Controllers/Home.php(348): CodeIgniter\Debug\Exceptions->errorHandler()
 2 SYSTEMPATH/CodeIgniter.php(932): App\Controllers\Home->modelServices()
 3 SYSTEMPATH/CodeIgniter.php(497): CodeIgniter\CodeIgniter->runController()
 4 SYSTEMPATH/CodeIgniter.php(366): CodeIgniter\CodeIgniter->handleRequest()
 5 FCPATH/index.php(67): CodeIgniter\CodeIgniter->run()
CRITICAL - 2025-04-05 16:44:59 --> Trying to access array offset on null
in APPPATH/Controllers/Home.php on line 348.
 1 APPPATH/Controllers/Home.php(348): CodeIgniter\Debug\Exceptions->errorHandler()
 2 SYSTEMPATH/CodeIgniter.php(932): App\Controllers\Home->modelServices()
 3 SYSTEMPATH/CodeIgniter.php(497): CodeIgniter\CodeIgniter->runController()
 4 SYSTEMPATH/CodeIgniter.php(366): CodeIgniter\CodeIgniter->handleRequest()
 5 FCPATH/index.php(67): CodeIgniter\CodeIgniter->run()
ERROR - 2025-04-05 16:52:50 --> mysqli_sql_exception: Column 'email' cannot be null in /home/k76t07qzzuog/public_html/system/Database/MySQLi/Connection.php:295
Stack trace:
#0 /home/k76t07qzzuog/public_html/system/Database/MySQLi/Connection.php(295): mysqli->query()
#1 /home/k76t07qzzuog/public_html/system/Database/BaseConnection.php(692): CodeIgniter\Database\MySQLi\Connection->execute()
#2 /home/k76t07qzzuog/public_html/system/Database/BaseConnection.php(606): CodeIgniter\Database\BaseConnection->simpleQuery()
#3 /home/k76t07qzzuog/public_html/system/Database/BaseBuilder.php(2309): CodeIgniter\Database\BaseConnection->query()
#4 /home/k76t07qzzuog/public_html/system/Model.php(330): CodeIgniter\Database\BaseBuilder->insert()
#5 /home/k76t07qzzuog/public_html/system/BaseModel.php(782): CodeIgniter\Model->doInsert()
#6 /home/k76t07qzzuog/public_html/system/Model.php(730): CodeIgniter\BaseModel->insert()
#7 /home/k76t07qzzuog/public_html/app/Controllers/Home.php(89): CodeIgniter\Model->insert()
#8 /home/k76t07qzzuog/public_html/system/CodeIgniter.php(932): App\Controllers\Home->userLogin()
#9 /home/k76t07qzzuog/public_html/system/CodeIgniter.php(497): CodeIgniter\CodeIgniter->runController()
#10 /home/k76t07qzzuog/public_html/system/CodeIgniter.php(366): CodeIgniter\CodeIgniter->handleRequest()
#11 /home/k76t07qzzuog/public_html/index.php(67): CodeIgniter\CodeIgniter->run()
#12 {main}
CRITICAL - 2025-04-05 16:52:50 --> Column 'email' cannot be null
in SYSTEMPATH/Database/MySQLi/Connection.php on line 295.
 1 SYSTEMPATH/Database/MySQLi/Connection.php(295): mysqli->query()
 2 SYSTEMPATH/Database/BaseConnection.php(692): CodeIgniter\Database\MySQLi\Connection->execute()
 3 SYSTEMPATH/Database/BaseConnection.php(606): CodeIgniter\Database\BaseConnection->simpleQuery()
 4 SYSTEMPATH/Database/BaseBuilder.php(2309): CodeIgniter\Database\BaseConnection->query()
 5 SYSTEMPATH/Model.php(330): CodeIgniter\Database\BaseBuilder->insert()
 6 SYSTEMPATH/BaseModel.php(782): CodeIgniter\Model->doInsert()
 7 SYSTEMPATH/Model.php(730): CodeIgniter\BaseModel->insert()
 8 APPPATH/Controllers/Home.php(89): CodeIgniter\Model->insert()
 9 SYSTEMPATH/CodeIgniter.php(932): App\Controllers\Home->userLogin()
10 SYSTEMPATH/CodeIgniter.php(497): CodeIgniter\CodeIgniter->runController()
11 SYSTEMPATH/CodeIgniter.php(366): CodeIgniter\CodeIgniter->handleRequest()
12 FCPATH/index.php(67): CodeIgniter\CodeIgniter->run()
CRITICAL - 2025-04-05 16:55:04 --> Trying to access array offset on null
in APPPATH/Controllers/Home.php on line 348.
 1 APPPATH/Controllers/Home.php(348): CodeIgniter\Debug\Exceptions->errorHandler()
 2 SYSTEMPATH/CodeIgniter.php(932): App\Controllers\Home->modelServices()
 3 SYSTEMPATH/CodeIgniter.php(497): CodeIgniter\CodeIgniter->runController()
 4 SYSTEMPATH/CodeIgniter.php(366): CodeIgniter\CodeIgniter->handleRequest()
 5 FCPATH/index.php(67): CodeIgniter\CodeIgniter->run()
ERROR - 2025-04-05 17:15:48 --> mysqli_sql_exception: Column 'email' cannot be null in /home/k76t07qzzuog/public_html/system/Database/MySQLi/Connection.php:295
Stack trace:
#0 /home/k76t07qzzuog/public_html/system/Database/MySQLi/Connection.php(295): mysqli->query()
#1 /home/k76t07qzzuog/public_html/system/Database/BaseConnection.php(692): CodeIgniter\Database\MySQLi\Connection->execute()
#2 /home/k76t07qzzuog/public_html/system/Database/BaseConnection.php(606): CodeIgniter\Database\BaseConnection->simpleQuery()
#3 /home/k76t07qzzuog/public_html/system/Database/BaseBuilder.php(2309): CodeIgniter\Database\BaseConnection->query()
#4 /home/k76t07qzzuog/public_html/system/Model.php(330): CodeIgniter\Database\BaseBuilder->insert()
#5 /home/k76t07qzzuog/public_html/system/BaseModel.php(782): CodeIgniter\Model->doInsert()
#6 /home/k76t07qzzuog/public_html/system/Model.php(730): CodeIgniter\BaseModel->insert()
#7 /home/k76t07qzzuog/public_html/app/Controllers/Home.php(89): CodeIgniter\Model->insert()
#8 /home/k76t07qzzuog/public_html/system/CodeIgniter.php(932): App\Controllers\Home->userLogin()
#9 /home/k76t07qzzuog/public_html/system/CodeIgniter.php(497): CodeIgniter\CodeIgniter->runController()
#10 /home/k76t07qzzuog/public_html/system/CodeIgniter.php(366): CodeIgniter\CodeIgniter->handleRequest()
#11 /home/k76t07qzzuog/public_html/index.php(67): CodeIgniter\CodeIgniter->run()
#12 {main}
CRITICAL - 2025-04-05 17:15:48 --> Column 'email' cannot be null
in SYSTEMPATH/Database/MySQLi/Connection.php on line 295.
 1 SYSTEMPATH/Database/MySQLi/Connection.php(295): mysqli->query()
 2 SYSTEMPATH/Database/BaseConnection.php(692): CodeIgniter\Database\MySQLi\Connection->execute()
 3 SYSTEMPATH/Database/BaseConnection.php(606): CodeIgniter\Database\BaseConnection->simpleQuery()
 4 SYSTEMPATH/Database/BaseBuilder.php(2309): CodeIgniter\Database\BaseConnection->query()
 5 SYSTEMPATH/Model.php(330): CodeIgniter\Database\BaseBuilder->insert()
 6 SYSTEMPATH/BaseModel.php(782): CodeIgniter\Model->doInsert()
 7 SYSTEMPATH/Model.php(730): CodeIgniter\BaseModel->insert()
 8 APPPATH/Controllers/Home.php(89): CodeIgniter\Model->insert()
 9 SYSTEMPATH/CodeIgniter.php(932): App\Controllers\Home->userLogin()
10 SYSTEMPATH/CodeIgniter.php(497): CodeIgniter\CodeIgniter->runController()
11 SYSTEMPATH/CodeIgniter.php(366): CodeIgniter\CodeIgniter->handleRequest()
12 FCPATH/index.php(67): CodeIgniter\CodeIgniter->run()
CRITICAL - 2025-04-05 17:41:27 --> Trying to access array offset on null
in APPPATH/Controllers/Home.php on line 348.
 1 APPPATH/Controllers/Home.php(348): CodeIgniter\Debug\Exceptions->errorHandler()
 2 SYSTEMPATH/CodeIgniter.php(932): App\Controllers\Home->modelServices()
 3 SYSTEMPATH/CodeIgniter.php(497): CodeIgniter\CodeIgniter->runController()
 4 SYSTEMPATH/CodeIgniter.php(366): CodeIgniter\CodeIgniter->handleRequest()
 5 FCPATH/index.php(67): CodeIgniter\CodeIgniter->run()
ERROR - 2025-04-05 17:44:47 --> mysqli_sql_exception: Column 'email' cannot be null in /home/k76t07qzzuog/public_html/system/Database/MySQLi/Connection.php:295
Stack trace:
#0 /home/k76t07qzzuog/public_html/system/Database/MySQLi/Connection.php(295): mysqli->query()
#1 /home/k76t07qzzuog/public_html/system/Database/BaseConnection.php(692): CodeIgniter\Database\MySQLi\Connection->execute()
#2 /home/k76t07qzzuog/public_html/system/Database/BaseConnection.php(606): CodeIgniter\Database\BaseConnection->simpleQuery()
#3 /home/k76t07qzzuog/public_html/system/Database/BaseBuilder.php(2309): CodeIgniter\Database\BaseConnection->query()
#4 /home/k76t07qzzuog/public_html/system/Model.php(330): CodeIgniter\Database\BaseBuilder->insert()
#5 /home/k76t07qzzuog/public_html/system/BaseModel.php(782): CodeIgniter\Model->doInsert()
#6 /home/k76t07qzzuog/public_html/system/Model.php(730): CodeIgniter\BaseModel->insert()
#7 /home/k76t07qzzuog/public_html/app/Controllers/Home.php(89): CodeIgniter\Model->insert()
#8 /home/k76t07qzzuog/public_html/system/CodeIgniter.php(932): App\Controllers\Home->userLogin()
#9 /home/k76t07qzzuog/public_html/system/CodeIgniter.php(497): CodeIgniter\CodeIgniter->runController()
#10 /home/k76t07qzzuog/public_html/system/CodeIgniter.php(366): CodeIgniter\CodeIgniter->handleRequest()
#11 /home/k76t07qzzuog/public_html/index.php(67): CodeIgniter\CodeIgniter->run()
#12 {main}
CRITICAL - 2025-04-05 17:44:47 --> Column 'email' cannot be null
in SYSTEMPATH/Database/MySQLi/Connection.php on line 295.
 1 SYSTEMPATH/Database/MySQLi/Connection.php(295): mysqli->query()
 2 SYSTEMPATH/Database/BaseConnection.php(692): CodeIgniter\Database\MySQLi\Connection->execute()
 3 SYSTEMPATH/Database/BaseConnection.php(606): CodeIgniter\Database\BaseConnection->simpleQuery()
 4 SYSTEMPATH/Database/BaseBuilder.php(2309): CodeIgniter\Database\BaseConnection->query()
 5 SYSTEMPATH/Model.php(330): CodeIgniter\Database\BaseBuilder->insert()
 6 SYSTEMPATH/BaseModel.php(782): CodeIgniter\Model->doInsert()
 7 SYSTEMPATH/Model.php(730): CodeIgniter\BaseModel->insert()
 8 APPPATH/Controllers/Home.php(89): CodeIgniter\Model->insert()
 9 SYSTEMPATH/CodeIgniter.php(932): App\Controllers\Home->userLogin()
10 SYSTEMPATH/CodeIgniter.php(497): CodeIgniter\CodeIgniter->runController()
11 SYSTEMPATH/CodeIgniter.php(366): CodeIgniter\CodeIgniter->handleRequest()
12 FCPATH/index.php(67): CodeIgniter\CodeIgniter->run()
CRITICAL - 2025-04-05 17:59:29 --> Trying to access array offset on null
in APPPATH/Controllers/Home.php on line 348.
 1 APPPATH/Controllers/Home.php(348): CodeIgniter\Debug\Exceptions->errorHandler()
 2 SYSTEMPATH/CodeIgniter.php(932): App\Controllers\Home->modelServices()
 3 SYSTEMPATH/CodeIgniter.php(497): CodeIgniter\CodeIgniter->runController()
 4 SYSTEMPATH/CodeIgniter.php(366): CodeIgniter\CodeIgniter->handleRequest()
 5 FCPATH/index.php(67): CodeIgniter\CodeIgniter->run()
CRITICAL - 2025-04-05 18:28:13 --> Trying to access array offset on null
in APPPATH/Controllers/Home.php on line 348.
 1 APPPATH/Controllers/Home.php(348): CodeIgniter\Debug\Exceptions->errorHandler()
 2 SYSTEMPATH/CodeIgniter.php(932): App\Controllers\Home->modelServices()
 3 SYSTEMPATH/CodeIgniter.php(497): CodeIgniter\CodeIgniter->runController()
 4 SYSTEMPATH/CodeIgniter.php(366): CodeIgniter\CodeIgniter->handleRequest()
 5 FCPATH/index.php(67): CodeIgniter\CodeIgniter->run()
CRITICAL - 2025-04-05 18:58:22 --> Trying to access array offset on null
in APPPATH/Controllers/Home.php on line 348.
 1 APPPATH/Controllers/Home.php(348): CodeIgniter\Debug\Exceptions->errorHandler()
 2 SYSTEMPATH/CodeIgniter.php(932): App\Controllers\Home->modelServices()
 3 SYSTEMPATH/CodeIgniter.php(497): CodeIgniter\CodeIgniter->runController()
 4 SYSTEMPATH/CodeIgniter.php(366): CodeIgniter\CodeIgniter->handleRequest()
 5 FCPATH/index.php(67): CodeIgniter\CodeIgniter->run()
CRITICAL - 2025-04-05 19:14:04 --> Trying to access array offset on null
in APPPATH/Controllers/Home.php on line 348.
 1 APPPATH/Controllers/Home.php(348): CodeIgniter\Debug\Exceptions->errorHandler()
 2 SYSTEMPATH/CodeIgniter.php(932): App\Controllers\Home->modelServices()
 3 SYSTEMPATH/CodeIgniter.php(497): CodeIgniter\CodeIgniter->runController()
 4 SYSTEMPATH/CodeIgniter.php(366): CodeIgniter\CodeIgniter->handleRequest()
 5 FCPATH/index.php(67): CodeIgniter\CodeIgniter->run()
ERROR - 2025-04-05 19:53:06 --> mysqli_sql_exception: Column 'email' cannot be null in /home/k76t07qzzuog/public_html/system/Database/MySQLi/Connection.php:295
Stack trace:
#0 /home/k76t07qzzuog/public_html/system/Database/MySQLi/Connection.php(295): mysqli->query()
#1 /home/k76t07qzzuog/public_html/system/Database/BaseConnection.php(692): CodeIgniter\Database\MySQLi\Connection->execute()
#2 /home/k76t07qzzuog/public_html/system/Database/BaseConnection.php(606): CodeIgniter\Database\BaseConnection->simpleQuery()
#3 /home/k76t07qzzuog/public_html/system/Database/BaseBuilder.php(2309): CodeIgniter\Database\BaseConnection->query()
#4 /home/k76t07qzzuog/public_html/system/Model.php(330): CodeIgniter\Database\BaseBuilder->insert()
#5 /home/k76t07qzzuog/public_html/system/BaseModel.php(782): CodeIgniter\Model->doInsert()
#6 /home/k76t07qzzuog/public_html/system/Model.php(730): CodeIgniter\BaseModel->insert()
#7 /home/k76t07qzzuog/public_html/app/Controllers/Home.php(89): CodeIgniter\Model->insert()
#8 /home/k76t07qzzuog/public_html/system/CodeIgniter.php(932): App\Controllers\Home->userLogin()
#9 /home/k76t07qzzuog/public_html/system/CodeIgniter.php(497): CodeIgniter\CodeIgniter->runController()
#10 /home/k76t07qzzuog/public_html/system/CodeIgniter.php(366): CodeIgniter\CodeIgniter->handleRequest()
#11 /home/k76t07qzzuog/public_html/index.php(67): CodeIgniter\CodeIgniter->run()
#12 {main}
CRITICAL - 2025-04-05 19:53:06 --> Column 'email' cannot be null
in SYSTEMPATH/Database/MySQLi/Connection.php on line 295.
 1 SYSTEMPATH/Database/MySQLi/Connection.php(295): mysqli->query()
 2 SYSTEMPATH/Database/BaseConnection.php(692): CodeIgniter\Database\MySQLi\Connection->execute()
 3 SYSTEMPATH/Database/BaseConnection.php(606): CodeIgniter\Database\BaseConnection->simpleQuery()
 4 SYSTEMPATH/Database/BaseBuilder.php(2309): CodeIgniter\Database\BaseConnection->query()
 5 SYSTEMPATH/Model.php(330): CodeIgniter\Database\BaseBuilder->insert()
 6 SYSTEMPATH/BaseModel.php(782): CodeIgniter\Model->doInsert()
 7 SYSTEMPATH/Model.php(730): CodeIgniter\BaseModel->insert()
 8 APPPATH/Controllers/Home.php(89): CodeIgniter\Model->insert()
 9 SYSTEMPATH/CodeIgniter.php(932): App\Controllers\Home->userLogin()
10 SYSTEMPATH/CodeIgniter.php(497): CodeIgniter\CodeIgniter->runController()
11 SYSTEMPATH/CodeIgniter.php(366): CodeIgniter\CodeIgniter->handleRequest()
12 FCPATH/index.php(67): CodeIgniter\CodeIgniter->run()
CRITICAL - 2025-04-05 20:22:42 --> Trying to access array offset on null
in APPPATH/Controllers/Home.php on line 348.
 1 APPPATH/Controllers/Home.php(348): CodeIgniter\Debug\Exceptions->errorHandler()
 2 SYSTEMPATH/CodeIgniter.php(932): App\Controllers\Home->modelServices()
 3 SYSTEMPATH/CodeIgniter.php(497): CodeIgniter\CodeIgniter->runController()
 4 SYSTEMPATH/CodeIgniter.php(366): CodeIgniter\CodeIgniter->handleRequest()
 5 FCPATH/index.php(67): CodeIgniter\CodeIgniter->run()
CRITICAL - 2025-04-05 22:12:59 --> Trying to access array offset on null
in APPPATH/Controllers/Home.php on line 348.
 1 APPPATH/Controllers/Home.php(348): CodeIgniter\Debug\Exceptions->errorHandler()
 2 SYSTEMPATH/CodeIgniter.php(932): App\Controllers\Home->modelServices()
 3 SYSTEMPATH/CodeIgniter.php(497): CodeIgniter\CodeIgniter->runController()
 4 SYSTEMPATH/CodeIgniter.php(366): CodeIgniter\CodeIgniter->handleRequest()
 5 FCPATH/index.php(67): CodeIgniter\CodeIgniter->run()
CRITICAL - 2025-04-05 23:00:09 --> Trying to access array offset on null
in APPPATH/Controllers/Home.php on line 348.
 1 APPPATH/Controllers/Home.php(348): CodeIgniter\Debug\Exceptions->errorHandler()
 2 SYSTEMPATH/CodeIgniter.php(932): App\Controllers\Home->modelServices()
 3 SYSTEMPATH/CodeIgniter.php(497): CodeIgniter\CodeIgniter->runController()
 4 SYSTEMPATH/CodeIgniter.php(366): CodeIgniter\CodeIgniter->handleRequest()
 5 FCPATH/index.php(67): CodeIgniter\CodeIgniter->run()
CRITICAL - 2025-04-05 23:16:13 --> Trying to access array offset on null
in APPPATH/Controllers/Home.php on line 348.
 1 APPPATH/Controllers/Home.php(348): CodeIgniter\Debug\Exceptions->errorHandler()
 2 SYSTEMPATH/CodeIgniter.php(932): App\Controllers\Home->modelServices()
 3 SYSTEMPATH/CodeIgniter.php(497): CodeIgniter\CodeIgniter->runController()
 4 SYSTEMPATH/CodeIgniter.php(366): CodeIgniter\CodeIgniter->handleRequest()
 5 FCPATH/index.php(67): CodeIgniter\CodeIgniter->run()
