CRITICAL - 2025-03-06 05:33:17 --> Call to undefined function App\Controllers\paginate()
in APPPATH\Controllers\Home.php on line 554.
 1 SYSTEMPATH\CodeIgniter.php(932): App\Controllers\Home->Gallery()
 2 SYSTEMPATH\CodeIgniter.php(497): CodeIgniter\CodeIgniter->runController(Object(App\Controllers\Home))
 3 SYSTEMPATH\CodeIgniter.php(366): CodeIgniter\CodeIgniter->handleRequest(null, Object(Config\Cache), false)
 4 FCPATH\index.php(67): CodeIgniter\CodeIgniter->run()
CRITICAL - 2025-03-06 05:53:52 --> The action you requested is not allowed.
in SYSTEMPATH\Security\Security.php on line 306.
 1 SYSTEMPATH\Security\Security.php(306): CodeIgniter\Security\Exceptions\SecurityException::forDisallowedAction()
 2 SYSTEMPATH\Filters\CSRF.php(55): CodeIgniter\Security\Security->verify(Object(CodeIgniter\HTTP\IncomingRequest))
 3 APPPATH\Filters\CustomCSRF.php(24): CodeIgniter\Filters\CSRF->before(Object(CodeIgniter\HTTP\IncomingRequest), null)
 4 SYSTEMPATH\Filters\Filters.php(173): App\Filters\CustomCSRF->before(Object(CodeIgniter\HTTP\IncomingRequest), null)
 5 SYSTEMPATH\CodeIgniter.php(471): CodeIgniter\Filters\Filters->run('/admin', 'before')
 6 SYSTEMPATH\CodeIgniter.php(366): CodeIgniter\CodeIgniter->handleRequest(null, Object(Config\Cache), false)
 7 FCPATH\index.php(67): CodeIgniter\CodeIgniter->run()
CRITICAL - 2025-03-06 05:53:55 --> The action you requested is not allowed.
in SYSTEMPATH\Security\Security.php on line 306.
 1 SYSTEMPATH\Security\Security.php(306): CodeIgniter\Security\Exceptions\SecurityException::forDisallowedAction()
 2 SYSTEMPATH\Filters\CSRF.php(55): CodeIgniter\Security\Security->verify(Object(CodeIgniter\HTTP\IncomingRequest))
 3 APPPATH\Filters\CustomCSRF.php(24): CodeIgniter\Filters\CSRF->before(Object(CodeIgniter\HTTP\IncomingRequest), null)
 4 SYSTEMPATH\Filters\Filters.php(173): App\Filters\CustomCSRF->before(Object(CodeIgniter\HTTP\IncomingRequest), null)
 5 SYSTEMPATH\CodeIgniter.php(471): CodeIgniter\Filters\Filters->run('/admin', 'before')
 6 SYSTEMPATH\CodeIgniter.php(366): CodeIgniter\CodeIgniter->handleRequest(null, Object(Config\Cache), false)
 7 FCPATH\index.php(67): CodeIgniter\CodeIgniter->run()
ERROR - 2025-03-06 08:37:23 --> Error connecting to the database: mysqli_sql_exception: Access denied for user 'root'@'localhost' (using password: NO) in /home3/chakkimart/public_html/QaswaTelecom/system/Database/MySQLi/Connection.php:173
Stack trace:
#0 /home3/chakkimart/public_html/QaswaTelecom/system/Database/MySQLi/Connection.php(173): mysqli->real_connect('localhost', 'root', Object(SensitiveParameterValue), 'qaswa_telecom', 3306, '', 0)
#1 /home3/chakkimart/public_html/QaswaTelecom/system/Database/BaseConnection.php(391): CodeIgniter\Database\MySQLi\Connection->connect(false)
#2 /home3/chakkimart/public_html/QaswaTelecom/system/Database/BaseConnection.php(574): CodeIgniter\Database\BaseConnection->initialize()
#3 /home3/chakkimart/public_html/QaswaTelecom/system/Database/BaseBuilder.php(1616): CodeIgniter\Database\BaseConnection->query('SELECT *\nFROM `...', Array, false)
#4 /home3/chakkimart/public_html/QaswaTelecom/system/Model.php(241): CodeIgniter\Database\BaseBuilder->get()
#5 /home3/chakkimart/public_html/QaswaTelecom/system/BaseModel.php(618): CodeIgniter\Model->doFindAll(0, 0)
#6 /home3/chakkimart/public_html/QaswaTelecom/app/Controllers/Home.php(47): CodeIgniter\BaseModel->findAll()
#7 /home3/chakkimart/public_html/QaswaTelecom/system/CodeIgniter.php(932): App\Controllers\Home->index()
#8 /home3/chakkimart/public_html/QaswaTelecom/system/CodeIgniter.php(497): CodeIgniter\CodeIgniter->runController(Object(App\Controllers\Home))
#9 /home3/chakkimart/public_html/QaswaTelecom/system/CodeIgniter.php(366): CodeIgniter\CodeIgniter->handleRequest(NULL, Object(Config\Cache), false)
#10 /home3/chakkimart/public_html/QaswaTelecom/index.php(67): CodeIgniter\CodeIgniter->run()
#11 {main}

Next CodeIgniter\Database\Exceptions\DatabaseException: Access denied for user '****'@'localhost' (using password: NO) in /home3/chakkimart/public_html/QaswaTelecom/system/Database/MySQLi/Connection.php:218
Stack trace:
#0 /home3/chakkimart/public_html/QaswaTelecom/system/Database/BaseConnection.php(391): CodeIgniter\Database\MySQLi\Connection->connect(false)
#1 /home3/chakkimart/public_html/QaswaTelecom/system/Database/BaseConnection.php(574): CodeIgniter\Database\BaseConnection->initialize()
#2 /home3/chakkimart/public_html/QaswaTelecom/system/Database/BaseBuilder.php(1616): CodeIgniter\Database\BaseConnection->query('SELECT *\nFROM `...', Array, false)
#3 /home3/chakkimart/public_html/QaswaTelecom/system/Model.php(241): CodeIgniter\Database\BaseBuilder->get()
#4 /home3/chakkimart/public_html/QaswaTelecom/system/BaseModel.php(618): CodeIgniter\Model->doFindAll(0, 0)
#5 /home3/chakkimart/public_html/QaswaTelecom/app/Controllers/Home.php(47): CodeIgniter\BaseModel->findAll()
#6 /home3/chakkimart/public_html/QaswaTelecom/system/CodeIgniter.php(932): App\Controllers\Home->index()
#7 /home3/chakkimart/public_html/QaswaTelecom/system/CodeIgniter.php(497): CodeIgniter\CodeIgniter->runController(Object(App\Controllers\Home))
#8 /home3/chakkimart/public_html/QaswaTelecom/system/CodeIgniter.php(366): CodeIgniter\CodeIgniter->handleRequest(NULL, Object(Config\Cache), false)
#9 /home3/chakkimart/public_html/QaswaTelecom/index.php(67): CodeIgniter\CodeIgniter->run()
#10 {main}
CRITICAL - 2025-03-06 08:37:23 --> Unable to connect to the database.
Main connection [MySQLi]: Access denied for user '****'@'localhost' (using password: NO)
in SYSTEMPATH/Database/BaseConnection.php on line 427.
 1 SYSTEMPATH/Database/BaseConnection.php(574): CodeIgniter\Database\BaseConnection->initialize()
 2 SYSTEMPATH/Database/BaseBuilder.php(1616): CodeIgniter\Database\BaseConnection->query('SELECT *
FROM `banners`', [], false)
 3 SYSTEMPATH/Model.php(241): CodeIgniter\Database\BaseBuilder->get()
 4 SYSTEMPATH/BaseModel.php(618): CodeIgniter\Model->doFindAll(0, 0)
 5 APPPATH/Controllers/Home.php(47): CodeIgniter\BaseModel->findAll()
 6 SYSTEMPATH/CodeIgniter.php(932): App\Controllers\Home->index()
 7 SYSTEMPATH/CodeIgniter.php(497): CodeIgniter\CodeIgniter->runController(Object(App\Controllers\Home))
 8 SYSTEMPATH/CodeIgniter.php(366): CodeIgniter\CodeIgniter->handleRequest(null, Object(Config\Cache), false)
 9 FCPATH/index.php(67): CodeIgniter\CodeIgniter->run()
