ERROR - 2025-04-30 02:13:19 --> mysqli_sql_exception: Column 'email' cannot be null in /home/k76t07qzzuog/public_html/system/Database/MySQLi/Connection.php:295
Stack trace:
#0 /home/k76t07qzzuog/public_html/system/Database/MySQLi/Connection.php(295): mysqli->query()
#1 /home/k76t07qzzuog/public_html/system/Database/BaseConnection.php(692): CodeIgniter\Database\MySQLi\Connection->execute()
#2 /home/k76t07qzzuog/public_html/system/Database/BaseConnection.php(606): CodeIgniter\Database\BaseConnection->simpleQuery()
#3 /home/k76t07qzzuog/public_html/system/Database/BaseBuilder.php(2309): CodeIgniter\Database\BaseConnection->query()
#4 /home/k76t07qzzuog/public_html/system/Model.php(330): CodeIgniter\Database\BaseBuilder->insert()
#5 /home/k76t07qzzuog/public_html/system/BaseModel.php(782): CodeIgniter\Model->doInsert()
#6 /home/k76t07qzzuog/public_html/system/Model.php(730): CodeIgniter\BaseModel->insert()
#7 /home/k76t07qzzuog/public_html/app/Controllers/Home.php(90): CodeIgniter\Model->insert()
#8 /home/k76t07qzzuog/public_html/system/CodeIgniter.php(932): App\Controllers\Home->userLogin()
#9 /home/k76t07qzzuog/public_html/system/CodeIgniter.php(497): CodeIgniter\CodeIgniter->runController()
#10 /home/k76t07qzzuog/public_html/system/CodeIgniter.php(366): CodeIgniter\CodeIgniter->handleRequest()
#11 /home/k76t07qzzuog/public_html/index.php(67): CodeIgniter\CodeIgniter->run()
#12 {main}
CRITICAL - 2025-04-30 02:13:19 --> Column 'email' cannot be null
in SYSTEMPATH/Database/MySQLi/Connection.php on line 295.
 1 SYSTEMPATH/Database/MySQLi/Connection.php(295): mysqli->query()
 2 SYSTEMPATH/Database/BaseConnection.php(692): CodeIgniter\Database\MySQLi\Connection->execute()
 3 SYSTEMPATH/Database/BaseConnection.php(606): CodeIgniter\Database\BaseConnection->simpleQuery()
 4 SYSTEMPATH/Database/BaseBuilder.php(2309): CodeIgniter\Database\BaseConnection->query()
 5 SYSTEMPATH/Model.php(330): CodeIgniter\Database\BaseBuilder->insert()
 6 SYSTEMPATH/BaseModel.php(782): CodeIgniter\Model->doInsert()
 7 SYSTEMPATH/Model.php(730): CodeIgniter\BaseModel->insert()
 8 APPPATH/Controllers/Home.php(90): CodeIgniter\Model->insert()
 9 SYSTEMPATH/CodeIgniter.php(932): App\Controllers\Home->userLogin()
10 SYSTEMPATH/CodeIgniter.php(497): CodeIgniter\CodeIgniter->runController()
11 SYSTEMPATH/CodeIgniter.php(366): CodeIgniter\CodeIgniter->handleRequest()
12 FCPATH/index.php(67): CodeIgniter\CodeIgniter->run()
ERROR - 2025-04-30 02:25:18 --> mysqli_sql_exception: Column 'email' cannot be null in /home/k76t07qzzuog/public_html/system/Database/MySQLi/Connection.php:295
Stack trace:
#0 /home/k76t07qzzuog/public_html/system/Database/MySQLi/Connection.php(295): mysqli->query()
#1 /home/k76t07qzzuog/public_html/system/Database/BaseConnection.php(692): CodeIgniter\Database\MySQLi\Connection->execute()
#2 /home/k76t07qzzuog/public_html/system/Database/BaseConnection.php(606): CodeIgniter\Database\BaseConnection->simpleQuery()
#3 /home/k76t07qzzuog/public_html/system/Database/BaseBuilder.php(2309): CodeIgniter\Database\BaseConnection->query()
#4 /home/k76t07qzzuog/public_html/system/Model.php(330): CodeIgniter\Database\BaseBuilder->insert()
#5 /home/k76t07qzzuog/public_html/system/BaseModel.php(782): CodeIgniter\Model->doInsert()
#6 /home/k76t07qzzuog/public_html/system/Model.php(730): CodeIgniter\BaseModel->insert()
#7 /home/k76t07qzzuog/public_html/app/Controllers/Home.php(90): CodeIgniter\Model->insert()
#8 /home/k76t07qzzuog/public_html/system/CodeIgniter.php(932): App\Controllers\Home->userLogin()
#9 /home/k76t07qzzuog/public_html/system/CodeIgniter.php(497): CodeIgniter\CodeIgniter->runController()
#10 /home/k76t07qzzuog/public_html/system/CodeIgniter.php(366): CodeIgniter\CodeIgniter->handleRequest()
#11 /home/k76t07qzzuog/public_html/index.php(67): CodeIgniter\CodeIgniter->run()
#12 {main}
CRITICAL - 2025-04-30 02:25:18 --> Column 'email' cannot be null
in SYSTEMPATH/Database/MySQLi/Connection.php on line 295.
 1 SYSTEMPATH/Database/MySQLi/Connection.php(295): mysqli->query()
 2 SYSTEMPATH/Database/BaseConnection.php(692): CodeIgniter\Database\MySQLi\Connection->execute()
 3 SYSTEMPATH/Database/BaseConnection.php(606): CodeIgniter\Database\BaseConnection->simpleQuery()
 4 SYSTEMPATH/Database/BaseBuilder.php(2309): CodeIgniter\Database\BaseConnection->query()
 5 SYSTEMPATH/Model.php(330): CodeIgniter\Database\BaseBuilder->insert()
 6 SYSTEMPATH/BaseModel.php(782): CodeIgniter\Model->doInsert()
 7 SYSTEMPATH/Model.php(730): CodeIgniter\BaseModel->insert()
 8 APPPATH/Controllers/Home.php(90): CodeIgniter\Model->insert()
 9 SYSTEMPATH/CodeIgniter.php(932): App\Controllers\Home->userLogin()
10 SYSTEMPATH/CodeIgniter.php(497): CodeIgniter\CodeIgniter->runController()
11 SYSTEMPATH/CodeIgniter.php(366): CodeIgniter\CodeIgniter->handleRequest()
12 FCPATH/index.php(67): CodeIgniter\CodeIgniter->run()
ERROR - 2025-04-30 09:11:43 --> mysqli_sql_exception: Column 'email' cannot be null in /home/k76t07qzzuog/public_html/system/Database/MySQLi/Connection.php:295
Stack trace:
#0 /home/k76t07qzzuog/public_html/system/Database/MySQLi/Connection.php(295): mysqli->query()
#1 /home/k76t07qzzuog/public_html/system/Database/BaseConnection.php(692): CodeIgniter\Database\MySQLi\Connection->execute()
#2 /home/k76t07qzzuog/public_html/system/Database/BaseConnection.php(606): CodeIgniter\Database\BaseConnection->simpleQuery()
#3 /home/k76t07qzzuog/public_html/system/Database/BaseBuilder.php(2309): CodeIgniter\Database\BaseConnection->query()
#4 /home/k76t07qzzuog/public_html/system/Model.php(330): CodeIgniter\Database\BaseBuilder->insert()
#5 /home/k76t07qzzuog/public_html/system/BaseModel.php(782): CodeIgniter\Model->doInsert()
#6 /home/k76t07qzzuog/public_html/system/Model.php(730): CodeIgniter\BaseModel->insert()
#7 /home/k76t07qzzuog/public_html/app/Controllers/Home.php(90): CodeIgniter\Model->insert()
#8 /home/k76t07qzzuog/public_html/system/CodeIgniter.php(932): App\Controllers\Home->userLogin()
#9 /home/k76t07qzzuog/public_html/system/CodeIgniter.php(497): CodeIgniter\CodeIgniter->runController()
#10 /home/k76t07qzzuog/public_html/system/CodeIgniter.php(366): CodeIgniter\CodeIgniter->handleRequest()
#11 /home/k76t07qzzuog/public_html/index.php(67): CodeIgniter\CodeIgniter->run()
#12 {main}
CRITICAL - 2025-04-30 09:11:43 --> Column 'email' cannot be null
in SYSTEMPATH/Database/MySQLi/Connection.php on line 295.
 1 SYSTEMPATH/Database/MySQLi/Connection.php(295): mysqli->query()
 2 SYSTEMPATH/Database/BaseConnection.php(692): CodeIgniter\Database\MySQLi\Connection->execute()
 3 SYSTEMPATH/Database/BaseConnection.php(606): CodeIgniter\Database\BaseConnection->simpleQuery()
 4 SYSTEMPATH/Database/BaseBuilder.php(2309): CodeIgniter\Database\BaseConnection->query()
 5 SYSTEMPATH/Model.php(330): CodeIgniter\Database\BaseBuilder->insert()
 6 SYSTEMPATH/BaseModel.php(782): CodeIgniter\Model->doInsert()
 7 SYSTEMPATH/Model.php(730): CodeIgniter\BaseModel->insert()
 8 APPPATH/Controllers/Home.php(90): CodeIgniter\Model->insert()
 9 SYSTEMPATH/CodeIgniter.php(932): App\Controllers\Home->userLogin()
10 SYSTEMPATH/CodeIgniter.php(497): CodeIgniter\CodeIgniter->runController()
11 SYSTEMPATH/CodeIgniter.php(366): CodeIgniter\CodeIgniter->handleRequest()
12 FCPATH/index.php(67): CodeIgniter\CodeIgniter->run()
ERROR - 2025-04-30 12:48:28 --> mysqli_sql_exception: Column 'email' cannot be null in /home/k76t07qzzuog/public_html/system/Database/MySQLi/Connection.php:295
Stack trace:
#0 /home/k76t07qzzuog/public_html/system/Database/MySQLi/Connection.php(295): mysqli->query()
#1 /home/k76t07qzzuog/public_html/system/Database/BaseConnection.php(692): CodeIgniter\Database\MySQLi\Connection->execute()
#2 /home/k76t07qzzuog/public_html/system/Database/BaseConnection.php(606): CodeIgniter\Database\BaseConnection->simpleQuery()
#3 /home/k76t07qzzuog/public_html/system/Database/BaseBuilder.php(2309): CodeIgniter\Database\BaseConnection->query()
#4 /home/k76t07qzzuog/public_html/system/Model.php(330): CodeIgniter\Database\BaseBuilder->insert()
#5 /home/k76t07qzzuog/public_html/system/BaseModel.php(782): CodeIgniter\Model->doInsert()
#6 /home/k76t07qzzuog/public_html/system/Model.php(730): CodeIgniter\BaseModel->insert()
#7 /home/k76t07qzzuog/public_html/app/Controllers/Home.php(90): CodeIgniter\Model->insert()
#8 /home/k76t07qzzuog/public_html/system/CodeIgniter.php(932): App\Controllers\Home->userLogin()
#9 /home/k76t07qzzuog/public_html/system/CodeIgniter.php(497): CodeIgniter\CodeIgniter->runController()
#10 /home/k76t07qzzuog/public_html/system/CodeIgniter.php(366): CodeIgniter\CodeIgniter->handleRequest()
#11 /home/k76t07qzzuog/public_html/index.php(67): CodeIgniter\CodeIgniter->run()
#12 {main}
CRITICAL - 2025-04-30 12:48:28 --> Column 'email' cannot be null
in SYSTEMPATH/Database/MySQLi/Connection.php on line 295.
 1 SYSTEMPATH/Database/MySQLi/Connection.php(295): mysqli->query()
 2 SYSTEMPATH/Database/BaseConnection.php(692): CodeIgniter\Database\MySQLi\Connection->execute()
 3 SYSTEMPATH/Database/BaseConnection.php(606): CodeIgniter\Database\BaseConnection->simpleQuery()
 4 SYSTEMPATH/Database/BaseBuilder.php(2309): CodeIgniter\Database\BaseConnection->query()
 5 SYSTEMPATH/Model.php(330): CodeIgniter\Database\BaseBuilder->insert()
 6 SYSTEMPATH/BaseModel.php(782): CodeIgniter\Model->doInsert()
 7 SYSTEMPATH/Model.php(730): CodeIgniter\BaseModel->insert()
 8 APPPATH/Controllers/Home.php(90): CodeIgniter\Model->insert()
 9 SYSTEMPATH/CodeIgniter.php(932): App\Controllers\Home->userLogin()
10 SYSTEMPATH/CodeIgniter.php(497): CodeIgniter\CodeIgniter->runController()
11 SYSTEMPATH/CodeIgniter.php(366): CodeIgniter\CodeIgniter->handleRequest()
12 FCPATH/index.php(67): CodeIgniter\CodeIgniter->run()
CRITICAL - 2025-04-30 12:56:49 --> Undefined variable $brandName
in APPPATH/Views/web/models.php on line 185.
 1 APPPATH/Views/web/models.php(185): CodeIgniter\Debug\Exceptions->errorHandler()
 2 SYSTEMPATH/View/View.php(224): include('/home/k76t07qzzuog/public_html/app/Views/web/models.php')
 3 SYSTEMPATH/View/View.php(227): CodeIgniter\View\View->CodeIgniter\View\{closure}()
 4 SYSTEMPATH/Common.php(1180): CodeIgniter\View\View->render()
 5 APPPATH/Controllers/Home.php(319): view()
 6 SYSTEMPATH/CodeIgniter.php(932): App\Controllers\Home->Models()
 7 SYSTEMPATH/CodeIgniter.php(497): CodeIgniter\CodeIgniter->runController()
 8 SYSTEMPATH/CodeIgniter.php(366): CodeIgniter\CodeIgniter->handleRequest()
 9 FCPATH/index.php(67): CodeIgniter\CodeIgniter->run()
CRITICAL - 2025-04-30 12:57:33 --> Undefined variable $brandName
in APPPATH/Views/web/models.php on line 185.
 1 APPPATH/Views/web/models.php(185): CodeIgniter\Debug\Exceptions->errorHandler()
 2 SYSTEMPATH/View/View.php(224): include('/home/k76t07qzzuog/public_html/app/Views/web/models.php')
 3 SYSTEMPATH/View/View.php(227): CodeIgniter\View\View->CodeIgniter\View\{closure}()
 4 SYSTEMPATH/Common.php(1180): CodeIgniter\View\View->render()
 5 APPPATH/Controllers/Home.php(319): view()
 6 SYSTEMPATH/CodeIgniter.php(932): App\Controllers\Home->Models()
 7 SYSTEMPATH/CodeIgniter.php(497): CodeIgniter\CodeIgniter->runController()
 8 SYSTEMPATH/CodeIgniter.php(366): CodeIgniter\CodeIgniter->handleRequest()
 9 FCPATH/index.php(67): CodeIgniter\CodeIgniter->run()
ERROR - 2025-04-30 13:37:52 --> mysqli_sql_exception: Column 'email' cannot be null in /home/k76t07qzzuog/public_html/system/Database/MySQLi/Connection.php:295
Stack trace:
#0 /home/k76t07qzzuog/public_html/system/Database/MySQLi/Connection.php(295): mysqli->query()
#1 /home/k76t07qzzuog/public_html/system/Database/BaseConnection.php(692): CodeIgniter\Database\MySQLi\Connection->execute()
#2 /home/k76t07qzzuog/public_html/system/Database/BaseConnection.php(606): CodeIgniter\Database\BaseConnection->simpleQuery()
#3 /home/k76t07qzzuog/public_html/system/Database/BaseBuilder.php(2309): CodeIgniter\Database\BaseConnection->query()
#4 /home/k76t07qzzuog/public_html/system/Model.php(330): CodeIgniter\Database\BaseBuilder->insert()
#5 /home/k76t07qzzuog/public_html/system/BaseModel.php(782): CodeIgniter\Model->doInsert()
#6 /home/k76t07qzzuog/public_html/system/Model.php(730): CodeIgniter\BaseModel->insert()
#7 /home/k76t07qzzuog/public_html/app/Controllers/Home.php(90): CodeIgniter\Model->insert()
#8 /home/k76t07qzzuog/public_html/system/CodeIgniter.php(932): App\Controllers\Home->userLogin()
#9 /home/k76t07qzzuog/public_html/system/CodeIgniter.php(497): CodeIgniter\CodeIgniter->runController()
#10 /home/k76t07qzzuog/public_html/system/CodeIgniter.php(366): CodeIgniter\CodeIgniter->handleRequest()
#11 /home/k76t07qzzuog/public_html/index.php(67): CodeIgniter\CodeIgniter->run()
#12 {main}
CRITICAL - 2025-04-30 13:37:52 --> Column 'email' cannot be null
in SYSTEMPATH/Database/MySQLi/Connection.php on line 295.
 1 SYSTEMPATH/Database/MySQLi/Connection.php(295): mysqli->query()
 2 SYSTEMPATH/Database/BaseConnection.php(692): CodeIgniter\Database\MySQLi\Connection->execute()
 3 SYSTEMPATH/Database/BaseConnection.php(606): CodeIgniter\Database\BaseConnection->simpleQuery()
 4 SYSTEMPATH/Database/BaseBuilder.php(2309): CodeIgniter\Database\BaseConnection->query()
 5 SYSTEMPATH/Model.php(330): CodeIgniter\Database\BaseBuilder->insert()
 6 SYSTEMPATH/BaseModel.php(782): CodeIgniter\Model->doInsert()
 7 SYSTEMPATH/Model.php(730): CodeIgniter\BaseModel->insert()
 8 APPPATH/Controllers/Home.php(90): CodeIgniter\Model->insert()
 9 SYSTEMPATH/CodeIgniter.php(932): App\Controllers\Home->userLogin()
10 SYSTEMPATH/CodeIgniter.php(497): CodeIgniter\CodeIgniter->runController()
11 SYSTEMPATH/CodeIgniter.php(366): CodeIgniter\CodeIgniter->handleRequest()
12 FCPATH/index.php(67): CodeIgniter\CodeIgniter->run()
ERROR - 2025-04-30 17:05:57 --> mysqli_sql_exception: Column 'email' cannot be null in /home/k76t07qzzuog/public_html/system/Database/MySQLi/Connection.php:295
Stack trace:
#0 /home/k76t07qzzuog/public_html/system/Database/MySQLi/Connection.php(295): mysqli->query()
#1 /home/k76t07qzzuog/public_html/system/Database/BaseConnection.php(692): CodeIgniter\Database\MySQLi\Connection->execute()
#2 /home/k76t07qzzuog/public_html/system/Database/BaseConnection.php(606): CodeIgniter\Database\BaseConnection->simpleQuery()
#3 /home/k76t07qzzuog/public_html/system/Database/BaseBuilder.php(2309): CodeIgniter\Database\BaseConnection->query()
#4 /home/k76t07qzzuog/public_html/system/Model.php(330): CodeIgniter\Database\BaseBuilder->insert()
#5 /home/k76t07qzzuog/public_html/system/BaseModel.php(782): CodeIgniter\Model->doInsert()
#6 /home/k76t07qzzuog/public_html/system/Model.php(730): CodeIgniter\BaseModel->insert()
#7 /home/k76t07qzzuog/public_html/app/Controllers/Home.php(90): CodeIgniter\Model->insert()
#8 /home/k76t07qzzuog/public_html/system/CodeIgniter.php(932): App\Controllers\Home->userLogin()
#9 /home/k76t07qzzuog/public_html/system/CodeIgniter.php(497): CodeIgniter\CodeIgniter->runController()
#10 /home/k76t07qzzuog/public_html/system/CodeIgniter.php(366): CodeIgniter\CodeIgniter->handleRequest()
#11 /home/k76t07qzzuog/public_html/index.php(67): CodeIgniter\CodeIgniter->run()
#12 {main}
CRITICAL - 2025-04-30 17:05:57 --> Column 'email' cannot be null
in SYSTEMPATH/Database/MySQLi/Connection.php on line 295.
 1 SYSTEMPATH/Database/MySQLi/Connection.php(295): mysqli->query()
 2 SYSTEMPATH/Database/BaseConnection.php(692): CodeIgniter\Database\MySQLi\Connection->execute()
 3 SYSTEMPATH/Database/BaseConnection.php(606): CodeIgniter\Database\BaseConnection->simpleQuery()
 4 SYSTEMPATH/Database/BaseBuilder.php(2309): CodeIgniter\Database\BaseConnection->query()
 5 SYSTEMPATH/Model.php(330): CodeIgniter\Database\BaseBuilder->insert()
 6 SYSTEMPATH/BaseModel.php(782): CodeIgniter\Model->doInsert()
 7 SYSTEMPATH/Model.php(730): CodeIgniter\BaseModel->insert()
 8 APPPATH/Controllers/Home.php(90): CodeIgniter\Model->insert()
 9 SYSTEMPATH/CodeIgniter.php(932): App\Controllers\Home->userLogin()
10 SYSTEMPATH/CodeIgniter.php(497): CodeIgniter\CodeIgniter->runController()
11 SYSTEMPATH/CodeIgniter.php(366): CodeIgniter\CodeIgniter->handleRequest()
12 FCPATH/index.php(67): CodeIgniter\CodeIgniter->run()
ERROR - 2025-04-30 22:22:05 --> mysqli_sql_exception: Column 'email' cannot be null in /home/k76t07qzzuog/public_html/system/Database/MySQLi/Connection.php:295
Stack trace:
#0 /home/k76t07qzzuog/public_html/system/Database/MySQLi/Connection.php(295): mysqli->query()
#1 /home/k76t07qzzuog/public_html/system/Database/BaseConnection.php(692): CodeIgniter\Database\MySQLi\Connection->execute()
#2 /home/k76t07qzzuog/public_html/system/Database/BaseConnection.php(606): CodeIgniter\Database\BaseConnection->simpleQuery()
#3 /home/k76t07qzzuog/public_html/system/Database/BaseBuilder.php(2309): CodeIgniter\Database\BaseConnection->query()
#4 /home/k76t07qzzuog/public_html/system/Model.php(330): CodeIgniter\Database\BaseBuilder->insert()
#5 /home/k76t07qzzuog/public_html/system/BaseModel.php(782): CodeIgniter\Model->doInsert()
#6 /home/k76t07qzzuog/public_html/system/Model.php(730): CodeIgniter\BaseModel->insert()
#7 /home/k76t07qzzuog/public_html/app/Controllers/Home.php(90): CodeIgniter\Model->insert()
#8 /home/k76t07qzzuog/public_html/system/CodeIgniter.php(932): App\Controllers\Home->userLogin()
#9 /home/k76t07qzzuog/public_html/system/CodeIgniter.php(497): CodeIgniter\CodeIgniter->runController()
#10 /home/k76t07qzzuog/public_html/system/CodeIgniter.php(366): CodeIgniter\CodeIgniter->handleRequest()
#11 /home/k76t07qzzuog/public_html/index.php(67): CodeIgniter\CodeIgniter->run()
#12 {main}
CRITICAL - 2025-04-30 22:22:05 --> Column 'email' cannot be null
in SYSTEMPATH/Database/MySQLi/Connection.php on line 295.
 1 SYSTEMPATH/Database/MySQLi/Connection.php(295): mysqli->query()
 2 SYSTEMPATH/Database/BaseConnection.php(692): CodeIgniter\Database\MySQLi\Connection->execute()
 3 SYSTEMPATH/Database/BaseConnection.php(606): CodeIgniter\Database\BaseConnection->simpleQuery()
 4 SYSTEMPATH/Database/BaseBuilder.php(2309): CodeIgniter\Database\BaseConnection->query()
 5 SYSTEMPATH/Model.php(330): CodeIgniter\Database\BaseBuilder->insert()
 6 SYSTEMPATH/BaseModel.php(782): CodeIgniter\Model->doInsert()
 7 SYSTEMPATH/Model.php(730): CodeIgniter\BaseModel->insert()
 8 APPPATH/Controllers/Home.php(90): CodeIgniter\Model->insert()
 9 SYSTEMPATH/CodeIgniter.php(932): App\Controllers\Home->userLogin()
10 SYSTEMPATH/CodeIgniter.php(497): CodeIgniter\CodeIgniter->runController()
11 SYSTEMPATH/CodeIgniter.php(366): CodeIgniter\CodeIgniter->handleRequest()
12 FCPATH/index.php(67): CodeIgniter\CodeIgniter->run()
