ERROR - 2025-03-31 10:42:42 --> mysqli_sql_exception: Column 'email' cannot be null in /home/k76t07qzzuog/public_html/system/Database/MySQLi/Connection.php:295
Stack trace:
#0 /home/k76t07qzzuog/public_html/system/Database/MySQLi/Connection.php(295): mysqli->query()
#1 /home/k76t07qzzuog/public_html/system/Database/BaseConnection.php(692): CodeIgniter\Database\MySQLi\Connection->execute()
#2 /home/k76t07qzzuog/public_html/system/Database/BaseConnection.php(606): CodeIgniter\Database\BaseConnection->simpleQuery()
#3 /home/k76t07qzzuog/public_html/system/Database/BaseBuilder.php(2309): CodeIgniter\Database\BaseConnection->query()
#4 /home/k76t07qzzuog/public_html/system/Model.php(330): CodeIgniter\Database\BaseBuilder->insert()
#5 /home/k76t07qzzuog/public_html/system/BaseModel.php(782): CodeIgniter\Model->doInsert()
#6 /home/k76t07qzzuog/public_html/system/Model.php(730): CodeIgniter\BaseModel->insert()
#7 /home/k76t07qzzuog/public_html/app/Controllers/Home.php(83): CodeIgniter\Model->insert()
#8 /home/k76t07qzzuog/public_html/system/CodeIgniter.php(932): App\Controllers\Home->userLogin()
#9 /home/k76t07qzzuog/public_html/system/CodeIgniter.php(497): CodeIgniter\CodeIgniter->runController()
#10 /home/k76t07qzzuog/public_html/system/CodeIgniter.php(366): CodeIgniter\CodeIgniter->handleRequest()
#11 /home/k76t07qzzuog/public_html/index.php(67): CodeIgniter\CodeIgniter->run()
#12 {main}
CRITICAL - 2025-03-31 10:42:42 --> Column 'email' cannot be null
in SYSTEMPATH/Database/MySQLi/Connection.php on line 295.
 1 SYSTEMPATH/Database/MySQLi/Connection.php(295): mysqli->query()
 2 SYSTEMPATH/Database/BaseConnection.php(692): CodeIgniter\Database\MySQLi\Connection->execute()
 3 SYSTEMPATH/Database/BaseConnection.php(606): CodeIgniter\Database\BaseConnection->simpleQuery()
 4 SYSTEMPATH/Database/BaseBuilder.php(2309): CodeIgniter\Database\BaseConnection->query()
 5 SYSTEMPATH/Model.php(330): CodeIgniter\Database\BaseBuilder->insert()
 6 SYSTEMPATH/BaseModel.php(782): CodeIgniter\Model->doInsert()
 7 SYSTEMPATH/Model.php(730): CodeIgniter\BaseModel->insert()
 8 APPPATH/Controllers/Home.php(83): CodeIgniter\Model->insert()
 9 SYSTEMPATH/CodeIgniter.php(932): App\Controllers\Home->userLogin()
10 SYSTEMPATH/CodeIgniter.php(497): CodeIgniter\CodeIgniter->runController()
11 SYSTEMPATH/CodeIgniter.php(366): CodeIgniter\CodeIgniter->handleRequest()
12 FCPATH/index.php(67): CodeIgniter\CodeIgniter->run()
ERROR - 2025-03-31 11:35:24 --> mysqli_sql_exception: Column 'email' cannot be null in /home/k76t07qzzuog/public_html/system/Database/MySQLi/Connection.php:295
Stack trace:
#0 /home/k76t07qzzuog/public_html/system/Database/MySQLi/Connection.php(295): mysqli->query()
#1 /home/k76t07qzzuog/public_html/system/Database/BaseConnection.php(692): CodeIgniter\Database\MySQLi\Connection->execute()
#2 /home/k76t07qzzuog/public_html/system/Database/BaseConnection.php(606): CodeIgniter\Database\BaseConnection->simpleQuery()
#3 /home/k76t07qzzuog/public_html/system/Database/BaseBuilder.php(2309): CodeIgniter\Database\BaseConnection->query()
#4 /home/k76t07qzzuog/public_html/system/Model.php(330): CodeIgniter\Database\BaseBuilder->insert()
#5 /home/k76t07qzzuog/public_html/system/BaseModel.php(782): CodeIgniter\Model->doInsert()
#6 /home/k76t07qzzuog/public_html/system/Model.php(730): CodeIgniter\BaseModel->insert()
#7 /home/k76t07qzzuog/public_html/app/Controllers/Home.php(83): CodeIgniter\Model->insert()
#8 /home/k76t07qzzuog/public_html/system/CodeIgniter.php(932): App\Controllers\Home->userLogin()
#9 /home/k76t07qzzuog/public_html/system/CodeIgniter.php(497): CodeIgniter\CodeIgniter->runController()
#10 /home/k76t07qzzuog/public_html/system/CodeIgniter.php(366): CodeIgniter\CodeIgniter->handleRequest()
#11 /home/k76t07qzzuog/public_html/index.php(67): CodeIgniter\CodeIgniter->run()
#12 {main}
CRITICAL - 2025-03-31 11:35:24 --> Column 'email' cannot be null
in SYSTEMPATH/Database/MySQLi/Connection.php on line 295.
 1 SYSTEMPATH/Database/MySQLi/Connection.php(295): mysqli->query()
 2 SYSTEMPATH/Database/BaseConnection.php(692): CodeIgniter\Database\MySQLi\Connection->execute()
 3 SYSTEMPATH/Database/BaseConnection.php(606): CodeIgniter\Database\BaseConnection->simpleQuery()
 4 SYSTEMPATH/Database/BaseBuilder.php(2309): CodeIgniter\Database\BaseConnection->query()
 5 SYSTEMPATH/Model.php(330): CodeIgniter\Database\BaseBuilder->insert()
 6 SYSTEMPATH/BaseModel.php(782): CodeIgniter\Model->doInsert()
 7 SYSTEMPATH/Model.php(730): CodeIgniter\BaseModel->insert()
 8 APPPATH/Controllers/Home.php(83): CodeIgniter\Model->insert()
 9 SYSTEMPATH/CodeIgniter.php(932): App\Controllers\Home->userLogin()
10 SYSTEMPATH/CodeIgniter.php(497): CodeIgniter\CodeIgniter->runController()
11 SYSTEMPATH/CodeIgniter.php(366): CodeIgniter\CodeIgniter->handleRequest()
12 FCPATH/index.php(67): CodeIgniter\CodeIgniter->run()
ERROR - 2025-03-31 16:52:05 --> mysqli_sql_exception: Column 'email' cannot be null in /home/k76t07qzzuog/public_html/system/Database/MySQLi/Connection.php:295
Stack trace:
#0 /home/k76t07qzzuog/public_html/system/Database/MySQLi/Connection.php(295): mysqli->query()
#1 /home/k76t07qzzuog/public_html/system/Database/BaseConnection.php(692): CodeIgniter\Database\MySQLi\Connection->execute()
#2 /home/k76t07qzzuog/public_html/system/Database/BaseConnection.php(606): CodeIgniter\Database\BaseConnection->simpleQuery()
#3 /home/k76t07qzzuog/public_html/system/Database/BaseBuilder.php(2309): CodeIgniter\Database\BaseConnection->query()
#4 /home/k76t07qzzuog/public_html/system/Model.php(330): CodeIgniter\Database\BaseBuilder->insert()
#5 /home/k76t07qzzuog/public_html/system/BaseModel.php(782): CodeIgniter\Model->doInsert()
#6 /home/k76t07qzzuog/public_html/system/Model.php(730): CodeIgniter\BaseModel->insert()
#7 /home/k76t07qzzuog/public_html/app/Controllers/Home.php(83): CodeIgniter\Model->insert()
#8 /home/k76t07qzzuog/public_html/system/CodeIgniter.php(932): App\Controllers\Home->userLogin()
#9 /home/k76t07qzzuog/public_html/system/CodeIgniter.php(497): CodeIgniter\CodeIgniter->runController()
#10 /home/k76t07qzzuog/public_html/system/CodeIgniter.php(366): CodeIgniter\CodeIgniter->handleRequest()
#11 /home/k76t07qzzuog/public_html/index.php(67): CodeIgniter\CodeIgniter->run()
#12 {main}
CRITICAL - 2025-03-31 16:52:05 --> Column 'email' cannot be null
in SYSTEMPATH/Database/MySQLi/Connection.php on line 295.
 1 SYSTEMPATH/Database/MySQLi/Connection.php(295): mysqli->query()
 2 SYSTEMPATH/Database/BaseConnection.php(692): CodeIgniter\Database\MySQLi\Connection->execute()
 3 SYSTEMPATH/Database/BaseConnection.php(606): CodeIgniter\Database\BaseConnection->simpleQuery()
 4 SYSTEMPATH/Database/BaseBuilder.php(2309): CodeIgniter\Database\BaseConnection->query()
 5 SYSTEMPATH/Model.php(330): CodeIgniter\Database\BaseBuilder->insert()
 6 SYSTEMPATH/BaseModel.php(782): CodeIgniter\Model->doInsert()
 7 SYSTEMPATH/Model.php(730): CodeIgniter\BaseModel->insert()
 8 APPPATH/Controllers/Home.php(83): CodeIgniter\Model->insert()
 9 SYSTEMPATH/CodeIgniter.php(932): App\Controllers\Home->userLogin()
10 SYSTEMPATH/CodeIgniter.php(497): CodeIgniter\CodeIgniter->runController()
11 SYSTEMPATH/CodeIgniter.php(366): CodeIgniter\CodeIgniter->handleRequest()
12 FCPATH/index.php(67): CodeIgniter\CodeIgniter->run()
ERROR - 2025-03-31 20:21:35 --> mysqli_sql_exception: Column 'email' cannot be null in /home/k76t07qzzuog/public_html/system/Database/MySQLi/Connection.php:295
Stack trace:
#0 /home/k76t07qzzuog/public_html/system/Database/MySQLi/Connection.php(295): mysqli->query()
#1 /home/k76t07qzzuog/public_html/system/Database/BaseConnection.php(692): CodeIgniter\Database\MySQLi\Connection->execute()
#2 /home/k76t07qzzuog/public_html/system/Database/BaseConnection.php(606): CodeIgniter\Database\BaseConnection->simpleQuery()
#3 /home/k76t07qzzuog/public_html/system/Database/BaseBuilder.php(2309): CodeIgniter\Database\BaseConnection->query()
#4 /home/k76t07qzzuog/public_html/system/Model.php(330): CodeIgniter\Database\BaseBuilder->insert()
#5 /home/k76t07qzzuog/public_html/system/BaseModel.php(782): CodeIgniter\Model->doInsert()
#6 /home/k76t07qzzuog/public_html/system/Model.php(730): CodeIgniter\BaseModel->insert()
#7 /home/k76t07qzzuog/public_html/app/Controllers/Home.php(83): CodeIgniter\Model->insert()
#8 /home/k76t07qzzuog/public_html/system/CodeIgniter.php(932): App\Controllers\Home->userLogin()
#9 /home/k76t07qzzuog/public_html/system/CodeIgniter.php(497): CodeIgniter\CodeIgniter->runController()
#10 /home/k76t07qzzuog/public_html/system/CodeIgniter.php(366): CodeIgniter\CodeIgniter->handleRequest()
#11 /home/k76t07qzzuog/public_html/index.php(67): CodeIgniter\CodeIgniter->run()
#12 {main}
CRITICAL - 2025-03-31 20:21:35 --> Column 'email' cannot be null
in SYSTEMPATH/Database/MySQLi/Connection.php on line 295.
 1 SYSTEMPATH/Database/MySQLi/Connection.php(295): mysqli->query()
 2 SYSTEMPATH/Database/BaseConnection.php(692): CodeIgniter\Database\MySQLi\Connection->execute()
 3 SYSTEMPATH/Database/BaseConnection.php(606): CodeIgniter\Database\BaseConnection->simpleQuery()
 4 SYSTEMPATH/Database/BaseBuilder.php(2309): CodeIgniter\Database\BaseConnection->query()
 5 SYSTEMPATH/Model.php(330): CodeIgniter\Database\BaseBuilder->insert()
 6 SYSTEMPATH/BaseModel.php(782): CodeIgniter\Model->doInsert()
 7 SYSTEMPATH/Model.php(730): CodeIgniter\BaseModel->insert()
 8 APPPATH/Controllers/Home.php(83): CodeIgniter\Model->insert()
 9 SYSTEMPATH/CodeIgniter.php(932): App\Controllers\Home->userLogin()
10 SYSTEMPATH/CodeIgniter.php(497): CodeIgniter\CodeIgniter->runController()
11 SYSTEMPATH/CodeIgniter.php(366): CodeIgniter\CodeIgniter->handleRequest()
12 FCPATH/index.php(67): CodeIgniter\CodeIgniter->run()
ERROR - 2025-03-31 20:48:49 --> mysqli_sql_exception: Column 'email' cannot be null in /home/k76t07qzzuog/public_html/system/Database/MySQLi/Connection.php:295
Stack trace:
#0 /home/k76t07qzzuog/public_html/system/Database/MySQLi/Connection.php(295): mysqli->query()
#1 /home/k76t07qzzuog/public_html/system/Database/BaseConnection.php(692): CodeIgniter\Database\MySQLi\Connection->execute()
#2 /home/k76t07qzzuog/public_html/system/Database/BaseConnection.php(606): CodeIgniter\Database\BaseConnection->simpleQuery()
#3 /home/k76t07qzzuog/public_html/system/Database/BaseBuilder.php(2309): CodeIgniter\Database\BaseConnection->query()
#4 /home/k76t07qzzuog/public_html/system/Model.php(330): CodeIgniter\Database\BaseBuilder->insert()
#5 /home/k76t07qzzuog/public_html/system/BaseModel.php(782): CodeIgniter\Model->doInsert()
#6 /home/k76t07qzzuog/public_html/system/Model.php(730): CodeIgniter\BaseModel->insert()
#7 /home/k76t07qzzuog/public_html/app/Controllers/Home.php(83): CodeIgniter\Model->insert()
#8 /home/k76t07qzzuog/public_html/system/CodeIgniter.php(932): App\Controllers\Home->userLogin()
#9 /home/k76t07qzzuog/public_html/system/CodeIgniter.php(497): CodeIgniter\CodeIgniter->runController()
#10 /home/k76t07qzzuog/public_html/system/CodeIgniter.php(366): CodeIgniter\CodeIgniter->handleRequest()
#11 /home/k76t07qzzuog/public_html/index.php(67): CodeIgniter\CodeIgniter->run()
#12 {main}
CRITICAL - 2025-03-31 20:48:49 --> Column 'email' cannot be null
in SYSTEMPATH/Database/MySQLi/Connection.php on line 295.
 1 SYSTEMPATH/Database/MySQLi/Connection.php(295): mysqli->query()
 2 SYSTEMPATH/Database/BaseConnection.php(692): CodeIgniter\Database\MySQLi\Connection->execute()
 3 SYSTEMPATH/Database/BaseConnection.php(606): CodeIgniter\Database\BaseConnection->simpleQuery()
 4 SYSTEMPATH/Database/BaseBuilder.php(2309): CodeIgniter\Database\BaseConnection->query()
 5 SYSTEMPATH/Model.php(330): CodeIgniter\Database\BaseBuilder->insert()
 6 SYSTEMPATH/BaseModel.php(782): CodeIgniter\Model->doInsert()
 7 SYSTEMPATH/Model.php(730): CodeIgniter\BaseModel->insert()
 8 APPPATH/Controllers/Home.php(83): CodeIgniter\Model->insert()
 9 SYSTEMPATH/CodeIgniter.php(932): App\Controllers\Home->userLogin()
10 SYSTEMPATH/CodeIgniter.php(497): CodeIgniter\CodeIgniter->runController()
11 SYSTEMPATH/CodeIgniter.php(366): CodeIgniter\CodeIgniter->handleRequest()
12 FCPATH/index.php(67): CodeIgniter\CodeIgniter->run()
