CRITICAL - 2025-02-12 05:17:50 --> Invalid file: "login.php"
in SYSTEMPATH\Exceptions\FrameworkException.php on line 33.
 1 SYSTEMPATH\View\View.php(212): CodeIgniter\Exceptions\FrameworkException::forInvalidFile('login.php')
 2 SYSTEMPATH\Common.php(1180): CodeIgniter\View\View->render('login', [], true)
 3 APPPATH\Controllers\Controllerlogin.php(16): view('login')
 4 SYSTEMPATH\CodeIgniter.php(932): App\Controllers\Controllerlogin->index()
 5 SYSTEMPATH\CodeIgniter.php(497): CodeIgniter\CodeIgniter->runController(Object(App\Controllers\Controllerlogin))
 6 SYSTEMPATH\CodeIgniter.php(366): CodeIgniter\CodeIgniter->handleRequest(null, Object(Config\Cache), false)
 7 FCPATH\index.php(67): CodeIgniter\CodeIgniter->run()
CRITICAL - 2025-02-12 05:18:02 --> Invalid file: "login.php"
in SYSTEMPATH\Exceptions\FrameworkException.php on line 33.
 1 SYSTEMPATH\View\View.php(212): CodeIgniter\Exceptions\FrameworkException::forInvalidFile('login.php')
 2 SYSTEMPATH\Common.php(1180): CodeIgniter\View\View->render('login', [], true)
 3 APPPATH\Controllers\Controllerlogin.php(16): view('login')
 4 SYSTEMPATH\CodeIgniter.php(932): App\Controllers\Controllerlogin->index()
 5 SYSTEMPATH\CodeIgniter.php(497): CodeIgniter\CodeIgniter->runController(Object(App\Controllers\Controllerlogin))
 6 SYSTEMPATH\CodeIgniter.php(366): CodeIgniter\CodeIgniter->handleRequest(null, Object(Config\Cache), false)
 7 FCPATH\index.php(67): CodeIgniter\CodeIgniter->run()
ERROR - 2025-02-12 05:30:00 --> mysqli_sql_exception: Table 'cpl.users011' doesn't exist in C:\xampp\htdocs\cpl\system\Database\MySQLi\Connection.php:295
Stack trace:
#0 C:\xampp\htdocs\cpl\system\Database\MySQLi\Connection.php(295): mysqli->query('SELECT *\nFROM `...', 0)
#1 C:\xampp\htdocs\cpl\system\Database\BaseConnection.php(692): CodeIgniter\Database\MySQLi\Connection->execute('SELECT *\nFROM `...')
#2 C:\xampp\htdocs\cpl\system\Database\BaseConnection.php(606): CodeIgniter\Database\BaseConnection->simpleQuery('SELECT *\nFROM `...')
#3 C:\xampp\htdocs\cpl\system\Database\BaseBuilder.php(1616): CodeIgniter\Database\BaseConnection->query('SELECT *\nFROM `...', Array, false)
#4 C:\xampp\htdocs\cpl\system\Model.php(268): CodeIgniter\Database\BaseBuilder->get()
#5 C:\xampp\htdocs\cpl\system\BaseModel.php(656): CodeIgniter\Model->doFirst()
#6 C:\xampp\htdocs\cpl\app\Controllers\Controllerlogin.php(27): CodeIgniter\BaseModel->first()
#7 C:\xampp\htdocs\cpl\system\CodeIgniter.php(932): App\Controllers\Controllerlogin->login()
#8 C:\xampp\htdocs\cpl\system\CodeIgniter.php(497): CodeIgniter\CodeIgniter->runController(Object(App\Controllers\Controllerlogin))
#9 C:\xampp\htdocs\cpl\system\CodeIgniter.php(366): CodeIgniter\CodeIgniter->handleRequest(NULL, Object(Config\Cache), false)
#10 C:\xampp\htdocs\cpl\index.php(67): CodeIgniter\CodeIgniter->run()
#11 {main}
CRITICAL - 2025-02-12 05:30:00 --> Table 'cpl.users011' doesn't exist
in SYSTEMPATH\Database\MySQLi\Connection.php on line 295.
 1 SYSTEMPATH\Database\MySQLi\Connection.php(295): mysqli->query('SELECT *
FROM `users011`
WHERE `username` = \'admin\'
 LIMIT 1', 0)
 2 SYSTEMPATH\Database\BaseConnection.php(692): CodeIgniter\Database\MySQLi\Connection->execute('SELECT *
FROM `users011`
WHERE `username` = \'admin\'
 LIMIT 1')
 3 SYSTEMPATH\Database\BaseConnection.php(606): CodeIgniter\Database\BaseConnection->simpleQuery('SELECT *
FROM `users011`
WHERE `username` = \'admin\'
 LIMIT 1')
 4 SYSTEMPATH\Database\BaseBuilder.php(1616): CodeIgniter\Database\BaseConnection->query('SELECT *
FROM `users011`
WHERE `username` = :username:
 LIMIT 1', [...], false)
 5 SYSTEMPATH\Model.php(268): CodeIgniter\Database\BaseBuilder->get()
 6 SYSTEMPATH\BaseModel.php(656): CodeIgniter\Model->doFirst()
 7 APPPATH\Controllers\Controllerlogin.php(27): CodeIgniter\BaseModel->first()
 8 SYSTEMPATH\CodeIgniter.php(932): App\Controllers\Controllerlogin->login()
 9 SYSTEMPATH\CodeIgniter.php(497): CodeIgniter\CodeIgniter->runController(Object(App\Controllers\Controllerlogin))
10 SYSTEMPATH\CodeIgniter.php(366): CodeIgniter\CodeIgniter->handleRequest(null, Object(Config\Cache), false)
11 FCPATH\index.php(67): CodeIgniter\CodeIgniter->run()
CRITICAL - 2025-02-12 05:45:43 --> include(admin/partials/header.php): Failed to open stream: No such file or directory
in APPPATH\Views\admin\dashboard.php on line 1.
 1 APPPATH\Views\admin\dashboard.php(1): CodeIgniter\Debug\Exceptions->errorHandler(2, 'include(admin/partials/header.php): Failed to open stream: No such file or directory', 'C:\\xampp\\htdocs\\cpl\\app\\Views\\admin\\dashboard.php', 1)
 2 APPPATH\Views\admin\dashboard.php(1): include()
 3 SYSTEMPATH\View\View.php(224): include('C:\\xampp\\htdocs\\cpl\\app\\Views\\admin\\dashboard.php')
 4 SYSTEMPATH\View\View.php(227): CodeIgniter\View\View->CodeIgniter\View\{closure}()
 5 SYSTEMPATH\Common.php(1180): CodeIgniter\View\View->render('admin/dashboard', [], true)
 6 APPPATH\Controllers\Controllerlogin.php(76): view('admin/dashboard')
 7 SYSTEMPATH\CodeIgniter.php(932): App\Controllers\Controllerlogin->Dashboard()
 8 SYSTEMPATH\CodeIgniter.php(497): CodeIgniter\CodeIgniter->runController(Object(App\Controllers\Controllerlogin))
 9 SYSTEMPATH\CodeIgniter.php(366): CodeIgniter\CodeIgniter->handleRequest(null, Object(Config\Cache), false)
10 FCPATH\index.php(67): CodeIgniter\CodeIgniter->run()
CRITICAL - 2025-02-12 05:47:42 --> Undefined property: CodeIgniter\View\View::$uri
in APPPATH\Views\admin\partials\sidebar.php on line 10.
 1 APPPATH\Views\admin\partials\sidebar.php(10): CodeIgniter\Debug\Exceptions->errorHandler(2, 'Undefined property: CodeIgniter\\View\\View::$uri', 'C:\\xampp\\htdocs\\cpl\\app\\Views\\admin\\partials\\sidebar.php', 10)
 2 SYSTEMPATH\View\View.php(224): include('C:\\xampp\\htdocs\\cpl\\app\\Views\\admin\\partials\\sidebar.php')
 3 SYSTEMPATH\View\View.php(227): CodeIgniter\View\View->CodeIgniter\View\{closure}()
 4 SYSTEMPATH\Common.php(1180): CodeIgniter\View\View->render('admin/partials/sidebar.php', [], true)
 5 APPPATH\Views\admin\dashboard.php(2): view('admin/partials/sidebar.php')
 6 SYSTEMPATH\View\View.php(224): include('C:\\xampp\\htdocs\\cpl\\app\\Views\\admin\\dashboard.php')
 7 SYSTEMPATH\View\View.php(227): CodeIgniter\View\View->CodeIgniter\View\{closure}()
 8 SYSTEMPATH\Common.php(1180): CodeIgniter\View\View->render('admin/dashboard', [], true)
 9 APPPATH\Controllers\Controllerlogin.php(76): view('admin/dashboard')
10 SYSTEMPATH\CodeIgniter.php(932): App\Controllers\Controllerlogin->Dashboard()
11 SYSTEMPATH\CodeIgniter.php(497): CodeIgniter\CodeIgniter->runController(Object(App\Controllers\Controllerlogin))
12 SYSTEMPATH\CodeIgniter.php(366): CodeIgniter\CodeIgniter->handleRequest(null, Object(Config\Cache), false)
13 FCPATH\index.php(67): CodeIgniter\CodeIgniter->run()
CRITICAL - 2025-02-12 10:15:02 --> Invalid file: "/admin.php"
in SYSTEMPATH\Exceptions\FrameworkException.php on line 33.
 1 SYSTEMPATH\View\View.php(212): CodeIgniter\Exceptions\FrameworkException::forInvalidFile('/admin.php')
 2 SYSTEMPATH\Common.php(1180): CodeIgniter\View\View->render('/admin', [], true)
 3 APPPATH\Controllers\Controllerlogin.php(73): view('/admin')
 4 SYSTEMPATH\CodeIgniter.php(932): App\Controllers\Controllerlogin->Logout()
 5 SYSTEMPATH\CodeIgniter.php(497): CodeIgniter\CodeIgniter->runController(Object(App\Controllers\Controllerlogin))
 6 SYSTEMPATH\CodeIgniter.php(366): CodeIgniter\CodeIgniter->handleRequest(null, Object(Config\Cache), false)
 7 FCPATH\index.php(67): CodeIgniter\CodeIgniter->run()
CRITICAL - 2025-02-12 11:26:47 --> The action you requested is not allowed.
in SYSTEMPATH\Security\Security.php on line 306.
 1 SYSTEMPATH\Security\Security.php(306): CodeIgniter\Security\Exceptions\SecurityException::forDisallowedAction()
 2 SYSTEMPATH\Filters\CSRF.php(55): CodeIgniter\Security\Security->verify(Object(CodeIgniter\HTTP\IncomingRequest))
 3 APPPATH\Filters\CustomCSRF.php(24): CodeIgniter\Filters\CSRF->before(Object(CodeIgniter\HTTP\IncomingRequest), null)
 4 SYSTEMPATH\Filters\Filters.php(173): App\Filters\CustomCSRF->before(Object(CodeIgniter\HTTP\IncomingRequest), null)
 5 SYSTEMPATH\CodeIgniter.php(471): CodeIgniter\Filters\Filters->run('/admin', 'before')
 6 SYSTEMPATH\CodeIgniter.php(366): CodeIgniter\CodeIgniter->handleRequest(null, Object(Config\Cache), false)
 7 FCPATH\index.php(67): CodeIgniter\CodeIgniter->run()
CRITICAL - 2025-02-12 11:26:52 --> The action you requested is not allowed.
in SYSTEMPATH\Security\Security.php on line 306.
 1 SYSTEMPATH\Security\Security.php(306): CodeIgniter\Security\Exceptions\SecurityException::forDisallowedAction()
 2 SYSTEMPATH\Filters\CSRF.php(55): CodeIgniter\Security\Security->verify(Object(CodeIgniter\HTTP\IncomingRequest))
 3 APPPATH\Filters\CustomCSRF.php(24): CodeIgniter\Filters\CSRF->before(Object(CodeIgniter\HTTP\IncomingRequest), null)
 4 SYSTEMPATH\Filters\Filters.php(173): App\Filters\CustomCSRF->before(Object(CodeIgniter\HTTP\IncomingRequest), null)
 5 SYSTEMPATH\CodeIgniter.php(471): CodeIgniter\Filters\Filters->run('/admin', 'before')
 6 SYSTEMPATH\CodeIgniter.php(366): CodeIgniter\CodeIgniter->handleRequest(null, Object(Config\Cache), false)
 7 FCPATH\index.php(67): CodeIgniter\CodeIgniter->run()
CRITICAL - 2025-02-12 11:37:27 --> Undefined property: CodeIgniter\View\View::$session
in APPPATH\Views\admin\banner-view.php on line 9.
 1 APPPATH\Views\admin\banner-view.php(9): CodeIgniter\Debug\Exceptions->errorHandler(2, 'Undefined property: CodeIgniter\\View\\View::$session', 'C:\\xampp\\htdocs\\cpl\\app\\Views\\admin\\banner-view.php', 9)
 2 SYSTEMPATH\View\View.php(224): include('C:\\xampp\\htdocs\\cpl\\app\\Views\\admin\\banner-view.php')
 3 SYSTEMPATH\View\View.php(227): CodeIgniter\View\View->CodeIgniter\View\{closure}()
 4 SYSTEMPATH\Common.php(1180): CodeIgniter\View\View->render('admin/banner-view', [], true)
 5 APPPATH\Controllers\Banner.php(14): view('admin/banner-view')
 6 SYSTEMPATH\CodeIgniter.php(932): App\Controllers\Banner->index()
 7 SYSTEMPATH\CodeIgniter.php(497): CodeIgniter\CodeIgniter->runController(Object(App\Controllers\Banner))
 8 SYSTEMPATH\CodeIgniter.php(366): CodeIgniter\CodeIgniter->handleRequest(null, Object(Config\Cache), false)
 9 FCPATH\index.php(67): CodeIgniter\CodeIgniter->run()
CRITICAL - 2025-02-12 12:06:29 --> Undefined property: CodeIgniter\View\View::$session
in APPPATH\Views\admin\banner-view.php on line 9.
 1 APPPATH\Views\admin\banner-view.php(9): CodeIgniter\Debug\Exceptions->errorHandler(2, 'Undefined property: CodeIgniter\\View\\View::$session', 'C:\\xampp\\htdocs\\cpl\\app\\Views\\admin\\banner-view.php', 9)
 2 SYSTEMPATH\View\View.php(224): include('C:\\xampp\\htdocs\\cpl\\app\\Views\\admin\\banner-view.php')
 3 SYSTEMPATH\View\View.php(227): CodeIgniter\View\View->CodeIgniter\View\{closure}()
 4 SYSTEMPATH\Common.php(1180): CodeIgniter\View\View->render('admin/banner-view', [], true)
 5 APPPATH\Controllers\Banner.php(14): view('admin/banner-view')
 6 SYSTEMPATH\CodeIgniter.php(932): App\Controllers\Banner->index()
 7 SYSTEMPATH\CodeIgniter.php(497): CodeIgniter\CodeIgniter->runController(Object(App\Controllers\Banner))
 8 SYSTEMPATH\CodeIgniter.php(366): CodeIgniter\CodeIgniter->handleRequest(null, Object(Config\Cache), false)
 9 FCPATH\index.php(67): CodeIgniter\CodeIgniter->run()
CRITICAL - 2025-02-12 12:06:30 --> Undefined property: CodeIgniter\View\View::$session
in APPPATH\Views\admin\banner-view.php on line 9.
 1 APPPATH\Views\admin\banner-view.php(9): CodeIgniter\Debug\Exceptions->errorHandler(2, 'Undefined property: CodeIgniter\\View\\View::$session', 'C:\\xampp\\htdocs\\cpl\\app\\Views\\admin\\banner-view.php', 9)
 2 SYSTEMPATH\View\View.php(224): include('C:\\xampp\\htdocs\\cpl\\app\\Views\\admin\\banner-view.php')
 3 SYSTEMPATH\View\View.php(227): CodeIgniter\View\View->CodeIgniter\View\{closure}()
 4 SYSTEMPATH\Common.php(1180): CodeIgniter\View\View->render('admin/banner-view', [], true)
 5 APPPATH\Controllers\Banner.php(14): view('admin/banner-view')
 6 SYSTEMPATH\CodeIgniter.php(932): App\Controllers\Banner->index()
 7 SYSTEMPATH\CodeIgniter.php(497): CodeIgniter\CodeIgniter->runController(Object(App\Controllers\Banner))
 8 SYSTEMPATH\CodeIgniter.php(366): CodeIgniter\CodeIgniter->handleRequest(null, Object(Config\Cache), false)
 9 FCPATH\index.php(67): CodeIgniter\CodeIgniter->run()
