CRITICAL - 2023-10-28 09:25:50 --> The action you requested is not allowed.
in SYSTEMPATH/Security/Security.php on line 306.
 1 SYSTEMPATH/Security/Security.php(306): CodeIgniter\Security\Exceptions\SecurityException::forDisallowedAction()
 2 SYSTEMPATH/Filters/CSRF.php(55): CodeIgniter\Security\Security->verify(Object(CodeIgniter\HTTP\IncomingRequest))
 3 APPPATH/Filters/CustomCSRF.php(24): CodeIgniter\Filters\CSRF->before(Object(CodeIgniter\HTTP\IncomingRequest), null)
 4 SYSTEMPATH/Filters/Filters.php(173): App\Filters\CustomCSRF->before(Object(CodeIgniter\HTTP\IncomingRequest), null)
 5 SYSTEMPATH/CodeIgniter.php(471): CodeIgniter\Filters\Filters->run('/', 'before')
 6 SYSTEMPATH/CodeIgniter.php(366): CodeIgniter\CodeIgniter->handleRequest(null, Object(Config\Cache), false)
 7 FCPATH/index.php(67): CodeIgniter\CodeIgniter->run()
CRITICAL - 2023-10-28 09:27:15 --> Trying to access array offset on value of type null
in APPPATH/Views/bgv.php on line 345.
 1 APPPATH/Views/bgv.php(345): CodeIgniter\Debug\Exceptions->errorHandler(2, 'Trying to access array offset on value of type null', '/home3/reliableverify/public_html/crm/app/Views/bgv.php', 345)
 2 SYSTEMPATH/View/View.php(224): include('/home3/reliableverify/public_html/crm/app/Views/bgv.php')
 3 SYSTEMPATH/View/View.php(227): CodeIgniter\View\View->CodeIgniter\View\{closure}()
 4 SYSTEMPATH/Common.php(1180): CodeIgniter\View\View->render('bgv', [], true)
 5 APPPATH/Controllers/BgvController.php(59): view('bgv', [...])
 6 SYSTEMPATH/CodeIgniter.php(932): App\Controllers\BgvController->backgroundVerify()
 7 SYSTEMPATH/CodeIgniter.php(497): CodeIgniter\CodeIgniter->runController(Object(App\Controllers\BgvController))
 8 SYSTEMPATH/CodeIgniter.php(366): CodeIgniter\CodeIgniter->handleRequest(null, Object(Config\Cache), false)
 9 FCPATH/index.php(67): CodeIgniter\CodeIgniter->run()
CRITICAL - 2023-10-28 09:38:47 --> Trying to access array offset on value of type null
in APPPATH/Views/bgv.php on line 345.
 1 APPPATH/Views/bgv.php(345): CodeIgniter\Debug\Exceptions->errorHandler(2, 'Trying to access array offset on value of type null', '/home3/reliableverify/public_html/crm/app/Views/bgv.php', 345)
 2 SYSTEMPATH/View/View.php(224): include('/home3/reliableverify/public_html/crm/app/Views/bgv.php')
 3 SYSTEMPATH/View/View.php(227): CodeIgniter\View\View->CodeIgniter\View\{closure}()
 4 SYSTEMPATH/Common.php(1180): CodeIgniter\View\View->render('bgv', [], true)
 5 APPPATH/Controllers/BgvController.php(59): view('bgv', [...])
 6 SYSTEMPATH/CodeIgniter.php(932): App\Controllers\BgvController->backgroundVerify()
 7 SYSTEMPATH/CodeIgniter.php(497): CodeIgniter\CodeIgniter->runController(Object(App\Controllers\BgvController))
 8 SYSTEMPATH/CodeIgniter.php(366): CodeIgniter\CodeIgniter->handleRequest(null, Object(Config\Cache), false)
 9 FCPATH/index.php(67): CodeIgniter\CodeIgniter->run()
CRITICAL - 2023-10-28 13:22:37 --> Undefined variable $intrim
in APPPATH/Views/emp-dashboard.php on line 280.
 1 APPPATH/Views/emp-dashboard.php(280): CodeIgniter\Debug\Exceptions->errorHandler(2, 'Undefined variable $intrim', '/home3/reliableverify/public_html/crm/app/Views/emp-dashboard.php', 280)
 2 SYSTEMPATH/View/View.php(224): include('/home3/reliableverify/public_html/crm/app/Views/emp-dashboard.php')
 3 SYSTEMPATH/View/View.php(227): CodeIgniter\View\View->CodeIgniter\View\{closure}()
 4 SYSTEMPATH/Common.php(1180): CodeIgniter\View\View->render('emp-dashboard', [], true)
 5 APPPATH/Controllers/Controllerusers.php(142): view('emp-dashboard', [...])
 6 SYSTEMPATH/CodeIgniter.php(932): App\Controllers\Controllerusers->empdash()
 7 SYSTEMPATH/CodeIgniter.php(497): CodeIgniter\CodeIgniter->runController(Object(App\Controllers\Controllerusers))
 8 SYSTEMPATH/CodeIgniter.php(366): CodeIgniter\CodeIgniter->handleRequest(null, Object(Config\Cache), false)
 9 FCPATH/index.php(67): CodeIgniter\CodeIgniter->run()
CRITICAL - 2023-10-28 14:29:07 --> The action you requested is not allowed.
in SYSTEMPATH/Security/Security.php on line 306.
 1 SYSTEMPATH/Security/Security.php(306): CodeIgniter\Security\Exceptions\SecurityException::forDisallowedAction()
 2 SYSTEMPATH/Filters/CSRF.php(55): CodeIgniter\Security\Security->verify(Object(CodeIgniter\HTTP\IncomingRequest))
 3 APPPATH/Filters/CustomCSRF.php(24): CodeIgniter\Filters\CSRF->before(Object(CodeIgniter\HTTP\IncomingRequest), null)
 4 SYSTEMPATH/Filters/Filters.php(173): App\Filters\CustomCSRF->before(Object(CodeIgniter\HTTP\IncomingRequest), null)
 5 SYSTEMPATH/CodeIgniter.php(471): CodeIgniter\Filters\Filters->run('/emp-dashboard-client-emp', 'before')
 6 SYSTEMPATH/CodeIgniter.php(366): CodeIgniter\CodeIgniter->handleRequest(null, Object(Config\Cache), false)
 7 FCPATH/index.php(67): CodeIgniter\CodeIgniter->run()
CRITICAL - 2023-10-28 14:29:10 --> Undefined array key "report_type"
in APPPATH/Views/emp-dashboard-client-emp.php on line 240.
 1 APPPATH/Views/emp-dashboard-client-emp.php(240): CodeIgniter\Debug\Exceptions->errorHandler(2, 'Undefined array key "report_type"', '/home3/reliableverify/public_html/crm/app/Views/emp-dashboard-client-emp.php', 240)
 2 SYSTEMPATH/View/View.php(224): include('/home3/reliableverify/public_html/crm/app/Views/emp-dashboard-client-emp.php')
 3 SYSTEMPATH/View/View.php(227): CodeIgniter\View\View->CodeIgniter\View\{closure}()
 4 SYSTEMPATH/Common.php(1180): CodeIgniter\View\View->render('emp-dashboard-client-emp', [], true)
 5 APPPATH/Controllers/Controllerusers.php(159): view('emp-dashboard-client-emp', [...])
 6 SYSTEMPATH/CodeIgniter.php(932): App\Controllers\Controllerusers->empdashClient()
 7 SYSTEMPATH/CodeIgniter.php(497): CodeIgniter\CodeIgniter->runController(Object(App\Controllers\Controllerusers))
 8 SYSTEMPATH/CodeIgniter.php(366): CodeIgniter\CodeIgniter->handleRequest(null, Object(Config\Cache), false)
 9 FCPATH/index.php(67): CodeIgniter\CodeIgniter->run()
CRITICAL - 2023-10-28 15:47:40 --> Trying to access array offset on value of type null
in APPPATH/Views/candidate-info-form.php on line 102.
 1 APPPATH/Views/candidate-info-form.php(102): CodeIgniter\Debug\Exceptions->errorHandler(2, 'Trying to access array offset on value of type null', '/home3/reliableverify/public_html/crm/app/Views/candidate-info-form.php', 102)
 2 SYSTEMPATH/View/View.php(224): include('/home3/reliableverify/public_html/crm/app/Views/candidate-info-form.php')
 3 SYSTEMPATH/View/View.php(227): CodeIgniter\View\View->CodeIgniter\View\{closure}()
 4 SYSTEMPATH/Common.php(1180): CodeIgniter\View\View->render('candidate-info-form', [], true)
 5 APPPATH/Controllers/Controllerusers.php(318): view('candidate-info-form', [...])
 6 SYSTEMPATH/CodeIgniter.php(932): App\Controllers\Controllerusers->candidateDetails()
 7 SYSTEMPATH/CodeIgniter.php(497): CodeIgniter\CodeIgniter->runController(Object(App\Controllers\Controllerusers))
 8 SYSTEMPATH/CodeIgniter.php(366): CodeIgniter\CodeIgniter->handleRequest(null, Object(Config\Cache), false)
 9 FCPATH/index.php(67): CodeIgniter\CodeIgniter->run()
CRITICAL - 2023-10-28 15:47:50 --> Trying to access array offset on value of type null
in APPPATH/Views/candidate-info-form.php on line 102.
 1 APPPATH/Views/candidate-info-form.php(102): CodeIgniter\Debug\Exceptions->errorHandler(2, 'Trying to access array offset on value of type null', '/home3/reliableverify/public_html/crm/app/Views/candidate-info-form.php', 102)
 2 SYSTEMPATH/View/View.php(224): include('/home3/reliableverify/public_html/crm/app/Views/candidate-info-form.php')
 3 SYSTEMPATH/View/View.php(227): CodeIgniter\View\View->CodeIgniter\View\{closure}()
 4 SYSTEMPATH/Common.php(1180): CodeIgniter\View\View->render('candidate-info-form', [], true)
 5 APPPATH/Controllers/Controllerusers.php(318): view('candidate-info-form', [...])
 6 SYSTEMPATH/CodeIgniter.php(932): App\Controllers\Controllerusers->candidateDetails()
 7 SYSTEMPATH/CodeIgniter.php(497): CodeIgniter\CodeIgniter->runController(Object(App\Controllers\Controllerusers))
 8 SYSTEMPATH/CodeIgniter.php(366): CodeIgniter\CodeIgniter->handleRequest(null, Object(Config\Cache), false)
 9 FCPATH/index.php(67): CodeIgniter\CodeIgniter->run()
CRITICAL - 2023-10-28 15:47:58 --> Trying to access array offset on value of type null
in APPPATH/Views/candidate-info-form.php on line 102.
 1 APPPATH/Views/candidate-info-form.php(102): CodeIgniter\Debug\Exceptions->errorHandler(2, 'Trying to access array offset on value of type null', '/home3/reliableverify/public_html/crm/app/Views/candidate-info-form.php', 102)
 2 SYSTEMPATH/View/View.php(224): include('/home3/reliableverify/public_html/crm/app/Views/candidate-info-form.php')
 3 SYSTEMPATH/View/View.php(227): CodeIgniter\View\View->CodeIgniter\View\{closure}()
 4 SYSTEMPATH/Common.php(1180): CodeIgniter\View\View->render('candidate-info-form', [], true)
 5 APPPATH/Controllers/Controllerusers.php(318): view('candidate-info-form', [...])
 6 SYSTEMPATH/CodeIgniter.php(932): App\Controllers\Controllerusers->candidateDetails()
 7 SYSTEMPATH/CodeIgniter.php(497): CodeIgniter\CodeIgniter->runController(Object(App\Controllers\Controllerusers))
 8 SYSTEMPATH/CodeIgniter.php(366): CodeIgniter\CodeIgniter->handleRequest(null, Object(Config\Cache), false)
 9 FCPATH/index.php(67): CodeIgniter\CodeIgniter->run()
