CRITICAL - 2025-03-07 07:00:11 --> The action you requested is not allowed.
in SYSTEMPATH/Security/Security.php on line 306.
 1 SYSTEMPATH/Security/Security.php(306): CodeIgniter\Security\Exceptions\SecurityException::forDisallowedAction()
 2 SYSTEMPATH/Filters/CSRF.php(55): CodeIgniter\Security\Security->verify(Object(CodeIgniter\HTTP\IncomingRequest))
 3 APPPATH/Filters/CustomCSRF.php(24): CodeIgniter\Filters\CSRF->before(Object(CodeIgniter\HTTP\IncomingRequest), null)
 4 SYSTEMPATH/Filters/Filters.php(173): App\Filters\CustomCSRF->before(Object(CodeIgniter\HTTP\IncomingRequest), null)
 5 SYSTEMPATH/CodeIgniter.php(471): CodeIgniter\Filters\Filters->run('/admin', 'before')
 6 SYSTEMPATH/CodeIgniter.php(366): CodeIgniter\CodeIgniter->handleRequest(null, Object(Config\Cache), false)
 7 FCPATH/index.php(67): CodeIgniter\CodeIgniter->run()
ERROR - 2025-03-07 08:15:27 --> mysqli_sql_exception: Unknown column 'updated_at' in 'field list' in /home3/chakkimart/public_html/QaswaTelecom/system/Database/MySQLi/Connection.php:295
Stack trace:
#0 /home3/chakkimart/public_html/QaswaTelecom/system/Database/MySQLi/Connection.php(295): mysqli->query('INSERT INTO `bl...', 0)
#1 /home3/chakkimart/public_html/QaswaTelecom/system/Database/BaseConnection.php(692): CodeIgniter\Database\MySQLi\Connection->execute('INSERT INTO `bl...')
#2 /home3/chakkimart/public_html/QaswaTelecom/system/Database/BaseConnection.php(606): CodeIgniter\Database\BaseConnection->simpleQuery('INSERT INTO `bl...')
#3 /home3/chakkimart/public_html/QaswaTelecom/system/Database/BaseBuilder.php(2309): CodeIgniter\Database\BaseConnection->query('INSERT INTO `bl...', Array, false)
#4 /home3/chakkimart/public_html/QaswaTelecom/system/Model.php(330): CodeIgniter\Database\BaseBuilder->insert()
#5 /home3/chakkimart/public_html/QaswaTelecom/system/BaseModel.php(782): CodeIgniter\Model->doInsert(Array)
#6 /home3/chakkimart/public_html/QaswaTelecom/system/Model.php(730): CodeIgniter\BaseModel->insert(Array, true)
#7 /home3/chakkimart/public_html/QaswaTelecom/app/Controllers/Blog.php(46): CodeIgniter\Model->insert(Array)
#8 /home3/chakkimart/public_html/QaswaTelecom/system/CodeIgniter.php(932): App\Controllers\Blog->addBlog()
#9 /home3/chakkimart/public_html/QaswaTelecom/system/CodeIgniter.php(497): CodeIgniter\CodeIgniter->runController(Object(App\Controllers\Blog))
#10 /home3/chakkimart/public_html/QaswaTelecom/system/CodeIgniter.php(366): CodeIgniter\CodeIgniter->handleRequest(NULL, Object(Config\Cache), false)
#11 /home3/chakkimart/public_html/QaswaTelecom/index.php(67): CodeIgniter\CodeIgniter->run()
#12 {main}
CRITICAL - 2025-03-07 08:15:27 --> Unknown column 'updated_at' in 'field list'
in SYSTEMPATH/Database/MySQLi/Connection.php on line 295.
 1 SYSTEMPATH/Database/MySQLi/Connection.php(295): mysqli->query('INSERT INTO `blog` (`title`, `image`, `description`, `created_at`, `updated_at`) VALUES (\'Best Device Repair Services: Fast, Reliable, and Affordable\', \'1741335327_643703e5845793b4dd12.jpg\', \'<h2>Why Choose Professional Device Repair?</h2><p>Devices like smartphones, laptops, tablets, and gaming consoles are essential in our daily lives. When they break, choosing a professional repair service ensures:<br>✅ <strong>Quick Turnaround</strong> – Get your device fixed in hours, not days.<br>✅ <strong>Expert Technicians</strong> – Skilled professionals diagnose and repair issues accurately.<br>✅ <strong>Affordable Pricing</strong> – Repairs at a fraction of the cost of replacement.<br>✅ <strong>Quality Parts</strong> – Genuine or high-quality replacement parts for durability.<br>✅ <strong>Warranty Protection</strong> – Many services offer guarantees on repairs.</p><h2>Common Device Repair Services Offered</h2><p>🔹 <strong>Smartphone Repairs</strong> – Cracked screens, battery replacements, charging issues.<br>🔹 <strong>Laptop &amp; PC Repairs</strong> – Screen replacements, keyboard issues, overheating fixes.<br>🔹 <strong>Tablet Repairs</strong> – Screen damage, software issues, connectivity problems.<br>🔹 <strong>Gaming Console Repairs</strong> – HDMI issues, power failures, controller problems.<br>🔹 <strong>Other Electronic Repairs</strong> – Smartwatches, headphones, and more.</p><h2>How to Choose the Best Repair Service</h2><p>🔍 <strong>Check Reviews &amp; Ratings</strong> – Look for highly-rated services with positive customer feedback.<br>🛠 <strong>Inquire About Warranty</strong> – A reputable service offers warranties on parts and labor.<br>💰 <strong>Compare Pricing</strong> – Get quotes from different providers to find the best deal.<br>🏢 <strong>Verify Technician Expertise</strong> – Certified professionals ensure quality repairs.</p><h2>Get Your Device Fixed Today!</h2><p>Don\\\'t let a damaged device slow you down. Find a reliable repair service near you and restore your tech in no time.</p><p>Need help finding the best repair service? Contact us today!</p>\', \'2025-03-07 08:15:27\', \'2025-03-07 08:15:27\')', 0)
 2 SYSTEMPATH/Database/BaseConnection.php(692): CodeIgniter\Database\MySQLi\Connection->execute('INSERT INTO `blog` (`title`, `image`, `description`, `created_at`, `updated_at`) VALUES (\'Best Device Repair Services: Fast, Reliable, and Affordable\', \'1741335327_643703e5845793b4dd12.jpg\', \'<h2>Why Choose Professional Device Repair?</h2><p>Devices like smartphones, laptops, tablets, and gaming consoles are essential in our daily lives. When they break, choosing a professional repair service ensures:<br>✅ <strong>Quick Turnaround</strong> – Get your device fixed in hours, not days.<br>✅ <strong>Expert Technicians</strong> – Skilled professionals diagnose and repair issues accurately.<br>✅ <strong>Affordable Pricing</strong> – Repairs at a fraction of the cost of replacement.<br>✅ <strong>Quality Parts</strong> – Genuine or high-quality replacement parts for durability.<br>✅ <strong>Warranty Protection</strong> – Many services offer guarantees on repairs.</p><h2>Common Device Repair Services Offered</h2><p>🔹 <strong>Smartphone Repairs</strong> – Cracked screens, battery replacements, charging issues.<br>🔹 <strong>Laptop &amp; PC Repairs</strong> – Screen replacements, keyboard issues, overheating fixes.<br>🔹 <strong>Tablet Repairs</strong> – Screen damage, software issues, connectivity problems.<br>🔹 <strong>Gaming Console Repairs</strong> – HDMI issues, power failures, controller problems.<br>🔹 <strong>Other Electronic Repairs</strong> – Smartwatches, headphones, and more.</p><h2>How to Choose the Best Repair Service</h2><p>🔍 <strong>Check Reviews &amp; Ratings</strong> – Look for highly-rated services with positive customer feedback.<br>🛠 <strong>Inquire About Warranty</strong> – A reputable service offers warranties on parts and labor.<br>💰 <strong>Compare Pricing</strong> – Get quotes from different providers to find the best deal.<br>🏢 <strong>Verify Technician Expertise</strong> – Certified professionals ensure quality repairs.</p><h2>Get Your Device Fixed Today!</h2><p>Don\\\'t let a damaged device slow you down. Find a reliable repair service near you and restore your tech in no time.</p><p>Need help finding the best repair service? Contact us today!</p>\', \'2025-03-07 08:15:27\', \'2025-03-07 08:15:27\')')
 3 SYSTEMPATH/Database/BaseConnection.php(606): CodeIgniter\Database\BaseConnection->simpleQuery('INSERT INTO `blog` (`title`, `image`, `description`, `created_at`, `updated_at`) VALUES (\'Best Device Repair Services: Fast, Reliable, and Affordable\', \'1741335327_643703e5845793b4dd12.jpg\', \'<h2>Why Choose Professional Device Repair?</h2><p>Devices like smartphones, laptops, tablets, and gaming consoles are essential in our daily lives. When they break, choosing a professional repair service ensures:<br>✅ <strong>Quick Turnaround</strong> – Get your device fixed in hours, not days.<br>✅ <strong>Expert Technicians</strong> – Skilled professionals diagnose and repair issues accurately.<br>✅ <strong>Affordable Pricing</strong> – Repairs at a fraction of the cost of replacement.<br>✅ <strong>Quality Parts</strong> – Genuine or high-quality replacement parts for durability.<br>✅ <strong>Warranty Protection</strong> – Many services offer guarantees on repairs.</p><h2>Common Device Repair Services Offered</h2><p>🔹 <strong>Smartphone Repairs</strong> – Cracked screens, battery replacements, charging issues.<br>🔹 <strong>Laptop &amp; PC Repairs</strong> – Screen replacements, keyboard issues, overheating fixes.<br>🔹 <strong>Tablet Repairs</strong> – Screen damage, software issues, connectivity problems.<br>🔹 <strong>Gaming Console Repairs</strong> – HDMI issues, power failures, controller problems.<br>🔹 <strong>Other Electronic Repairs</strong> – Smartwatches, headphones, and more.</p><h2>How to Choose the Best Repair Service</h2><p>🔍 <strong>Check Reviews &amp; Ratings</strong> – Look for highly-rated services with positive customer feedback.<br>🛠 <strong>Inquire About Warranty</strong> – A reputable service offers warranties on parts and labor.<br>💰 <strong>Compare Pricing</strong> – Get quotes from different providers to find the best deal.<br>🏢 <strong>Verify Technician Expertise</strong> – Certified professionals ensure quality repairs.</p><h2>Get Your Device Fixed Today!</h2><p>Don\\\'t let a damaged device slow you down. Find a reliable repair service near you and restore your tech in no time.</p><p>Need help finding the best repair service? Contact us today!</p>\', \'2025-03-07 08:15:27\', \'2025-03-07 08:15:27\')')
 4 SYSTEMPATH/Database/BaseBuilder.php(2309): CodeIgniter\Database\BaseConnection->query('INSERT INTO `blog` (`title`, `image`, `description`, `created_at`, `updated_at`) VALUES (:title:, :image:, :description:, :created_at:, :updated_at:)', [...], false)
 5 SYSTEMPATH/Model.php(330): CodeIgniter\Database\BaseBuilder->insert()
 6 SYSTEMPATH/BaseModel.php(782): CodeIgniter\Model->doInsert([...])
 7 SYSTEMPATH/Model.php(730): CodeIgniter\BaseModel->insert([...], true)
 8 APPPATH/Controllers/Blog.php(46): CodeIgniter\Model->insert([...])
 9 SYSTEMPATH/CodeIgniter.php(932): App\Controllers\Blog->addBlog()
10 SYSTEMPATH/CodeIgniter.php(497): CodeIgniter\CodeIgniter->runController(Object(App\Controllers\Blog))
11 SYSTEMPATH/CodeIgniter.php(366): CodeIgniter\CodeIgniter->handleRequest(null, Object(Config\Cache), false)
12 FCPATH/index.php(67): CodeIgniter\CodeIgniter->run()
ERROR - 2025-03-07 09:42:10 --> mysqli_sql_exception: You have an error in your SQL syntax; check the manual that corresponds to your MySQL server version for the right syntax to use near ')' at line 3 in /home3/chakkimart/public_html/QaswaTelecom/system/Database/MySQLi/Connection.php:295
Stack trace:
#0 /home3/chakkimart/public_html/QaswaTelecom/system/Database/MySQLi/Connection.php(295): mysqli->query('SELECT *\nFROM `...', 0)
#1 /home3/chakkimart/public_html/QaswaTelecom/system/Database/BaseConnection.php(692): CodeIgniter\Database\MySQLi\Connection->execute('SELECT *\nFROM `...')
#2 /home3/chakkimart/public_html/QaswaTelecom/system/Database/BaseConnection.php(606): CodeIgniter\Database\BaseConnection->simpleQuery('SELECT *\nFROM `...')
#3 /home3/chakkimart/public_html/QaswaTelecom/system/Database/BaseBuilder.php(1616): CodeIgniter\Database\BaseConnection->query('SELECT *\nFROM `...', Array, false)
#4 /home3/chakkimart/public_html/QaswaTelecom/system/Model.php(241): CodeIgniter\Database\BaseBuilder->get()
#5 /home3/chakkimart/public_html/QaswaTelecom/system/BaseModel.php(618): CodeIgniter\Model->doFindAll(0, 0)
#6 /home3/chakkimart/public_html/QaswaTelecom/app/Controllers/Home.php(364): CodeIgniter\BaseModel->findAll()
#7 /home3/chakkimart/public_html/QaswaTelecom/system/CodeIgniter.php(932): App\Controllers\Home->Checkout()
#8 /home3/chakkimart/public_html/QaswaTelecom/system/CodeIgniter.php(497): CodeIgniter\CodeIgniter->runController(Object(App\Controllers\Home))
#9 /home3/chakkimart/public_html/QaswaTelecom/system/CodeIgniter.php(366): CodeIgniter\CodeIgniter->handleRequest(NULL, Object(Config\Cache), false)
#10 /home3/chakkimart/public_html/QaswaTelecom/index.php(67): CodeIgniter\CodeIgniter->run()
#11 {main}
CRITICAL - 2025-03-07 09:42:10 --> You have an error in your SQL syntax; check the manual that corresponds to your MySQL server version for the right syntax to use near ')' at line 3
in SYSTEMPATH/Database/MySQLi/Connection.php on line 295.
 1 SYSTEMPATH/Database/MySQLi/Connection.php(295): mysqli->query('SELECT *
FROM `services`
WHERE `id` IN ()', 0)
 2 SYSTEMPATH/Database/BaseConnection.php(692): CodeIgniter\Database\MySQLi\Connection->execute('SELECT *
FROM `services`
WHERE `id` IN ()')
 3 SYSTEMPATH/Database/BaseConnection.php(606): CodeIgniter\Database\BaseConnection->simpleQuery('SELECT *
FROM `services`
WHERE `id` IN ()')
 4 SYSTEMPATH/Database/BaseBuilder.php(1616): CodeIgniter\Database\BaseConnection->query('SELECT *
FROM `services`
WHERE `id` IN :id:', [...], false)
 5 SYSTEMPATH/Model.php(241): CodeIgniter\Database\BaseBuilder->get()
 6 SYSTEMPATH/BaseModel.php(618): CodeIgniter\Model->doFindAll(0, 0)
 7 APPPATH/Controllers/Home.php(364): CodeIgniter\BaseModel->findAll()
 8 SYSTEMPATH/CodeIgniter.php(932): App\Controllers\Home->Checkout()
 9 SYSTEMPATH/CodeIgniter.php(497): CodeIgniter\CodeIgniter->runController(Object(App\Controllers\Home))
10 SYSTEMPATH/CodeIgniter.php(366): CodeIgniter\CodeIgniter->handleRequest(null, Object(Config\Cache), false)
11 FCPATH/index.php(67): CodeIgniter\CodeIgniter->run()
CRITICAL - 2025-03-07 11:20:08 --> The action you requested is not allowed.
in SYSTEMPATH/Security/Security.php on line 306.
 1 SYSTEMPATH/Security/Security.php(306): CodeIgniter\Security\Exceptions\SecurityException::forDisallowedAction()
 2 SYSTEMPATH/Filters/CSRF.php(55): CodeIgniter\Security\Security->verify(Object(CodeIgniter\HTTP\IncomingRequest))
 3 APPPATH/Filters/CustomCSRF.php(24): CodeIgniter\Filters\CSRF->before(Object(CodeIgniter\HTTP\IncomingRequest), null)
 4 SYSTEMPATH/Filters/Filters.php(173): App\Filters\CustomCSRF->before(Object(CodeIgniter\HTTP\IncomingRequest), null)
 5 SYSTEMPATH/CodeIgniter.php(471): CodeIgniter\Filters\Filters->run('/', 'before')
 6 SYSTEMPATH/CodeIgniter.php(366): CodeIgniter\CodeIgniter->handleRequest(null, Object(Config\Cache), false)
 7 FCPATH/index.php(67): CodeIgniter\CodeIgniter->run()
CRITICAL - 2025-03-07 11:20:16 --> The action you requested is not allowed.
in SYSTEMPATH/Security/Security.php on line 306.
 1 SYSTEMPATH/Security/Security.php(306): CodeIgniter\Security\Exceptions\SecurityException::forDisallowedAction()
 2 SYSTEMPATH/Filters/CSRF.php(55): CodeIgniter\Security\Security->verify(Object(CodeIgniter\HTTP\IncomingRequest))
 3 APPPATH/Filters/CustomCSRF.php(24): CodeIgniter\Filters\CSRF->before(Object(CodeIgniter\HTTP\IncomingRequest), null)
 4 SYSTEMPATH/Filters/Filters.php(173): App\Filters\CustomCSRF->before(Object(CodeIgniter\HTTP\IncomingRequest), null)
 5 SYSTEMPATH/CodeIgniter.php(471): CodeIgniter\Filters\Filters->run('/', 'before')
 6 SYSTEMPATH/CodeIgniter.php(366): CodeIgniter\CodeIgniter->handleRequest(null, Object(Config\Cache), false)
 7 FCPATH/index.php(67): CodeIgniter\CodeIgniter->run()
ERROR - 2025-03-07 13:22:47 --> mysqli_sql_exception: Unknown column 'updated_at' in 'field list' in /home3/chakkimart/public_html/QaswaTelecom/system/Database/MySQLi/Connection.php:295
Stack trace:
#0 /home3/chakkimart/public_html/QaswaTelecom/system/Database/MySQLi/Connection.php(295): mysqli->query('INSERT INTO `bl...', 0)
#1 /home3/chakkimart/public_html/QaswaTelecom/system/Database/BaseConnection.php(692): CodeIgniter\Database\MySQLi\Connection->execute('INSERT INTO `bl...')
#2 /home3/chakkimart/public_html/QaswaTelecom/system/Database/BaseConnection.php(606): CodeIgniter\Database\BaseConnection->simpleQuery('INSERT INTO `bl...')
#3 /home3/chakkimart/public_html/QaswaTelecom/system/Database/BaseBuilder.php(2309): CodeIgniter\Database\BaseConnection->query('INSERT INTO `bl...', Array, false)
#4 /home3/chakkimart/public_html/QaswaTelecom/system/Model.php(330): CodeIgniter\Database\BaseBuilder->insert()
#5 /home3/chakkimart/public_html/QaswaTelecom/system/BaseModel.php(782): CodeIgniter\Model->doInsert(Array)
#6 /home3/chakkimart/public_html/QaswaTelecom/system/Model.php(730): CodeIgniter\BaseModel->insert(Array, true)
#7 /home3/chakkimart/public_html/QaswaTelecom/app/Controllers/Blog.php(46): CodeIgniter\Model->insert(Array)
#8 /home3/chakkimart/public_html/QaswaTelecom/system/CodeIgniter.php(932): App\Controllers\Blog->addBlog()
#9 /home3/chakkimart/public_html/QaswaTelecom/system/CodeIgniter.php(497): CodeIgniter\CodeIgniter->runController(Object(App\Controllers\Blog))
#10 /home3/chakkimart/public_html/QaswaTelecom/system/CodeIgniter.php(366): CodeIgniter\CodeIgniter->handleRequest(NULL, Object(Config\Cache), false)
#11 /home3/chakkimart/public_html/QaswaTelecom/index.php(67): CodeIgniter\CodeIgniter->run()
#12 {main}
CRITICAL - 2025-03-07 13:22:47 --> Unknown column 'updated_at' in 'field list'
in SYSTEMPATH/Database/MySQLi/Connection.php on line 295.
 1 SYSTEMPATH/Database/MySQLi/Connection.php(295): mysqli->query('INSERT INTO `blog` (`title`, `image`, `description`, `created_at`, `updated_at`) VALUES (\'iPhone\\\'s Broken Touch Glass Reoplacement.\', \'1741353767_b913f918b11a0c45a2dd.png\', \'<p>A shattered iPhone screen can be a major inconvenience. But don\\\'t worry, Qaswa Telecom is here to help! We offer fast, reliable, and affordable iPhone display glass replacement services in Mumbai.</p><p><strong>Why Choose Qaswa Telecom for Your iPhone Display Repair?</strong></p><ul><li><strong>Expert Technicians:</strong> Our skilled technicians have extensive experience in replacing iPhone display glass, ensuring a precise and seamless repair.</li><li><strong>High-Quality Parts:</strong> We use only premium quality glass that matches the original display\\\'s clarity, touch sensitivity, and durability.</li><li><strong>Quick Turnaround:</strong> We know you need your phone back as soon as possible. We strive to complete most iPhone display glass replacements within 2-3 hours.</li><li><strong>Affordable Prices:</strong> We offer competitive prices on all our iPhone repair services, including display glass replacement.</li><li><strong>Warranty:</strong> We offer a warranty on our repair service and the replacement parts, giving you peace of mind.</li></ul><p><strong>Our iPhone Display Glass Replacement Service Includes:</strong></p><ul><li>Careful removal of the damaged glass</li><li>Thorough cleaning of the display surface</li><li>Installation of the new high-quality glass</li><li>Testing to ensure optimal display functionality</li></ul><p><strong>Don\\\'t let a broken screen disrupt your day. Contact Qaswa Telecom today for a free quote and get your iPhone display looking like new again!</strong></p>\', \'2025-03-07 13:22:47\', \'2025-03-07 13:22:47\')', 0)
 2 SYSTEMPATH/Database/BaseConnection.php(692): CodeIgniter\Database\MySQLi\Connection->execute('INSERT INTO `blog` (`title`, `image`, `description`, `created_at`, `updated_at`) VALUES (\'iPhone\\\'s Broken Touch Glass Reoplacement.\', \'1741353767_b913f918b11a0c45a2dd.png\', \'<p>A shattered iPhone screen can be a major inconvenience. But don\\\'t worry, Qaswa Telecom is here to help! We offer fast, reliable, and affordable iPhone display glass replacement services in Mumbai.</p><p><strong>Why Choose Qaswa Telecom for Your iPhone Display Repair?</strong></p><ul><li><strong>Expert Technicians:</strong> Our skilled technicians have extensive experience in replacing iPhone display glass, ensuring a precise and seamless repair.</li><li><strong>High-Quality Parts:</strong> We use only premium quality glass that matches the original display\\\'s clarity, touch sensitivity, and durability.</li><li><strong>Quick Turnaround:</strong> We know you need your phone back as soon as possible. We strive to complete most iPhone display glass replacements within 2-3 hours.</li><li><strong>Affordable Prices:</strong> We offer competitive prices on all our iPhone repair services, including display glass replacement.</li><li><strong>Warranty:</strong> We offer a warranty on our repair service and the replacement parts, giving you peace of mind.</li></ul><p><strong>Our iPhone Display Glass Replacement Service Includes:</strong></p><ul><li>Careful removal of the damaged glass</li><li>Thorough cleaning of the display surface</li><li>Installation of the new high-quality glass</li><li>Testing to ensure optimal display functionality</li></ul><p><strong>Don\\\'t let a broken screen disrupt your day. Contact Qaswa Telecom today for a free quote and get your iPhone display looking like new again!</strong></p>\', \'2025-03-07 13:22:47\', \'2025-03-07 13:22:47\')')
 3 SYSTEMPATH/Database/BaseConnection.php(606): CodeIgniter\Database\BaseConnection->simpleQuery('INSERT INTO `blog` (`title`, `image`, `description`, `created_at`, `updated_at`) VALUES (\'iPhone\\\'s Broken Touch Glass Reoplacement.\', \'1741353767_b913f918b11a0c45a2dd.png\', \'<p>A shattered iPhone screen can be a major inconvenience. But don\\\'t worry, Qaswa Telecom is here to help! We offer fast, reliable, and affordable iPhone display glass replacement services in Mumbai.</p><p><strong>Why Choose Qaswa Telecom for Your iPhone Display Repair?</strong></p><ul><li><strong>Expert Technicians:</strong> Our skilled technicians have extensive experience in replacing iPhone display glass, ensuring a precise and seamless repair.</li><li><strong>High-Quality Parts:</strong> We use only premium quality glass that matches the original display\\\'s clarity, touch sensitivity, and durability.</li><li><strong>Quick Turnaround:</strong> We know you need your phone back as soon as possible. We strive to complete most iPhone display glass replacements within 2-3 hours.</li><li><strong>Affordable Prices:</strong> We offer competitive prices on all our iPhone repair services, including display glass replacement.</li><li><strong>Warranty:</strong> We offer a warranty on our repair service and the replacement parts, giving you peace of mind.</li></ul><p><strong>Our iPhone Display Glass Replacement Service Includes:</strong></p><ul><li>Careful removal of the damaged glass</li><li>Thorough cleaning of the display surface</li><li>Installation of the new high-quality glass</li><li>Testing to ensure optimal display functionality</li></ul><p><strong>Don\\\'t let a broken screen disrupt your day. Contact Qaswa Telecom today for a free quote and get your iPhone display looking like new again!</strong></p>\', \'2025-03-07 13:22:47\', \'2025-03-07 13:22:47\')')
 4 SYSTEMPATH/Database/BaseBuilder.php(2309): CodeIgniter\Database\BaseConnection->query('INSERT INTO `blog` (`title`, `image`, `description`, `created_at`, `updated_at`) VALUES (:title:, :image:, :description:, :created_at:, :updated_at:)', [...], false)
 5 SYSTEMPATH/Model.php(330): CodeIgniter\Database\BaseBuilder->insert()
 6 SYSTEMPATH/BaseModel.php(782): CodeIgniter\Model->doInsert([...])
 7 SYSTEMPATH/Model.php(730): CodeIgniter\BaseModel->insert([...], true)
 8 APPPATH/Controllers/Blog.php(46): CodeIgniter\Model->insert([...])
 9 SYSTEMPATH/CodeIgniter.php(932): App\Controllers\Blog->addBlog()
10 SYSTEMPATH/CodeIgniter.php(497): CodeIgniter\CodeIgniter->runController(Object(App\Controllers\Blog))
11 SYSTEMPATH/CodeIgniter.php(366): CodeIgniter\CodeIgniter->handleRequest(null, Object(Config\Cache), false)
12 FCPATH/index.php(67): CodeIgniter\CodeIgniter->run()
ERROR - 2025-03-07 13:24:34 --> mysqli_sql_exception: Unknown column 'updated_at' in 'field list' in /home3/chakkimart/public_html/QaswaTelecom/system/Database/MySQLi/Connection.php:295
Stack trace:
#0 /home3/chakkimart/public_html/QaswaTelecom/system/Database/MySQLi/Connection.php(295): mysqli->query('INSERT INTO `bl...', 0)
#1 /home3/chakkimart/public_html/QaswaTelecom/system/Database/BaseConnection.php(692): CodeIgniter\Database\MySQLi\Connection->execute('INSERT INTO `bl...')
#2 /home3/chakkimart/public_html/QaswaTelecom/system/Database/BaseConnection.php(606): CodeIgniter\Database\BaseConnection->simpleQuery('INSERT INTO `bl...')
#3 /home3/chakkimart/public_html/QaswaTelecom/system/Database/BaseBuilder.php(2309): CodeIgniter\Database\BaseConnection->query('INSERT INTO `bl...', Array, false)
#4 /home3/chakkimart/public_html/QaswaTelecom/system/Model.php(330): CodeIgniter\Database\BaseBuilder->insert()
#5 /home3/chakkimart/public_html/QaswaTelecom/system/BaseModel.php(782): CodeIgniter\Model->doInsert(Array)
#6 /home3/chakkimart/public_html/QaswaTelecom/system/Model.php(730): CodeIgniter\BaseModel->insert(Array, true)
#7 /home3/chakkimart/public_html/QaswaTelecom/app/Controllers/Blog.php(46): CodeIgniter\Model->insert(Array)
#8 /home3/chakkimart/public_html/QaswaTelecom/system/CodeIgniter.php(932): App\Controllers\Blog->addBlog()
#9 /home3/chakkimart/public_html/QaswaTelecom/system/CodeIgniter.php(497): CodeIgniter\CodeIgniter->runController(Object(App\Controllers\Blog))
#10 /home3/chakkimart/public_html/QaswaTelecom/system/CodeIgniter.php(366): CodeIgniter\CodeIgniter->handleRequest(NULL, Object(Config\Cache), false)
#11 /home3/chakkimart/public_html/QaswaTelecom/index.php(67): CodeIgniter\CodeIgniter->run()
#12 {main}
CRITICAL - 2025-03-07 13:24:34 --> Unknown column 'updated_at' in 'field list'
in SYSTEMPATH/Database/MySQLi/Connection.php on line 295.
 1 SYSTEMPATH/Database/MySQLi/Connection.php(295): mysqli->query('INSERT INTO `blog` (`title`, `image`, `description`, `created_at`, `updated_at`) VALUES (\'iPhone Display Broken Glass Replacement\', \'1741353874_71cae1adba9871d6f1b9.png\', \'<p>&nbsp;</p><p>A shattered iPhone screen can be a major inconvenience. But don\\\'t worry, Qaswa Telecom is here to help! We offer fast, reliable, and affordable iPhone display glass replacement services in Mumbai.</p><p><strong>Why Choose Qaswa Telecom for Your iPhone Display Repair?</strong></p><ul><li><strong>Expert Technicians:</strong> Our skilled technicians have extensive experience in replacing iPhone display glass, ensuring a precise and seamless repair.</li><li><strong>High-Quality Parts:</strong> We use only premium quality glass that matches the original display\\\'s clarity, touch sensitivity, and durability.</li><li><strong>Quick Turnaround:</strong> We know you need your phone back as soon as possible. We strive to complete most iPhone display glass replacements within [mention typical timeframe, e.g., 1-2 hours].</li><li><strong>Affordable Prices:</strong> We offer competitive prices on all our iPhone repair services, including display glass replacement.</li><li><strong>Warranty:</strong> We offer a warranty on our repair service and the replacement parts, giving you peace of mind.</li></ul><p><strong>Our iPhone Display Glass Replacement Service Includes:</strong></p><ul><li>Careful removal of the damaged glass</li><li>Thorough cleaning of the display surface</li><li>Installation of the new high-quality glass</li><li>Testing to ensure optimal display functionality</li></ul><p><strong>Don\\\'t let a broken screen disrupt your day. Contact Qaswa Telecom today for a free quote and get your iPhone display looking like new again!</strong></p><p><strong>[Link to Contact Page or Contact Information]</strong></p><p><strong>[Button: Get a Free Quote]</strong></p><p><strong>Optional additions:</strong></p><ul><li><strong>Before and after photos:</strong> Showcase the quality of your repair work.</li><li><strong>List of iPhone models you service:</strong> Specify the iPhone models you can repair.</li><li><strong>Information about additional display repairs:</strong> Mention other display-related services, such as LCD replacement or backlight repair.</li><li><strong>FAQ section:</strong> Address common questions about iPhone display glass replacement.</li></ul><p>Remember to use clear and concise language, and make sure the content is easy to read and navigate on the website.</p>\', \'2025-03-07 13:24:34\', \'2025-03-07 13:24:34\')', 0)
 2 SYSTEMPATH/Database/BaseConnection.php(692): CodeIgniter\Database\MySQLi\Connection->execute('INSERT INTO `blog` (`title`, `image`, `description`, `created_at`, `updated_at`) VALUES (\'iPhone Display Broken Glass Replacement\', \'1741353874_71cae1adba9871d6f1b9.png\', \'<p>&nbsp;</p><p>A shattered iPhone screen can be a major inconvenience. But don\\\'t worry, Qaswa Telecom is here to help! We offer fast, reliable, and affordable iPhone display glass replacement services in Mumbai.</p><p><strong>Why Choose Qaswa Telecom for Your iPhone Display Repair?</strong></p><ul><li><strong>Expert Technicians:</strong> Our skilled technicians have extensive experience in replacing iPhone display glass, ensuring a precise and seamless repair.</li><li><strong>High-Quality Parts:</strong> We use only premium quality glass that matches the original display\\\'s clarity, touch sensitivity, and durability.</li><li><strong>Quick Turnaround:</strong> We know you need your phone back as soon as possible. We strive to complete most iPhone display glass replacements within [mention typical timeframe, e.g., 1-2 hours].</li><li><strong>Affordable Prices:</strong> We offer competitive prices on all our iPhone repair services, including display glass replacement.</li><li><strong>Warranty:</strong> We offer a warranty on our repair service and the replacement parts, giving you peace of mind.</li></ul><p><strong>Our iPhone Display Glass Replacement Service Includes:</strong></p><ul><li>Careful removal of the damaged glass</li><li>Thorough cleaning of the display surface</li><li>Installation of the new high-quality glass</li><li>Testing to ensure optimal display functionality</li></ul><p><strong>Don\\\'t let a broken screen disrupt your day. Contact Qaswa Telecom today for a free quote and get your iPhone display looking like new again!</strong></p><p><strong>[Link to Contact Page or Contact Information]</strong></p><p><strong>[Button: Get a Free Quote]</strong></p><p><strong>Optional additions:</strong></p><ul><li><strong>Before and after photos:</strong> Showcase the quality of your repair work.</li><li><strong>List of iPhone models you service:</strong> Specify the iPhone models you can repair.</li><li><strong>Information about additional display repairs:</strong> Mention other display-related services, such as LCD replacement or backlight repair.</li><li><strong>FAQ section:</strong> Address common questions about iPhone display glass replacement.</li></ul><p>Remember to use clear and concise language, and make sure the content is easy to read and navigate on the website.</p>\', \'2025-03-07 13:24:34\', \'2025-03-07 13:24:34\')')
 3 SYSTEMPATH/Database/BaseConnection.php(606): CodeIgniter\Database\BaseConnection->simpleQuery('INSERT INTO `blog` (`title`, `image`, `description`, `created_at`, `updated_at`) VALUES (\'iPhone Display Broken Glass Replacement\', \'1741353874_71cae1adba9871d6f1b9.png\', \'<p>&nbsp;</p><p>A shattered iPhone screen can be a major inconvenience. But don\\\'t worry, Qaswa Telecom is here to help! We offer fast, reliable, and affordable iPhone display glass replacement services in Mumbai.</p><p><strong>Why Choose Qaswa Telecom for Your iPhone Display Repair?</strong></p><ul><li><strong>Expert Technicians:</strong> Our skilled technicians have extensive experience in replacing iPhone display glass, ensuring a precise and seamless repair.</li><li><strong>High-Quality Parts:</strong> We use only premium quality glass that matches the original display\\\'s clarity, touch sensitivity, and durability.</li><li><strong>Quick Turnaround:</strong> We know you need your phone back as soon as possible. We strive to complete most iPhone display glass replacements within [mention typical timeframe, e.g., 1-2 hours].</li><li><strong>Affordable Prices:</strong> We offer competitive prices on all our iPhone repair services, including display glass replacement.</li><li><strong>Warranty:</strong> We offer a warranty on our repair service and the replacement parts, giving you peace of mind.</li></ul><p><strong>Our iPhone Display Glass Replacement Service Includes:</strong></p><ul><li>Careful removal of the damaged glass</li><li>Thorough cleaning of the display surface</li><li>Installation of the new high-quality glass</li><li>Testing to ensure optimal display functionality</li></ul><p><strong>Don\\\'t let a broken screen disrupt your day. Contact Qaswa Telecom today for a free quote and get your iPhone display looking like new again!</strong></p><p><strong>[Link to Contact Page or Contact Information]</strong></p><p><strong>[Button: Get a Free Quote]</strong></p><p><strong>Optional additions:</strong></p><ul><li><strong>Before and after photos:</strong> Showcase the quality of your repair work.</li><li><strong>List of iPhone models you service:</strong> Specify the iPhone models you can repair.</li><li><strong>Information about additional display repairs:</strong> Mention other display-related services, such as LCD replacement or backlight repair.</li><li><strong>FAQ section:</strong> Address common questions about iPhone display glass replacement.</li></ul><p>Remember to use clear and concise language, and make sure the content is easy to read and navigate on the website.</p>\', \'2025-03-07 13:24:34\', \'2025-03-07 13:24:34\')')
 4 SYSTEMPATH/Database/BaseBuilder.php(2309): CodeIgniter\Database\BaseConnection->query('INSERT INTO `blog` (`title`, `image`, `description`, `created_at`, `updated_at`) VALUES (:title:, :image:, :description:, :created_at:, :updated_at:)', [...], false)
 5 SYSTEMPATH/Model.php(330): CodeIgniter\Database\BaseBuilder->insert()
 6 SYSTEMPATH/BaseModel.php(782): CodeIgniter\Model->doInsert([...])
 7 SYSTEMPATH/Model.php(730): CodeIgniter\BaseModel->insert([...], true)
 8 APPPATH/Controllers/Blog.php(46): CodeIgniter\Model->insert([...])
 9 SYSTEMPATH/CodeIgniter.php(932): App\Controllers\Blog->addBlog()
10 SYSTEMPATH/CodeIgniter.php(497): CodeIgniter\CodeIgniter->runController(Object(App\Controllers\Blog))
11 SYSTEMPATH/CodeIgniter.php(366): CodeIgniter\CodeIgniter->handleRequest(null, Object(Config\Cache), false)
12 FCPATH/index.php(67): CodeIgniter\CodeIgniter->run()
ERROR - 2025-03-07 13:37:37 --> mysqli_sql_exception: Unknown column 'updated_at' in 'field list' in /home3/chakkimart/public_html/QaswaTelecom/system/Database/MySQLi/Connection.php:295
Stack trace:
#0 /home3/chakkimart/public_html/QaswaTelecom/system/Database/MySQLi/Connection.php(295): mysqli->query('INSERT INTO `bl...', 0)
#1 /home3/chakkimart/public_html/QaswaTelecom/system/Database/BaseConnection.php(692): CodeIgniter\Database\MySQLi\Connection->execute('INSERT INTO `bl...')
#2 /home3/chakkimart/public_html/QaswaTelecom/system/Database/BaseConnection.php(606): CodeIgniter\Database\BaseConnection->simpleQuery('INSERT INTO `bl...')
#3 /home3/chakkimart/public_html/QaswaTelecom/system/Database/BaseBuilder.php(2309): CodeIgniter\Database\BaseConnection->query('INSERT INTO `bl...', Array, false)
#4 /home3/chakkimart/public_html/QaswaTelecom/system/Model.php(330): CodeIgniter\Database\BaseBuilder->insert()
#5 /home3/chakkimart/public_html/QaswaTelecom/system/BaseModel.php(782): CodeIgniter\Model->doInsert(Array)
#6 /home3/chakkimart/public_html/QaswaTelecom/system/Model.php(730): CodeIgniter\BaseModel->insert(Array, true)
#7 /home3/chakkimart/public_html/QaswaTelecom/app/Controllers/Blog.php(46): CodeIgniter\Model->insert(Array)
#8 /home3/chakkimart/public_html/QaswaTelecom/system/CodeIgniter.php(932): App\Controllers\Blog->addBlog()
#9 /home3/chakkimart/public_html/QaswaTelecom/system/CodeIgniter.php(497): CodeIgniter\CodeIgniter->runController(Object(App\Controllers\Blog))
#10 /home3/chakkimart/public_html/QaswaTelecom/system/CodeIgniter.php(366): CodeIgniter\CodeIgniter->handleRequest(NULL, Object(Config\Cache), false)
#11 /home3/chakkimart/public_html/QaswaTelecom/index.php(67): CodeIgniter\CodeIgniter->run()
#12 {main}
CRITICAL - 2025-03-07 13:37:37 --> Unknown column 'updated_at' in 'field list'
in SYSTEMPATH/Database/MySQLi/Connection.php on line 295.
 1 SYSTEMPATH/Database/MySQLi/Connection.php(295): mysqli->query('INSERT INTO `blog` (`title`, `image`, `description`, `created_at`, `updated_at`) VALUES (\'iPhone Display Broken Glass Replacement\', \'1741354657_1865e1791590c4b227e2.png\', \'<p><strong>iPhone Display Broken Glass Replacement</strong></p><p>A shattered iPhone screen can be a major inconvenience. But don\\\'t worry, Qaswa Telecom is here to help! We offer fast, reliable, and affordable iPhone display glass replacement services in Mumbai.</p><p><strong>Why Choose Qaswa Telecom for Your iPhone Display Repair?</strong></p><ul><li><strong>Expert Technicians:</strong> Our skilled technicians have extensive experience in replacing iPhone display glass, ensuring a precise and seamless repair.</li><li><strong>High-Quality Parts:</strong> We use only premium quality glass that matches the original display\\\'s clarity, touch sensitivity, and durability.</li><li><strong>Quick Turnaround:</strong> We know you need your phone back as soon as possible. We strive to complete most iPhone display glass replacements within [mention typical timeframe, e.g., 1-2 hours].</li><li><strong>Affordable Prices:</strong> We offer competitive prices on all our iPhone repair services, including display glass replacement.</li><li><strong>Warranty:</strong> We offer a warranty on our repair service and the replacement parts, giving you peace of mind.</li></ul><p><strong>Our iPhone Display Glass Replacement Service Includes:</strong></p><ul><li>Careful removal of the damaged glass</li><li>Thorough cleaning of the display surface</li><li>Installation of the new high-quality glass</li><li>Testing to ensure optimal display functionality</li></ul><p><strong>Don\\\'t let a broken screen disrupt your day. Contact Qaswa Telecom today for a free quote and get your iPhone display looking like new again!</strong></p><p><strong>[Link to Contact Page or Contact Information]</strong></p><p><strong>[Button: Get a Free Quote]</strong></p><p><strong>Optional additions:</strong></p><ul><li><strong>Before and after photos:</strong> Showcase the quality of your repair work.</li><li><strong>List of iPhone models you service:</strong> Specify the iPhone models you can repair.</li><li><strong>Information about additional display repairs:</strong> Mention other display-related services, such as LCD replacement or backlight repair.</li><li><strong>FAQ section:</strong> Address common questions about iPhone display glass replacement.</li></ul><p>Remember to use clear and concise language, and make sure the content is easy to read and navigate on the website.</p>\', \'2025-03-07 13:37:37\', \'2025-03-07 13:37:37\')', 0)
 2 SYSTEMPATH/Database/BaseConnection.php(692): CodeIgniter\Database\MySQLi\Connection->execute('INSERT INTO `blog` (`title`, `image`, `description`, `created_at`, `updated_at`) VALUES (\'iPhone Display Broken Glass Replacement\', \'1741354657_1865e1791590c4b227e2.png\', \'<p><strong>iPhone Display Broken Glass Replacement</strong></p><p>A shattered iPhone screen can be a major inconvenience. But don\\\'t worry, Qaswa Telecom is here to help! We offer fast, reliable, and affordable iPhone display glass replacement services in Mumbai.</p><p><strong>Why Choose Qaswa Telecom for Your iPhone Display Repair?</strong></p><ul><li><strong>Expert Technicians:</strong> Our skilled technicians have extensive experience in replacing iPhone display glass, ensuring a precise and seamless repair.</li><li><strong>High-Quality Parts:</strong> We use only premium quality glass that matches the original display\\\'s clarity, touch sensitivity, and durability.</li><li><strong>Quick Turnaround:</strong> We know you need your phone back as soon as possible. We strive to complete most iPhone display glass replacements within [mention typical timeframe, e.g., 1-2 hours].</li><li><strong>Affordable Prices:</strong> We offer competitive prices on all our iPhone repair services, including display glass replacement.</li><li><strong>Warranty:</strong> We offer a warranty on our repair service and the replacement parts, giving you peace of mind.</li></ul><p><strong>Our iPhone Display Glass Replacement Service Includes:</strong></p><ul><li>Careful removal of the damaged glass</li><li>Thorough cleaning of the display surface</li><li>Installation of the new high-quality glass</li><li>Testing to ensure optimal display functionality</li></ul><p><strong>Don\\\'t let a broken screen disrupt your day. Contact Qaswa Telecom today for a free quote and get your iPhone display looking like new again!</strong></p><p><strong>[Link to Contact Page or Contact Information]</strong></p><p><strong>[Button: Get a Free Quote]</strong></p><p><strong>Optional additions:</strong></p><ul><li><strong>Before and after photos:</strong> Showcase the quality of your repair work.</li><li><strong>List of iPhone models you service:</strong> Specify the iPhone models you can repair.</li><li><strong>Information about additional display repairs:</strong> Mention other display-related services, such as LCD replacement or backlight repair.</li><li><strong>FAQ section:</strong> Address common questions about iPhone display glass replacement.</li></ul><p>Remember to use clear and concise language, and make sure the content is easy to read and navigate on the website.</p>\', \'2025-03-07 13:37:37\', \'2025-03-07 13:37:37\')')
 3 SYSTEMPATH/Database/BaseConnection.php(606): CodeIgniter\Database\BaseConnection->simpleQuery('INSERT INTO `blog` (`title`, `image`, `description`, `created_at`, `updated_at`) VALUES (\'iPhone Display Broken Glass Replacement\', \'1741354657_1865e1791590c4b227e2.png\', \'<p><strong>iPhone Display Broken Glass Replacement</strong></p><p>A shattered iPhone screen can be a major inconvenience. But don\\\'t worry, Qaswa Telecom is here to help! We offer fast, reliable, and affordable iPhone display glass replacement services in Mumbai.</p><p><strong>Why Choose Qaswa Telecom for Your iPhone Display Repair?</strong></p><ul><li><strong>Expert Technicians:</strong> Our skilled technicians have extensive experience in replacing iPhone display glass, ensuring a precise and seamless repair.</li><li><strong>High-Quality Parts:</strong> We use only premium quality glass that matches the original display\\\'s clarity, touch sensitivity, and durability.</li><li><strong>Quick Turnaround:</strong> We know you need your phone back as soon as possible. We strive to complete most iPhone display glass replacements within [mention typical timeframe, e.g., 1-2 hours].</li><li><strong>Affordable Prices:</strong> We offer competitive prices on all our iPhone repair services, including display glass replacement.</li><li><strong>Warranty:</strong> We offer a warranty on our repair service and the replacement parts, giving you peace of mind.</li></ul><p><strong>Our iPhone Display Glass Replacement Service Includes:</strong></p><ul><li>Careful removal of the damaged glass</li><li>Thorough cleaning of the display surface</li><li>Installation of the new high-quality glass</li><li>Testing to ensure optimal display functionality</li></ul><p><strong>Don\\\'t let a broken screen disrupt your day. Contact Qaswa Telecom today for a free quote and get your iPhone display looking like new again!</strong></p><p><strong>[Link to Contact Page or Contact Information]</strong></p><p><strong>[Button: Get a Free Quote]</strong></p><p><strong>Optional additions:</strong></p><ul><li><strong>Before and after photos:</strong> Showcase the quality of your repair work.</li><li><strong>List of iPhone models you service:</strong> Specify the iPhone models you can repair.</li><li><strong>Information about additional display repairs:</strong> Mention other display-related services, such as LCD replacement or backlight repair.</li><li><strong>FAQ section:</strong> Address common questions about iPhone display glass replacement.</li></ul><p>Remember to use clear and concise language, and make sure the content is easy to read and navigate on the website.</p>\', \'2025-03-07 13:37:37\', \'2025-03-07 13:37:37\')')
 4 SYSTEMPATH/Database/BaseBuilder.php(2309): CodeIgniter\Database\BaseConnection->query('INSERT INTO `blog` (`title`, `image`, `description`, `created_at`, `updated_at`) VALUES (:title:, :image:, :description:, :created_at:, :updated_at:)', [...], false)
 5 SYSTEMPATH/Model.php(330): CodeIgniter\Database\BaseBuilder->insert()
 6 SYSTEMPATH/BaseModel.php(782): CodeIgniter\Model->doInsert([...])
 7 SYSTEMPATH/Model.php(730): CodeIgniter\BaseModel->insert([...], true)
 8 APPPATH/Controllers/Blog.php(46): CodeIgniter\Model->insert([...])
 9 SYSTEMPATH/CodeIgniter.php(932): App\Controllers\Blog->addBlog()
10 SYSTEMPATH/CodeIgniter.php(497): CodeIgniter\CodeIgniter->runController(Object(App\Controllers\Blog))
11 SYSTEMPATH/CodeIgniter.php(366): CodeIgniter\CodeIgniter->handleRequest(null, Object(Config\Cache), false)
12 FCPATH/index.php(67): CodeIgniter\CodeIgniter->run()
ERROR - 2025-03-07 13:49:23 --> mysqli_sql_exception: Unknown column 'updated_at' in 'field list' in /home3/chakkimart/public_html/QaswaTelecom/system/Database/MySQLi/Connection.php:295
Stack trace:
#0 /home3/chakkimart/public_html/QaswaTelecom/system/Database/MySQLi/Connection.php(295): mysqli->query('INSERT INTO `bl...', 0)
#1 /home3/chakkimart/public_html/QaswaTelecom/system/Database/BaseConnection.php(692): CodeIgniter\Database\MySQLi\Connection->execute('INSERT INTO `bl...')
#2 /home3/chakkimart/public_html/QaswaTelecom/system/Database/BaseConnection.php(606): CodeIgniter\Database\BaseConnection->simpleQuery('INSERT INTO `bl...')
#3 /home3/chakkimart/public_html/QaswaTelecom/system/Database/BaseBuilder.php(2309): CodeIgniter\Database\BaseConnection->query('INSERT INTO `bl...', Array, false)
#4 /home3/chakkimart/public_html/QaswaTelecom/system/Model.php(330): CodeIgniter\Database\BaseBuilder->insert()
#5 /home3/chakkimart/public_html/QaswaTelecom/system/BaseModel.php(782): CodeIgniter\Model->doInsert(Array)
#6 /home3/chakkimart/public_html/QaswaTelecom/system/Model.php(730): CodeIgniter\BaseModel->insert(Array, true)
#7 /home3/chakkimart/public_html/QaswaTelecom/app/Controllers/Blog.php(46): CodeIgniter\Model->insert(Array)
#8 /home3/chakkimart/public_html/QaswaTelecom/system/CodeIgniter.php(932): App\Controllers\Blog->addBlog()
#9 /home3/chakkimart/public_html/QaswaTelecom/system/CodeIgniter.php(497): CodeIgniter\CodeIgniter->runController(Object(App\Controllers\Blog))
#10 /home3/chakkimart/public_html/QaswaTelecom/system/CodeIgniter.php(366): CodeIgniter\CodeIgniter->handleRequest(NULL, Object(Config\Cache), false)
#11 /home3/chakkimart/public_html/QaswaTelecom/index.php(67): CodeIgniter\CodeIgniter->run()
#12 {main}
CRITICAL - 2025-03-07 13:49:23 --> Unknown column 'updated_at' in 'field list'
in SYSTEMPATH/Database/MySQLi/Connection.php on line 295.
 1 SYSTEMPATH/Database/MySQLi/Connection.php(295): mysqli->query('INSERT INTO `blog` (`title`, `image`, `description`, `created_at`, `updated_at`) VALUES (\'iPhone Display Broken Glass Replacement\', \'1741355363_11df9e6b632d1ff203a0.png\', \'<p>A shattered iPhone screen can be a major inconvenience. But don\\\'t worry, Qaswa Telecom is here to help! We offer fast, reliable, and affordable iPhone display glass replacement services in Mumbai.</p><p><strong>Why Choose Qaswa Telecom for Your iPhone Display Repair?</strong></p><ul><li><strong>Expert Technicians:</strong> Our skilled technicians have extensive experience in replacing iPhone display glass, ensuring a precise and seamless repair.</li><li><strong>High-Quality Parts:</strong> We use only premium quality glass that matches the original display\\\'s clarity, touch sensitivity, and durability.</li><li><strong>Quick Turnaround:</strong> We know you need your phone back as soon as possible. We strive to complete most iPhone display glass replacements within [mention typical timeframe, e.g., 1-2 hours].</li><li><strong>Affordable Prices:</strong> We offer competitive prices on all our iPhone repair services, including display glass replacement.</li><li><strong>Warranty:</strong> We offer a warranty on our repair service and the replacement parts, giving you peace of mind.</li></ul><p><strong>Our iPhone Display Glass Replacement Service Includes:</strong></p><ul><li>Careful removal of the damaged glass</li><li>Thorough cleaning of the display surface</li><li>Installation of the new high-quality glass</li><li>Testing to ensure optimal display functionality</li></ul><p><strong>Don\\\'t let a broken screen disrupt your day. Contact Qaswa Telecom today for a free quote and get your iPhone display looking like new again!</strong></p>\', \'2025-03-07 13:49:23\', \'2025-03-07 13:49:23\')', 0)
 2 SYSTEMPATH/Database/BaseConnection.php(692): CodeIgniter\Database\MySQLi\Connection->execute('INSERT INTO `blog` (`title`, `image`, `description`, `created_at`, `updated_at`) VALUES (\'iPhone Display Broken Glass Replacement\', \'1741355363_11df9e6b632d1ff203a0.png\', \'<p>A shattered iPhone screen can be a major inconvenience. But don\\\'t worry, Qaswa Telecom is here to help! We offer fast, reliable, and affordable iPhone display glass replacement services in Mumbai.</p><p><strong>Why Choose Qaswa Telecom for Your iPhone Display Repair?</strong></p><ul><li><strong>Expert Technicians:</strong> Our skilled technicians have extensive experience in replacing iPhone display glass, ensuring a precise and seamless repair.</li><li><strong>High-Quality Parts:</strong> We use only premium quality glass that matches the original display\\\'s clarity, touch sensitivity, and durability.</li><li><strong>Quick Turnaround:</strong> We know you need your phone back as soon as possible. We strive to complete most iPhone display glass replacements within [mention typical timeframe, e.g., 1-2 hours].</li><li><strong>Affordable Prices:</strong> We offer competitive prices on all our iPhone repair services, including display glass replacement.</li><li><strong>Warranty:</strong> We offer a warranty on our repair service and the replacement parts, giving you peace of mind.</li></ul><p><strong>Our iPhone Display Glass Replacement Service Includes:</strong></p><ul><li>Careful removal of the damaged glass</li><li>Thorough cleaning of the display surface</li><li>Installation of the new high-quality glass</li><li>Testing to ensure optimal display functionality</li></ul><p><strong>Don\\\'t let a broken screen disrupt your day. Contact Qaswa Telecom today for a free quote and get your iPhone display looking like new again!</strong></p>\', \'2025-03-07 13:49:23\', \'2025-03-07 13:49:23\')')
 3 SYSTEMPATH/Database/BaseConnection.php(606): CodeIgniter\Database\BaseConnection->simpleQuery('INSERT INTO `blog` (`title`, `image`, `description`, `created_at`, `updated_at`) VALUES (\'iPhone Display Broken Glass Replacement\', \'1741355363_11df9e6b632d1ff203a0.png\', \'<p>A shattered iPhone screen can be a major inconvenience. But don\\\'t worry, Qaswa Telecom is here to help! We offer fast, reliable, and affordable iPhone display glass replacement services in Mumbai.</p><p><strong>Why Choose Qaswa Telecom for Your iPhone Display Repair?</strong></p><ul><li><strong>Expert Technicians:</strong> Our skilled technicians have extensive experience in replacing iPhone display glass, ensuring a precise and seamless repair.</li><li><strong>High-Quality Parts:</strong> We use only premium quality glass that matches the original display\\\'s clarity, touch sensitivity, and durability.</li><li><strong>Quick Turnaround:</strong> We know you need your phone back as soon as possible. We strive to complete most iPhone display glass replacements within [mention typical timeframe, e.g., 1-2 hours].</li><li><strong>Affordable Prices:</strong> We offer competitive prices on all our iPhone repair services, including display glass replacement.</li><li><strong>Warranty:</strong> We offer a warranty on our repair service and the replacement parts, giving you peace of mind.</li></ul><p><strong>Our iPhone Display Glass Replacement Service Includes:</strong></p><ul><li>Careful removal of the damaged glass</li><li>Thorough cleaning of the display surface</li><li>Installation of the new high-quality glass</li><li>Testing to ensure optimal display functionality</li></ul><p><strong>Don\\\'t let a broken screen disrupt your day. Contact Qaswa Telecom today for a free quote and get your iPhone display looking like new again!</strong></p>\', \'2025-03-07 13:49:23\', \'2025-03-07 13:49:23\')')
 4 SYSTEMPATH/Database/BaseBuilder.php(2309): CodeIgniter\Database\BaseConnection->query('INSERT INTO `blog` (`title`, `image`, `description`, `created_at`, `updated_at`) VALUES (:title:, :image:, :description:, :created_at:, :updated_at:)', [...], false)
 5 SYSTEMPATH/Model.php(330): CodeIgniter\Database\BaseBuilder->insert()
 6 SYSTEMPATH/BaseModel.php(782): CodeIgniter\Model->doInsert([...])
 7 SYSTEMPATH/Model.php(730): CodeIgniter\BaseModel->insert([...], true)
 8 APPPATH/Controllers/Blog.php(46): CodeIgniter\Model->insert([...])
 9 SYSTEMPATH/CodeIgniter.php(932): App\Controllers\Blog->addBlog()
10 SYSTEMPATH/CodeIgniter.php(497): CodeIgniter\CodeIgniter->runController(Object(App\Controllers\Blog))
11 SYSTEMPATH/CodeIgniter.php(366): CodeIgniter\CodeIgniter->handleRequest(null, Object(Config\Cache), false)
12 FCPATH/index.php(67): CodeIgniter\CodeIgniter->run()
ERROR - 2025-03-07 14:30:41 --> mysqli_sql_exception: You have an error in your SQL syntax; check the manual that corresponds to your MySQL server version for the right syntax to use near ')' at line 3 in /home3/chakkimart/public_html/QaswaTelecom/system/Database/MySQLi/Connection.php:295
Stack trace:
#0 /home3/chakkimart/public_html/QaswaTelecom/system/Database/MySQLi/Connection.php(295): mysqli->query('SELECT *\nFROM `...', 0)
#1 /home3/chakkimart/public_html/QaswaTelecom/system/Database/BaseConnection.php(692): CodeIgniter\Database\MySQLi\Connection->execute('SELECT *\nFROM `...')
#2 /home3/chakkimart/public_html/QaswaTelecom/system/Database/BaseConnection.php(606): CodeIgniter\Database\BaseConnection->simpleQuery('SELECT *\nFROM `...')
#3 /home3/chakkimart/public_html/QaswaTelecom/system/Database/BaseBuilder.php(1616): CodeIgniter\Database\BaseConnection->query('SELECT *\nFROM `...', Array, false)
#4 /home3/chakkimart/public_html/QaswaTelecom/system/Model.php(241): CodeIgniter\Database\BaseBuilder->get()
#5 /home3/chakkimart/public_html/QaswaTelecom/system/BaseModel.php(618): CodeIgniter\Model->doFindAll(0, 0)
#6 /home3/chakkimart/public_html/QaswaTelecom/app/Controllers/Home.php(380): CodeIgniter\BaseModel->findAll()
#7 /home3/chakkimart/public_html/QaswaTelecom/system/CodeIgniter.php(932): App\Controllers\Home->Checkout()
#8 /home3/chakkimart/public_html/QaswaTelecom/system/CodeIgniter.php(497): CodeIgniter\CodeIgniter->runController(Object(App\Controllers\Home))
#9 /home3/chakkimart/public_html/QaswaTelecom/system/CodeIgniter.php(366): CodeIgniter\CodeIgniter->handleRequest(NULL, Object(Config\Cache), false)
#10 /home3/chakkimart/public_html/QaswaTelecom/index.php(67): CodeIgniter\CodeIgniter->run()
#11 {main}
CRITICAL - 2025-03-07 14:30:41 --> You have an error in your SQL syntax; check the manual that corresponds to your MySQL server version for the right syntax to use near ')' at line 3
in SYSTEMPATH/Database/MySQLi/Connection.php on line 295.
 1 SYSTEMPATH/Database/MySQLi/Connection.php(295): mysqli->query('SELECT *
FROM `services`
WHERE `id` IN ()', 0)
 2 SYSTEMPATH/Database/BaseConnection.php(692): CodeIgniter\Database\MySQLi\Connection->execute('SELECT *
FROM `services`
WHERE `id` IN ()')
 3 SYSTEMPATH/Database/BaseConnection.php(606): CodeIgniter\Database\BaseConnection->simpleQuery('SELECT *
FROM `services`
WHERE `id` IN ()')
 4 SYSTEMPATH/Database/BaseBuilder.php(1616): CodeIgniter\Database\BaseConnection->query('SELECT *
FROM `services`
WHERE `id` IN :id:', [...], false)
 5 SYSTEMPATH/Model.php(241): CodeIgniter\Database\BaseBuilder->get()
 6 SYSTEMPATH/BaseModel.php(618): CodeIgniter\Model->doFindAll(0, 0)
 7 APPPATH/Controllers/Home.php(380): CodeIgniter\BaseModel->findAll()
 8 SYSTEMPATH/CodeIgniter.php(932): App\Controllers\Home->Checkout()
 9 SYSTEMPATH/CodeIgniter.php(497): CodeIgniter\CodeIgniter->runController(Object(App\Controllers\Home))
10 SYSTEMPATH/CodeIgniter.php(366): CodeIgniter\CodeIgniter->handleRequest(null, Object(Config\Cache), false)
11 FCPATH/index.php(67): CodeIgniter\CodeIgniter->run()
ERROR - 2025-03-07 14:37:00 --> mysqli_sql_exception: Unknown column 'updated_at' in 'field list' in /home3/chakkimart/public_html/QaswaTelecom/system/Database/MySQLi/Connection.php:295
Stack trace:
#0 /home3/chakkimart/public_html/QaswaTelecom/system/Database/MySQLi/Connection.php(295): mysqli->query('INSERT INTO `bl...', 0)
#1 /home3/chakkimart/public_html/QaswaTelecom/system/Database/BaseConnection.php(692): CodeIgniter\Database\MySQLi\Connection->execute('INSERT INTO `bl...')
#2 /home3/chakkimart/public_html/QaswaTelecom/system/Database/BaseConnection.php(606): CodeIgniter\Database\BaseConnection->simpleQuery('INSERT INTO `bl...')
#3 /home3/chakkimart/public_html/QaswaTelecom/system/Database/BaseBuilder.php(2309): CodeIgniter\Database\BaseConnection->query('INSERT INTO `bl...', Array, false)
#4 /home3/chakkimart/public_html/QaswaTelecom/system/Model.php(330): CodeIgniter\Database\BaseBuilder->insert()
#5 /home3/chakkimart/public_html/QaswaTelecom/system/BaseModel.php(782): CodeIgniter\Model->doInsert(Array)
#6 /home3/chakkimart/public_html/QaswaTelecom/system/Model.php(730): CodeIgniter\BaseModel->insert(Array, true)
#7 /home3/chakkimart/public_html/QaswaTelecom/app/Controllers/Blog.php(46): CodeIgniter\Model->insert(Array)
#8 /home3/chakkimart/public_html/QaswaTelecom/system/CodeIgniter.php(932): App\Controllers\Blog->addBlog()
#9 /home3/chakkimart/public_html/QaswaTelecom/system/CodeIgniter.php(497): CodeIgniter\CodeIgniter->runController(Object(App\Controllers\Blog))
#10 /home3/chakkimart/public_html/QaswaTelecom/system/CodeIgniter.php(366): CodeIgniter\CodeIgniter->handleRequest(NULL, Object(Config\Cache), false)
#11 /home3/chakkimart/public_html/QaswaTelecom/index.php(67): CodeIgniter\CodeIgniter->run()
#12 {main}
CRITICAL - 2025-03-07 14:37:00 --> Unknown column 'updated_at' in 'field list'
in SYSTEMPATH/Database/MySQLi/Connection.php on line 295.
 1 SYSTEMPATH/Database/MySQLi/Connection.php(295): mysqli->query('INSERT INTO `blog` (`title`, `image`, `description`, `created_at`, `updated_at`) VALUES (\'iPhone Display Broken Glass Replacement\', \'1741358220_183d3fb4ba5c259c0db9.png\', \'<p>A shattered iPhone screen can be a major inconvenience. But don\\\'t worry, Qaswa Telecom is here to help! We offer fast, reliable, and affordable iPhone display glass replacement services in Mumbai.</p><p><strong>Why Choose Qaswa Telecom for Your iPhone Display Repair?</strong></p><ul><li><strong>Expert Technicians:</strong> Our skilled technicians have extensive experience in replacing iPhone display glass, ensuring a precise and seamless repair.</li><li><strong>High-Quality Parts:</strong> We use only premium quality glass that matches the original display\\\'s clarity, touch sensitivity, and durability.</li><li><strong>Quick Turnaround:</strong> We know you need your phone back as soon as possible. We strive to complete most iPhone display glass replacements within [mention typical timeframe, e.g., 1-2 hours].</li><li><strong>Affordable Prices:</strong> We offer competitive prices on all our iPhone repair services, including display glass replacement.</li><li><strong>Warranty:</strong> We offer a warranty on our repair service and the replacement parts, giving you peace of mind.</li></ul><p><strong>Our iPhone Display Glass Replacement Service Includes:</strong></p><ul><li>Careful removal of the damaged glass</li><li>Thorough cleaning of the display surface</li><li>Installation of the new high-quality glass</li><li>Testing to ensure optimal display functionality</li></ul><p><strong>Don\\\'t let a broken screen disrupt your day. Contact Qaswa Telecom today for a free quote and get your iPhone display looking like new again!</strong></p><p>&nbsp;</p>\', \'2025-03-07 14:37:00\', \'2025-03-07 14:37:00\')', 0)
 2 SYSTEMPATH/Database/BaseConnection.php(692): CodeIgniter\Database\MySQLi\Connection->execute('INSERT INTO `blog` (`title`, `image`, `description`, `created_at`, `updated_at`) VALUES (\'iPhone Display Broken Glass Replacement\', \'1741358220_183d3fb4ba5c259c0db9.png\', \'<p>A shattered iPhone screen can be a major inconvenience. But don\\\'t worry, Qaswa Telecom is here to help! We offer fast, reliable, and affordable iPhone display glass replacement services in Mumbai.</p><p><strong>Why Choose Qaswa Telecom for Your iPhone Display Repair?</strong></p><ul><li><strong>Expert Technicians:</strong> Our skilled technicians have extensive experience in replacing iPhone display glass, ensuring a precise and seamless repair.</li><li><strong>High-Quality Parts:</strong> We use only premium quality glass that matches the original display\\\'s clarity, touch sensitivity, and durability.</li><li><strong>Quick Turnaround:</strong> We know you need your phone back as soon as possible. We strive to complete most iPhone display glass replacements within [mention typical timeframe, e.g., 1-2 hours].</li><li><strong>Affordable Prices:</strong> We offer competitive prices on all our iPhone repair services, including display glass replacement.</li><li><strong>Warranty:</strong> We offer a warranty on our repair service and the replacement parts, giving you peace of mind.</li></ul><p><strong>Our iPhone Display Glass Replacement Service Includes:</strong></p><ul><li>Careful removal of the damaged glass</li><li>Thorough cleaning of the display surface</li><li>Installation of the new high-quality glass</li><li>Testing to ensure optimal display functionality</li></ul><p><strong>Don\\\'t let a broken screen disrupt your day. Contact Qaswa Telecom today for a free quote and get your iPhone display looking like new again!</strong></p><p>&nbsp;</p>\', \'2025-03-07 14:37:00\', \'2025-03-07 14:37:00\')')
 3 SYSTEMPATH/Database/BaseConnection.php(606): CodeIgniter\Database\BaseConnection->simpleQuery('INSERT INTO `blog` (`title`, `image`, `description`, `created_at`, `updated_at`) VALUES (\'iPhone Display Broken Glass Replacement\', \'1741358220_183d3fb4ba5c259c0db9.png\', \'<p>A shattered iPhone screen can be a major inconvenience. But don\\\'t worry, Qaswa Telecom is here to help! We offer fast, reliable, and affordable iPhone display glass replacement services in Mumbai.</p><p><strong>Why Choose Qaswa Telecom for Your iPhone Display Repair?</strong></p><ul><li><strong>Expert Technicians:</strong> Our skilled technicians have extensive experience in replacing iPhone display glass, ensuring a precise and seamless repair.</li><li><strong>High-Quality Parts:</strong> We use only premium quality glass that matches the original display\\\'s clarity, touch sensitivity, and durability.</li><li><strong>Quick Turnaround:</strong> We know you need your phone back as soon as possible. We strive to complete most iPhone display glass replacements within [mention typical timeframe, e.g., 1-2 hours].</li><li><strong>Affordable Prices:</strong> We offer competitive prices on all our iPhone repair services, including display glass replacement.</li><li><strong>Warranty:</strong> We offer a warranty on our repair service and the replacement parts, giving you peace of mind.</li></ul><p><strong>Our iPhone Display Glass Replacement Service Includes:</strong></p><ul><li>Careful removal of the damaged glass</li><li>Thorough cleaning of the display surface</li><li>Installation of the new high-quality glass</li><li>Testing to ensure optimal display functionality</li></ul><p><strong>Don\\\'t let a broken screen disrupt your day. Contact Qaswa Telecom today for a free quote and get your iPhone display looking like new again!</strong></p><p>&nbsp;</p>\', \'2025-03-07 14:37:00\', \'2025-03-07 14:37:00\')')
 4 SYSTEMPATH/Database/BaseBuilder.php(2309): CodeIgniter\Database\BaseConnection->query('INSERT INTO `blog` (`title`, `image`, `description`, `created_at`, `updated_at`) VALUES (:title:, :image:, :description:, :created_at:, :updated_at:)', [...], false)
 5 SYSTEMPATH/Model.php(330): CodeIgniter\Database\BaseBuilder->insert()
 6 SYSTEMPATH/BaseModel.php(782): CodeIgniter\Model->doInsert([...])
 7 SYSTEMPATH/Model.php(730): CodeIgniter\BaseModel->insert([...], true)
 8 APPPATH/Controllers/Blog.php(46): CodeIgniter\Model->insert([...])
 9 SYSTEMPATH/CodeIgniter.php(932): App\Controllers\Blog->addBlog()
10 SYSTEMPATH/CodeIgniter.php(497): CodeIgniter\CodeIgniter->runController(Object(App\Controllers\Blog))
11 SYSTEMPATH/CodeIgniter.php(366): CodeIgniter\CodeIgniter->handleRequest(null, Object(Config\Cache), false)
12 FCPATH/index.php(67): CodeIgniter\CodeIgniter->run()
ERROR - 2025-03-07 14:56:19 --> mysqli_sql_exception: Unknown column 'updated_at' in 'field list' in /home3/chakkimart/public_html/QaswaTelecom/system/Database/MySQLi/Connection.php:295
Stack trace:
#0 /home3/chakkimart/public_html/QaswaTelecom/system/Database/MySQLi/Connection.php(295): mysqli->query('INSERT INTO `bl...', 0)
#1 /home3/chakkimart/public_html/QaswaTelecom/system/Database/BaseConnection.php(692): CodeIgniter\Database\MySQLi\Connection->execute('INSERT INTO `bl...')
#2 /home3/chakkimart/public_html/QaswaTelecom/system/Database/BaseConnection.php(606): CodeIgniter\Database\BaseConnection->simpleQuery('INSERT INTO `bl...')
#3 /home3/chakkimart/public_html/QaswaTelecom/system/Database/BaseBuilder.php(2309): CodeIgniter\Database\BaseConnection->query('INSERT INTO `bl...', Array, false)
#4 /home3/chakkimart/public_html/QaswaTelecom/system/Model.php(330): CodeIgniter\Database\BaseBuilder->insert()
#5 /home3/chakkimart/public_html/QaswaTelecom/system/BaseModel.php(782): CodeIgniter\Model->doInsert(Array)
#6 /home3/chakkimart/public_html/QaswaTelecom/system/Model.php(730): CodeIgniter\BaseModel->insert(Array, true)
#7 /home3/chakkimart/public_html/QaswaTelecom/app/Controllers/Blog.php(46): CodeIgniter\Model->insert(Array)
#8 /home3/chakkimart/public_html/QaswaTelecom/system/CodeIgniter.php(932): App\Controllers\Blog->addBlog()
#9 /home3/chakkimart/public_html/QaswaTelecom/system/CodeIgniter.php(497): CodeIgniter\CodeIgniter->runController(Object(App\Controllers\Blog))
#10 /home3/chakkimart/public_html/QaswaTelecom/system/CodeIgniter.php(366): CodeIgniter\CodeIgniter->handleRequest(NULL, Object(Config\Cache), false)
#11 /home3/chakkimart/public_html/QaswaTelecom/index.php(67): CodeIgniter\CodeIgniter->run()
#12 {main}
CRITICAL - 2025-03-07 14:56:19 --> Unknown column 'updated_at' in 'field list'
in SYSTEMPATH/Database/MySQLi/Connection.php on line 295.
 1 SYSTEMPATH/Database/MySQLi/Connection.php(295): mysqli->query('INSERT INTO `blog` (`title`, `image`, `description`, `created_at`, `updated_at`) VALUES (\'iPhone Display Broken Glass Replacement\', \'1741359379_db3bfd69461ed2d479e5.png\', \'<p><strong>iPhone Display Broken Glass Replacement</strong></p>\', \'2025-03-07 14:56:19\', \'2025-03-07 14:56:19\')', 0)
 2 SYSTEMPATH/Database/BaseConnection.php(692): CodeIgniter\Database\MySQLi\Connection->execute('INSERT INTO `blog` (`title`, `image`, `description`, `created_at`, `updated_at`) VALUES (\'iPhone Display Broken Glass Replacement\', \'1741359379_db3bfd69461ed2d479e5.png\', \'<p><strong>iPhone Display Broken Glass Replacement</strong></p>\', \'2025-03-07 14:56:19\', \'2025-03-07 14:56:19\')')
 3 SYSTEMPATH/Database/BaseConnection.php(606): CodeIgniter\Database\BaseConnection->simpleQuery('INSERT INTO `blog` (`title`, `image`, `description`, `created_at`, `updated_at`) VALUES (\'iPhone Display Broken Glass Replacement\', \'1741359379_db3bfd69461ed2d479e5.png\', \'<p><strong>iPhone Display Broken Glass Replacement</strong></p>\', \'2025-03-07 14:56:19\', \'2025-03-07 14:56:19\')')
 4 SYSTEMPATH/Database/BaseBuilder.php(2309): CodeIgniter\Database\BaseConnection->query('INSERT INTO `blog` (`title`, `image`, `description`, `created_at`, `updated_at`) VALUES (:title:, :image:, :description:, :created_at:, :updated_at:)', [...], false)
 5 SYSTEMPATH/Model.php(330): CodeIgniter\Database\BaseBuilder->insert()
 6 SYSTEMPATH/BaseModel.php(782): CodeIgniter\Model->doInsert([...])
 7 SYSTEMPATH/Model.php(730): CodeIgniter\BaseModel->insert([...], true)
 8 APPPATH/Controllers/Blog.php(46): CodeIgniter\Model->insert([...])
 9 SYSTEMPATH/CodeIgniter.php(932): App\Controllers\Blog->addBlog()
10 SYSTEMPATH/CodeIgniter.php(497): CodeIgniter\CodeIgniter->runController(Object(App\Controllers\Blog))
11 SYSTEMPATH/CodeIgniter.php(366): CodeIgniter\CodeIgniter->handleRequest(null, Object(Config\Cache), false)
12 FCPATH/index.php(67): CodeIgniter\CodeIgniter->run()
