ERROR - 2025-04-16 00:06:20 --> mysqli_sql_exception: Column 'email' cannot be null in /home/k76t07qzzuog/public_html/system/Database/MySQLi/Connection.php:295
Stack trace:
#0 /home/k76t07qzzuog/public_html/system/Database/MySQLi/Connection.php(295): mysqli->query()
#1 /home/k76t07qzzuog/public_html/system/Database/BaseConnection.php(692): CodeIgniter\Database\MySQLi\Connection->execute()
#2 /home/k76t07qzzuog/public_html/system/Database/BaseConnection.php(606): CodeIgniter\Database\BaseConnection->simpleQuery()
#3 /home/k76t07qzzuog/public_html/system/Database/BaseBuilder.php(2309): CodeIgniter\Database\BaseConnection->query()
#4 /home/k76t07qzzuog/public_html/system/Model.php(330): CodeIgniter\Database\BaseBuilder->insert()
#5 /home/k76t07qzzuog/public_html/system/BaseModel.php(782): CodeIgniter\Model->doInsert()
#6 /home/k76t07qzzuog/public_html/system/Model.php(730): CodeIgniter\BaseModel->insert()
#7 /home/k76t07qzzuog/public_html/app/Controllers/Home.php(89): CodeIgniter\Model->insert()
#8 /home/k76t07qzzuog/public_html/system/CodeIgniter.php(932): App\Controllers\Home->userLogin()
#9 /home/k76t07qzzuog/public_html/system/CodeIgniter.php(497): CodeIgniter\CodeIgniter->runController()
#10 /home/k76t07qzzuog/public_html/system/CodeIgniter.php(366): CodeIgniter\CodeIgniter->handleRequest()
#11 /home/k76t07qzzuog/public_html/index.php(67): CodeIgniter\CodeIgniter->run()
#12 {main}
CRITICAL - 2025-04-16 00:06:20 --> Column 'email' cannot be null
in SYSTEMPATH/Database/MySQLi/Connection.php on line 295.
 1 SYSTEMPATH/Database/MySQLi/Connection.php(295): mysqli->query()
 2 SYSTEMPATH/Database/BaseConnection.php(692): CodeIgniter\Database\MySQLi\Connection->execute()
 3 SYSTEMPATH/Database/BaseConnection.php(606): CodeIgniter\Database\BaseConnection->simpleQuery()
 4 SYSTEMPATH/Database/BaseBuilder.php(2309): CodeIgniter\Database\BaseConnection->query()
 5 SYSTEMPATH/Model.php(330): CodeIgniter\Database\BaseBuilder->insert()
 6 SYSTEMPATH/BaseModel.php(782): CodeIgniter\Model->doInsert()
 7 SYSTEMPATH/Model.php(730): CodeIgniter\BaseModel->insert()
 8 APPPATH/Controllers/Home.php(89): CodeIgniter\Model->insert()
 9 SYSTEMPATH/CodeIgniter.php(932): App\Controllers\Home->userLogin()
10 SYSTEMPATH/CodeIgniter.php(497): CodeIgniter\CodeIgniter->runController()
11 SYSTEMPATH/CodeIgniter.php(366): CodeIgniter\CodeIgniter->handleRequest()
12 FCPATH/index.php(67): CodeIgniter\CodeIgniter->run()
CRITICAL - 2025-04-16 00:10:07 --> Trying to access array offset on null
in APPPATH/Controllers/Home.php on line 367.
 1 APPPATH/Controllers/Home.php(367): CodeIgniter\Debug\Exceptions->errorHandler()
 2 SYSTEMPATH/CodeIgniter.php(932): App\Controllers\Home->modelServices()
 3 SYSTEMPATH/CodeIgniter.php(497): CodeIgniter\CodeIgniter->runController()
 4 SYSTEMPATH/CodeIgniter.php(366): CodeIgniter\CodeIgniter->handleRequest()
 5 FCPATH/index.php(67): CodeIgniter\CodeIgniter->run()
CRITICAL - 2025-04-16 00:27:13 --> Trying to access array offset on null
in APPPATH/Controllers/Home.php on line 367.
 1 APPPATH/Controllers/Home.php(367): CodeIgniter\Debug\Exceptions->errorHandler()
 2 SYSTEMPATH/CodeIgniter.php(932): App\Controllers\Home->modelServices()
 3 SYSTEMPATH/CodeIgniter.php(497): CodeIgniter\CodeIgniter->runController()
 4 SYSTEMPATH/CodeIgniter.php(366): CodeIgniter\CodeIgniter->handleRequest()
 5 FCPATH/index.php(67): CodeIgniter\CodeIgniter->run()
CRITICAL - 2025-04-16 00:28:18 --> Trying to access array offset on null
in APPPATH/Controllers/Home.php on line 367.
 1 APPPATH/Controllers/Home.php(367): CodeIgniter\Debug\Exceptions->errorHandler()
 2 SYSTEMPATH/CodeIgniter.php(932): App\Controllers\Home->modelServices()
 3 SYSTEMPATH/CodeIgniter.php(497): CodeIgniter\CodeIgniter->runController()
 4 SYSTEMPATH/CodeIgniter.php(366): CodeIgniter\CodeIgniter->handleRequest()
 5 FCPATH/index.php(67): CodeIgniter\CodeIgniter->run()
CRITICAL - 2025-04-16 00:28:56 --> Trying to access array offset on null
in APPPATH/Controllers/Home.php on line 367.
 1 APPPATH/Controllers/Home.php(367): CodeIgniter\Debug\Exceptions->errorHandler()
 2 SYSTEMPATH/CodeIgniter.php(932): App\Controllers\Home->modelServices()
 3 SYSTEMPATH/CodeIgniter.php(497): CodeIgniter\CodeIgniter->runController()
 4 SYSTEMPATH/CodeIgniter.php(366): CodeIgniter\CodeIgniter->handleRequest()
 5 FCPATH/index.php(67): CodeIgniter\CodeIgniter->run()
CRITICAL - 2025-04-16 00:29:30 --> Trying to access array offset on null
in APPPATH/Controllers/Home.php on line 367.
 1 APPPATH/Controllers/Home.php(367): CodeIgniter\Debug\Exceptions->errorHandler()
 2 SYSTEMPATH/CodeIgniter.php(932): App\Controllers\Home->modelServices()
 3 SYSTEMPATH/CodeIgniter.php(497): CodeIgniter\CodeIgniter->runController()
 4 SYSTEMPATH/CodeIgniter.php(366): CodeIgniter\CodeIgniter->handleRequest()
 5 FCPATH/index.php(67): CodeIgniter\CodeIgniter->run()
CRITICAL - 2025-04-16 00:30:23 --> Trying to access array offset on null
in APPPATH/Controllers/Home.php on line 367.
 1 APPPATH/Controllers/Home.php(367): CodeIgniter\Debug\Exceptions->errorHandler()
 2 SYSTEMPATH/CodeIgniter.php(932): App\Controllers\Home->modelServices()
 3 SYSTEMPATH/CodeIgniter.php(497): CodeIgniter\CodeIgniter->runController()
 4 SYSTEMPATH/CodeIgniter.php(366): CodeIgniter\CodeIgniter->handleRequest()
 5 FCPATH/index.php(67): CodeIgniter\CodeIgniter->run()
CRITICAL - 2025-04-16 00:31:26 --> Trying to access array offset on null
in APPPATH/Controllers/Home.php on line 367.
 1 APPPATH/Controllers/Home.php(367): CodeIgniter\Debug\Exceptions->errorHandler()
 2 SYSTEMPATH/CodeIgniter.php(932): App\Controllers\Home->modelServices()
 3 SYSTEMPATH/CodeIgniter.php(497): CodeIgniter\CodeIgniter->runController()
 4 SYSTEMPATH/CodeIgniter.php(366): CodeIgniter\CodeIgniter->handleRequest()
 5 FCPATH/index.php(67): CodeIgniter\CodeIgniter->run()
CRITICAL - 2025-04-16 00:32:02 --> Trying to access array offset on null
in APPPATH/Controllers/Home.php on line 367.
 1 APPPATH/Controllers/Home.php(367): CodeIgniter\Debug\Exceptions->errorHandler()
 2 SYSTEMPATH/CodeIgniter.php(932): App\Controllers\Home->modelServices()
 3 SYSTEMPATH/CodeIgniter.php(497): CodeIgniter\CodeIgniter->runController()
 4 SYSTEMPATH/CodeIgniter.php(366): CodeIgniter\CodeIgniter->handleRequest()
 5 FCPATH/index.php(67): CodeIgniter\CodeIgniter->run()
CRITICAL - 2025-04-16 00:36:37 --> Trying to access array offset on null
in APPPATH/Controllers/Home.php on line 367.
 1 APPPATH/Controllers/Home.php(367): CodeIgniter\Debug\Exceptions->errorHandler()
 2 SYSTEMPATH/CodeIgniter.php(932): App\Controllers\Home->modelServices()
 3 SYSTEMPATH/CodeIgniter.php(497): CodeIgniter\CodeIgniter->runController()
 4 SYSTEMPATH/CodeIgniter.php(366): CodeIgniter\CodeIgniter->handleRequest()
 5 FCPATH/index.php(67): CodeIgniter\CodeIgniter->run()
CRITICAL - 2025-04-16 00:37:18 --> Trying to access array offset on null
in APPPATH/Controllers/Home.php on line 367.
 1 APPPATH/Controllers/Home.php(367): CodeIgniter\Debug\Exceptions->errorHandler()
 2 SYSTEMPATH/CodeIgniter.php(932): App\Controllers\Home->modelServices()
 3 SYSTEMPATH/CodeIgniter.php(497): CodeIgniter\CodeIgniter->runController()
 4 SYSTEMPATH/CodeIgniter.php(366): CodeIgniter\CodeIgniter->handleRequest()
 5 FCPATH/index.php(67): CodeIgniter\CodeIgniter->run()
CRITICAL - 2025-04-16 00:38:05 --> Trying to access array offset on null
in APPPATH/Controllers/Home.php on line 367.
 1 APPPATH/Controllers/Home.php(367): CodeIgniter\Debug\Exceptions->errorHandler()
 2 SYSTEMPATH/CodeIgniter.php(932): App\Controllers\Home->modelServices()
 3 SYSTEMPATH/CodeIgniter.php(497): CodeIgniter\CodeIgniter->runController()
 4 SYSTEMPATH/CodeIgniter.php(366): CodeIgniter\CodeIgniter->handleRequest()
 5 FCPATH/index.php(67): CodeIgniter\CodeIgniter->run()
CRITICAL - 2025-04-16 00:52:24 --> Trying to access array offset on null
in APPPATH/Controllers/Home.php on line 367.
 1 APPPATH/Controllers/Home.php(367): CodeIgniter\Debug\Exceptions->errorHandler()
 2 SYSTEMPATH/CodeIgniter.php(932): App\Controllers\Home->modelServices()
 3 SYSTEMPATH/CodeIgniter.php(497): CodeIgniter\CodeIgniter->runController()
 4 SYSTEMPATH/CodeIgniter.php(366): CodeIgniter\CodeIgniter->handleRequest()
 5 FCPATH/index.php(67): CodeIgniter\CodeIgniter->run()
CRITICAL - 2025-04-16 00:52:55 --> Trying to access array offset on null
in APPPATH/Controllers/Home.php on line 367.
 1 APPPATH/Controllers/Home.php(367): CodeIgniter\Debug\Exceptions->errorHandler()
 2 SYSTEMPATH/CodeIgniter.php(932): App\Controllers\Home->modelServices()
 3 SYSTEMPATH/CodeIgniter.php(497): CodeIgniter\CodeIgniter->runController()
 4 SYSTEMPATH/CodeIgniter.php(366): CodeIgniter\CodeIgniter->handleRequest()
 5 FCPATH/index.php(67): CodeIgniter\CodeIgniter->run()
CRITICAL - 2025-04-16 00:56:34 --> Trying to access array offset on null
in APPPATH/Controllers/Home.php on line 367.
 1 APPPATH/Controllers/Home.php(367): CodeIgniter\Debug\Exceptions->errorHandler()
 2 SYSTEMPATH/CodeIgniter.php(932): App\Controllers\Home->modelServices()
 3 SYSTEMPATH/CodeIgniter.php(497): CodeIgniter\CodeIgniter->runController()
 4 SYSTEMPATH/CodeIgniter.php(366): CodeIgniter\CodeIgniter->handleRequest()
 5 FCPATH/index.php(67): CodeIgniter\CodeIgniter->run()
CRITICAL - 2025-04-16 00:57:51 --> Trying to access array offset on null
in APPPATH/Controllers/Home.php on line 367.
 1 APPPATH/Controllers/Home.php(367): CodeIgniter\Debug\Exceptions->errorHandler()
 2 SYSTEMPATH/CodeIgniter.php(932): App\Controllers\Home->modelServices()
 3 SYSTEMPATH/CodeIgniter.php(497): CodeIgniter\CodeIgniter->runController()
 4 SYSTEMPATH/CodeIgniter.php(366): CodeIgniter\CodeIgniter->handleRequest()
 5 FCPATH/index.php(67): CodeIgniter\CodeIgniter->run()
CRITICAL - 2025-04-16 00:58:03 --> Trying to access array offset on null
in APPPATH/Controllers/Home.php on line 367.
 1 APPPATH/Controllers/Home.php(367): CodeIgniter\Debug\Exceptions->errorHandler()
 2 SYSTEMPATH/CodeIgniter.php(932): App\Controllers\Home->modelServices()
 3 SYSTEMPATH/CodeIgniter.php(497): CodeIgniter\CodeIgniter->runController()
 4 SYSTEMPATH/CodeIgniter.php(366): CodeIgniter\CodeIgniter->handleRequest()
 5 FCPATH/index.php(67): CodeIgniter\CodeIgniter->run()
CRITICAL - 2025-04-16 00:58:23 --> Trying to access array offset on null
in APPPATH/Controllers/Home.php on line 367.
 1 APPPATH/Controllers/Home.php(367): CodeIgniter\Debug\Exceptions->errorHandler()
 2 SYSTEMPATH/CodeIgniter.php(932): App\Controllers\Home->modelServices()
 3 SYSTEMPATH/CodeIgniter.php(497): CodeIgniter\CodeIgniter->runController()
 4 SYSTEMPATH/CodeIgniter.php(366): CodeIgniter\CodeIgniter->handleRequest()
 5 FCPATH/index.php(67): CodeIgniter\CodeIgniter->run()
CRITICAL - 2025-04-16 00:59:23 --> Trying to access array offset on null
in APPPATH/Controllers/Home.php on line 367.
 1 APPPATH/Controllers/Home.php(367): CodeIgniter\Debug\Exceptions->errorHandler()
 2 SYSTEMPATH/CodeIgniter.php(932): App\Controllers\Home->modelServices()
 3 SYSTEMPATH/CodeIgniter.php(497): CodeIgniter\CodeIgniter->runController()
 4 SYSTEMPATH/CodeIgniter.php(366): CodeIgniter\CodeIgniter->handleRequest()
 5 FCPATH/index.php(67): CodeIgniter\CodeIgniter->run()
CRITICAL - 2025-04-16 00:59:23 --> Trying to access array offset on null
in APPPATH/Controllers/Home.php on line 367.
 1 APPPATH/Controllers/Home.php(367): CodeIgniter\Debug\Exceptions->errorHandler()
 2 SYSTEMPATH/CodeIgniter.php(932): App\Controllers\Home->modelServices()
 3 SYSTEMPATH/CodeIgniter.php(497): CodeIgniter\CodeIgniter->runController()
 4 SYSTEMPATH/CodeIgniter.php(366): CodeIgniter\CodeIgniter->handleRequest()
 5 FCPATH/index.php(67): CodeIgniter\CodeIgniter->run()
CRITICAL - 2025-04-16 01:00:06 --> Trying to access array offset on null
in APPPATH/Controllers/Home.php on line 367.
 1 APPPATH/Controllers/Home.php(367): CodeIgniter\Debug\Exceptions->errorHandler()
 2 SYSTEMPATH/CodeIgniter.php(932): App\Controllers\Home->modelServices()
 3 SYSTEMPATH/CodeIgniter.php(497): CodeIgniter\CodeIgniter->runController()
 4 SYSTEMPATH/CodeIgniter.php(366): CodeIgniter\CodeIgniter->handleRequest()
 5 FCPATH/index.php(67): CodeIgniter\CodeIgniter->run()
CRITICAL - 2025-04-16 01:03:00 --> Trying to access array offset on null
in APPPATH/Controllers/Home.php on line 367.
 1 APPPATH/Controllers/Home.php(367): CodeIgniter\Debug\Exceptions->errorHandler()
 2 SYSTEMPATH/CodeIgniter.php(932): App\Controllers\Home->modelServices()
 3 SYSTEMPATH/CodeIgniter.php(497): CodeIgniter\CodeIgniter->runController()
 4 SYSTEMPATH/CodeIgniter.php(366): CodeIgniter\CodeIgniter->handleRequest()
 5 FCPATH/index.php(67): CodeIgniter\CodeIgniter->run()
CRITICAL - 2025-04-16 01:03:28 --> Trying to access array offset on null
in APPPATH/Controllers/Home.php on line 367.
 1 APPPATH/Controllers/Home.php(367): CodeIgniter\Debug\Exceptions->errorHandler()
 2 SYSTEMPATH/CodeIgniter.php(932): App\Controllers\Home->modelServices()
 3 SYSTEMPATH/CodeIgniter.php(497): CodeIgniter\CodeIgniter->runController()
 4 SYSTEMPATH/CodeIgniter.php(366): CodeIgniter\CodeIgniter->handleRequest()
 5 FCPATH/index.php(67): CodeIgniter\CodeIgniter->run()
CRITICAL - 2025-04-16 01:05:00 --> Trying to access array offset on null
in APPPATH/Controllers/Home.php on line 367.
 1 APPPATH/Controllers/Home.php(367): CodeIgniter\Debug\Exceptions->errorHandler()
 2 SYSTEMPATH/CodeIgniter.php(932): App\Controllers\Home->modelServices()
 3 SYSTEMPATH/CodeIgniter.php(497): CodeIgniter\CodeIgniter->runController()
 4 SYSTEMPATH/CodeIgniter.php(366): CodeIgniter\CodeIgniter->handleRequest()
 5 FCPATH/index.php(67): CodeIgniter\CodeIgniter->run()
ERROR - 2025-04-16 02:47:30 --> mysqli_sql_exception: Column 'email' cannot be null in /home/k76t07qzzuog/public_html/system/Database/MySQLi/Connection.php:295
Stack trace:
#0 /home/k76t07qzzuog/public_html/system/Database/MySQLi/Connection.php(295): mysqli->query()
#1 /home/k76t07qzzuog/public_html/system/Database/BaseConnection.php(692): CodeIgniter\Database\MySQLi\Connection->execute()
#2 /home/k76t07qzzuog/public_html/system/Database/BaseConnection.php(606): CodeIgniter\Database\BaseConnection->simpleQuery()
#3 /home/k76t07qzzuog/public_html/system/Database/BaseBuilder.php(2309): CodeIgniter\Database\BaseConnection->query()
#4 /home/k76t07qzzuog/public_html/system/Model.php(330): CodeIgniter\Database\BaseBuilder->insert()
#5 /home/k76t07qzzuog/public_html/system/BaseModel.php(782): CodeIgniter\Model->doInsert()
#6 /home/k76t07qzzuog/public_html/system/Model.php(730): CodeIgniter\BaseModel->insert()
#7 /home/k76t07qzzuog/public_html/app/Controllers/Home.php(89): CodeIgniter\Model->insert()
#8 /home/k76t07qzzuog/public_html/system/CodeIgniter.php(932): App\Controllers\Home->userLogin()
#9 /home/k76t07qzzuog/public_html/system/CodeIgniter.php(497): CodeIgniter\CodeIgniter->runController()
#10 /home/k76t07qzzuog/public_html/system/CodeIgniter.php(366): CodeIgniter\CodeIgniter->handleRequest()
#11 /home/k76t07qzzuog/public_html/index.php(67): CodeIgniter\CodeIgniter->run()
#12 {main}
CRITICAL - 2025-04-16 02:47:30 --> Column 'email' cannot be null
in SYSTEMPATH/Database/MySQLi/Connection.php on line 295.
 1 SYSTEMPATH/Database/MySQLi/Connection.php(295): mysqli->query()
 2 SYSTEMPATH/Database/BaseConnection.php(692): CodeIgniter\Database\MySQLi\Connection->execute()
 3 SYSTEMPATH/Database/BaseConnection.php(606): CodeIgniter\Database\BaseConnection->simpleQuery()
 4 SYSTEMPATH/Database/BaseBuilder.php(2309): CodeIgniter\Database\BaseConnection->query()
 5 SYSTEMPATH/Model.php(330): CodeIgniter\Database\BaseBuilder->insert()
 6 SYSTEMPATH/BaseModel.php(782): CodeIgniter\Model->doInsert()
 7 SYSTEMPATH/Model.php(730): CodeIgniter\BaseModel->insert()
 8 APPPATH/Controllers/Home.php(89): CodeIgniter\Model->insert()
 9 SYSTEMPATH/CodeIgniter.php(932): App\Controllers\Home->userLogin()
10 SYSTEMPATH/CodeIgniter.php(497): CodeIgniter\CodeIgniter->runController()
11 SYSTEMPATH/CodeIgniter.php(366): CodeIgniter\CodeIgniter->handleRequest()
12 FCPATH/index.php(67): CodeIgniter\CodeIgniter->run()
CRITICAL - 2025-04-16 03:16:03 --> Trying to access array offset on null
in APPPATH/Controllers/Home.php on line 367.
 1 APPPATH/Controllers/Home.php(367): CodeIgniter\Debug\Exceptions->errorHandler()
 2 SYSTEMPATH/CodeIgniter.php(932): App\Controllers\Home->modelServices()
 3 SYSTEMPATH/CodeIgniter.php(497): CodeIgniter\CodeIgniter->runController()
 4 SYSTEMPATH/CodeIgniter.php(366): CodeIgniter\CodeIgniter->handleRequest()
 5 FCPATH/index.php(67): CodeIgniter\CodeIgniter->run()
CRITICAL - 2025-04-16 03:32:30 --> Trying to access array offset on null
in APPPATH/Controllers/Home.php on line 367.
 1 APPPATH/Controllers/Home.php(367): CodeIgniter\Debug\Exceptions->errorHandler()
 2 SYSTEMPATH/CodeIgniter.php(932): App\Controllers\Home->modelServices()
 3 SYSTEMPATH/CodeIgniter.php(497): CodeIgniter\CodeIgniter->runController()
 4 SYSTEMPATH/CodeIgniter.php(366): CodeIgniter\CodeIgniter->handleRequest()
 5 FCPATH/index.php(67): CodeIgniter\CodeIgniter->run()
CRITICAL - 2025-04-16 03:40:52 --> Trying to access array offset on null
in APPPATH/Controllers/Home.php on line 367.
 1 APPPATH/Controllers/Home.php(367): CodeIgniter\Debug\Exceptions->errorHandler()
 2 SYSTEMPATH/CodeIgniter.php(932): App\Controllers\Home->modelServices()
 3 SYSTEMPATH/CodeIgniter.php(497): CodeIgniter\CodeIgniter->runController()
 4 SYSTEMPATH/CodeIgniter.php(366): CodeIgniter\CodeIgniter->handleRequest()
 5 FCPATH/index.php(67): CodeIgniter\CodeIgniter->run()
ERROR - 2025-04-16 03:49:50 --> mysqli_sql_exception: Column 'email' cannot be null in /home/k76t07qzzuog/public_html/system/Database/MySQLi/Connection.php:295
Stack trace:
#0 /home/k76t07qzzuog/public_html/system/Database/MySQLi/Connection.php(295): mysqli->query()
#1 /home/k76t07qzzuog/public_html/system/Database/BaseConnection.php(692): CodeIgniter\Database\MySQLi\Connection->execute()
#2 /home/k76t07qzzuog/public_html/system/Database/BaseConnection.php(606): CodeIgniter\Database\BaseConnection->simpleQuery()
#3 /home/k76t07qzzuog/public_html/system/Database/BaseBuilder.php(2309): CodeIgniter\Database\BaseConnection->query()
#4 /home/k76t07qzzuog/public_html/system/Model.php(330): CodeIgniter\Database\BaseBuilder->insert()
#5 /home/k76t07qzzuog/public_html/system/BaseModel.php(782): CodeIgniter\Model->doInsert()
#6 /home/k76t07qzzuog/public_html/system/Model.php(730): CodeIgniter\BaseModel->insert()
#7 /home/k76t07qzzuog/public_html/app/Controllers/Home.php(89): CodeIgniter\Model->insert()
#8 /home/k76t07qzzuog/public_html/system/CodeIgniter.php(932): App\Controllers\Home->userLogin()
#9 /home/k76t07qzzuog/public_html/system/CodeIgniter.php(497): CodeIgniter\CodeIgniter->runController()
#10 /home/k76t07qzzuog/public_html/system/CodeIgniter.php(366): CodeIgniter\CodeIgniter->handleRequest()
#11 /home/k76t07qzzuog/public_html/index.php(67): CodeIgniter\CodeIgniter->run()
#12 {main}
CRITICAL - 2025-04-16 03:49:50 --> Column 'email' cannot be null
in SYSTEMPATH/Database/MySQLi/Connection.php on line 295.
 1 SYSTEMPATH/Database/MySQLi/Connection.php(295): mysqli->query()
 2 SYSTEMPATH/Database/BaseConnection.php(692): CodeIgniter\Database\MySQLi\Connection->execute()
 3 SYSTEMPATH/Database/BaseConnection.php(606): CodeIgniter\Database\BaseConnection->simpleQuery()
 4 SYSTEMPATH/Database/BaseBuilder.php(2309): CodeIgniter\Database\BaseConnection->query()
 5 SYSTEMPATH/Model.php(330): CodeIgniter\Database\BaseBuilder->insert()
 6 SYSTEMPATH/BaseModel.php(782): CodeIgniter\Model->doInsert()
 7 SYSTEMPATH/Model.php(730): CodeIgniter\BaseModel->insert()
 8 APPPATH/Controllers/Home.php(89): CodeIgniter\Model->insert()
 9 SYSTEMPATH/CodeIgniter.php(932): App\Controllers\Home->userLogin()
10 SYSTEMPATH/CodeIgniter.php(497): CodeIgniter\CodeIgniter->runController()
11 SYSTEMPATH/CodeIgniter.php(366): CodeIgniter\CodeIgniter->handleRequest()
12 FCPATH/index.php(67): CodeIgniter\CodeIgniter->run()
CRITICAL - 2025-04-16 04:03:54 --> Trying to access array offset on null
in APPPATH/Controllers/Home.php on line 367.
 1 APPPATH/Controllers/Home.php(367): CodeIgniter\Debug\Exceptions->errorHandler()
 2 SYSTEMPATH/CodeIgniter.php(932): App\Controllers\Home->modelServices()
 3 SYSTEMPATH/CodeIgniter.php(497): CodeIgniter\CodeIgniter->runController()
 4 SYSTEMPATH/CodeIgniter.php(366): CodeIgniter\CodeIgniter->handleRequest()
 5 FCPATH/index.php(67): CodeIgniter\CodeIgniter->run()
CRITICAL - 2025-04-16 04:11:49 --> Trying to access array offset on null
in APPPATH/Controllers/Home.php on line 367.
 1 APPPATH/Controllers/Home.php(367): CodeIgniter\Debug\Exceptions->errorHandler()
 2 SYSTEMPATH/CodeIgniter.php(932): App\Controllers\Home->modelServices()
 3 SYSTEMPATH/CodeIgniter.php(497): CodeIgniter\CodeIgniter->runController()
 4 SYSTEMPATH/CodeIgniter.php(366): CodeIgniter\CodeIgniter->handleRequest()
 5 FCPATH/index.php(67): CodeIgniter\CodeIgniter->run()
CRITICAL - 2025-04-16 04:23:01 --> Trying to access array offset on null
in APPPATH/Controllers/Home.php on line 367.
 1 APPPATH/Controllers/Home.php(367): CodeIgniter\Debug\Exceptions->errorHandler()
 2 SYSTEMPATH/CodeIgniter.php(932): App\Controllers\Home->modelServices()
 3 SYSTEMPATH/CodeIgniter.php(497): CodeIgniter\CodeIgniter->runController()
 4 SYSTEMPATH/CodeIgniter.php(366): CodeIgniter\CodeIgniter->handleRequest()
 5 FCPATH/index.php(67): CodeIgniter\CodeIgniter->run()
ERROR - 2025-04-16 04:46:01 --> mysqli_sql_exception: Column 'email' cannot be null in /home/k76t07qzzuog/public_html/system/Database/MySQLi/Connection.php:295
Stack trace:
#0 /home/k76t07qzzuog/public_html/system/Database/MySQLi/Connection.php(295): mysqli->query()
#1 /home/k76t07qzzuog/public_html/system/Database/BaseConnection.php(692): CodeIgniter\Database\MySQLi\Connection->execute()
#2 /home/k76t07qzzuog/public_html/system/Database/BaseConnection.php(606): CodeIgniter\Database\BaseConnection->simpleQuery()
#3 /home/k76t07qzzuog/public_html/system/Database/BaseBuilder.php(2309): CodeIgniter\Database\BaseConnection->query()
#4 /home/k76t07qzzuog/public_html/system/Model.php(330): CodeIgniter\Database\BaseBuilder->insert()
#5 /home/k76t07qzzuog/public_html/system/BaseModel.php(782): CodeIgniter\Model->doInsert()
#6 /home/k76t07qzzuog/public_html/system/Model.php(730): CodeIgniter\BaseModel->insert()
#7 /home/k76t07qzzuog/public_html/app/Controllers/Home.php(89): CodeIgniter\Model->insert()
#8 /home/k76t07qzzuog/public_html/system/CodeIgniter.php(932): App\Controllers\Home->userLogin()
#9 /home/k76t07qzzuog/public_html/system/CodeIgniter.php(497): CodeIgniter\CodeIgniter->runController()
#10 /home/k76t07qzzuog/public_html/system/CodeIgniter.php(366): CodeIgniter\CodeIgniter->handleRequest()
#11 /home/k76t07qzzuog/public_html/index.php(67): CodeIgniter\CodeIgniter->run()
#12 {main}
CRITICAL - 2025-04-16 04:46:01 --> Column 'email' cannot be null
in SYSTEMPATH/Database/MySQLi/Connection.php on line 295.
 1 SYSTEMPATH/Database/MySQLi/Connection.php(295): mysqli->query()
 2 SYSTEMPATH/Database/BaseConnection.php(692): CodeIgniter\Database\MySQLi\Connection->execute()
 3 SYSTEMPATH/Database/BaseConnection.php(606): CodeIgniter\Database\BaseConnection->simpleQuery()
 4 SYSTEMPATH/Database/BaseBuilder.php(2309): CodeIgniter\Database\BaseConnection->query()
 5 SYSTEMPATH/Model.php(330): CodeIgniter\Database\BaseBuilder->insert()
 6 SYSTEMPATH/BaseModel.php(782): CodeIgniter\Model->doInsert()
 7 SYSTEMPATH/Model.php(730): CodeIgniter\BaseModel->insert()
 8 APPPATH/Controllers/Home.php(89): CodeIgniter\Model->insert()
 9 SYSTEMPATH/CodeIgniter.php(932): App\Controllers\Home->userLogin()
10 SYSTEMPATH/CodeIgniter.php(497): CodeIgniter\CodeIgniter->runController()
11 SYSTEMPATH/CodeIgniter.php(366): CodeIgniter\CodeIgniter->handleRequest()
12 FCPATH/index.php(67): CodeIgniter\CodeIgniter->run()
ERROR - 2025-04-16 06:22:27 --> mysqli_sql_exception: Column 'email' cannot be null in /home/k76t07qzzuog/public_html/system/Database/MySQLi/Connection.php:295
Stack trace:
#0 /home/k76t07qzzuog/public_html/system/Database/MySQLi/Connection.php(295): mysqli->query()
#1 /home/k76t07qzzuog/public_html/system/Database/BaseConnection.php(692): CodeIgniter\Database\MySQLi\Connection->execute()
#2 /home/k76t07qzzuog/public_html/system/Database/BaseConnection.php(606): CodeIgniter\Database\BaseConnection->simpleQuery()
#3 /home/k76t07qzzuog/public_html/system/Database/BaseBuilder.php(2309): CodeIgniter\Database\BaseConnection->query()
#4 /home/k76t07qzzuog/public_html/system/Model.php(330): CodeIgniter\Database\BaseBuilder->insert()
#5 /home/k76t07qzzuog/public_html/system/BaseModel.php(782): CodeIgniter\Model->doInsert()
#6 /home/k76t07qzzuog/public_html/system/Model.php(730): CodeIgniter\BaseModel->insert()
#7 /home/k76t07qzzuog/public_html/app/Controllers/Home.php(89): CodeIgniter\Model->insert()
#8 /home/k76t07qzzuog/public_html/system/CodeIgniter.php(932): App\Controllers\Home->userLogin()
#9 /home/k76t07qzzuog/public_html/system/CodeIgniter.php(497): CodeIgniter\CodeIgniter->runController()
#10 /home/k76t07qzzuog/public_html/system/CodeIgniter.php(366): CodeIgniter\CodeIgniter->handleRequest()
#11 /home/k76t07qzzuog/public_html/index.php(67): CodeIgniter\CodeIgniter->run()
#12 {main}
CRITICAL - 2025-04-16 06:22:27 --> Column 'email' cannot be null
in SYSTEMPATH/Database/MySQLi/Connection.php on line 295.
 1 SYSTEMPATH/Database/MySQLi/Connection.php(295): mysqli->query()
 2 SYSTEMPATH/Database/BaseConnection.php(692): CodeIgniter\Database\MySQLi\Connection->execute()
 3 SYSTEMPATH/Database/BaseConnection.php(606): CodeIgniter\Database\BaseConnection->simpleQuery()
 4 SYSTEMPATH/Database/BaseBuilder.php(2309): CodeIgniter\Database\BaseConnection->query()
 5 SYSTEMPATH/Model.php(330): CodeIgniter\Database\BaseBuilder->insert()
 6 SYSTEMPATH/BaseModel.php(782): CodeIgniter\Model->doInsert()
 7 SYSTEMPATH/Model.php(730): CodeIgniter\BaseModel->insert()
 8 APPPATH/Controllers/Home.php(89): CodeIgniter\Model->insert()
 9 SYSTEMPATH/CodeIgniter.php(932): App\Controllers\Home->userLogin()
10 SYSTEMPATH/CodeIgniter.php(497): CodeIgniter\CodeIgniter->runController()
11 SYSTEMPATH/CodeIgniter.php(366): CodeIgniter\CodeIgniter->handleRequest()
12 FCPATH/index.php(67): CodeIgniter\CodeIgniter->run()
CRITICAL - 2025-04-16 08:49:17 --> Trying to access array offset on null
in APPPATH/Controllers/Home.php on line 367.
 1 APPPATH/Controllers/Home.php(367): CodeIgniter\Debug\Exceptions->errorHandler()
 2 SYSTEMPATH/CodeIgniter.php(932): App\Controllers\Home->modelServices()
 3 SYSTEMPATH/CodeIgniter.php(497): CodeIgniter\CodeIgniter->runController()
 4 SYSTEMPATH/CodeIgniter.php(366): CodeIgniter\CodeIgniter->handleRequest()
 5 FCPATH/index.php(67): CodeIgniter\CodeIgniter->run()
CRITICAL - 2025-04-16 08:49:17 --> Trying to access array offset on null
in APPPATH/Controllers/Home.php on line 367.
 1 APPPATH/Controllers/Home.php(367): CodeIgniter\Debug\Exceptions->errorHandler()
 2 SYSTEMPATH/CodeIgniter.php(932): App\Controllers\Home->modelServices()
 3 SYSTEMPATH/CodeIgniter.php(497): CodeIgniter\CodeIgniter->runController()
 4 SYSTEMPATH/CodeIgniter.php(366): CodeIgniter\CodeIgniter->handleRequest()
 5 FCPATH/index.php(67): CodeIgniter\CodeIgniter->run()
ERROR - 2025-04-16 10:32:10 --> mysqli_sql_exception: Column 'email' cannot be null in /home/k76t07qzzuog/public_html/system/Database/MySQLi/Connection.php:295
Stack trace:
#0 /home/k76t07qzzuog/public_html/system/Database/MySQLi/Connection.php(295): mysqli->query()
#1 /home/k76t07qzzuog/public_html/system/Database/BaseConnection.php(692): CodeIgniter\Database\MySQLi\Connection->execute()
#2 /home/k76t07qzzuog/public_html/system/Database/BaseConnection.php(606): CodeIgniter\Database\BaseConnection->simpleQuery()
#3 /home/k76t07qzzuog/public_html/system/Database/BaseBuilder.php(2309): CodeIgniter\Database\BaseConnection->query()
#4 /home/k76t07qzzuog/public_html/system/Model.php(330): CodeIgniter\Database\BaseBuilder->insert()
#5 /home/k76t07qzzuog/public_html/system/BaseModel.php(782): CodeIgniter\Model->doInsert()
#6 /home/k76t07qzzuog/public_html/system/Model.php(730): CodeIgniter\BaseModel->insert()
#7 /home/k76t07qzzuog/public_html/app/Controllers/Home.php(89): CodeIgniter\Model->insert()
#8 /home/k76t07qzzuog/public_html/system/CodeIgniter.php(932): App\Controllers\Home->userLogin()
#9 /home/k76t07qzzuog/public_html/system/CodeIgniter.php(497): CodeIgniter\CodeIgniter->runController()
#10 /home/k76t07qzzuog/public_html/system/CodeIgniter.php(366): CodeIgniter\CodeIgniter->handleRequest()
#11 /home/k76t07qzzuog/public_html/index.php(67): CodeIgniter\CodeIgniter->run()
#12 {main}
CRITICAL - 2025-04-16 10:32:10 --> Column 'email' cannot be null
in SYSTEMPATH/Database/MySQLi/Connection.php on line 295.
 1 SYSTEMPATH/Database/MySQLi/Connection.php(295): mysqli->query()
 2 SYSTEMPATH/Database/BaseConnection.php(692): CodeIgniter\Database\MySQLi\Connection->execute()
 3 SYSTEMPATH/Database/BaseConnection.php(606): CodeIgniter\Database\BaseConnection->simpleQuery()
 4 SYSTEMPATH/Database/BaseBuilder.php(2309): CodeIgniter\Database\BaseConnection->query()
 5 SYSTEMPATH/Model.php(330): CodeIgniter\Database\BaseBuilder->insert()
 6 SYSTEMPATH/BaseModel.php(782): CodeIgniter\Model->doInsert()
 7 SYSTEMPATH/Model.php(730): CodeIgniter\BaseModel->insert()
 8 APPPATH/Controllers/Home.php(89): CodeIgniter\Model->insert()
 9 SYSTEMPATH/CodeIgniter.php(932): App\Controllers\Home->userLogin()
10 SYSTEMPATH/CodeIgniter.php(497): CodeIgniter\CodeIgniter->runController()
11 SYSTEMPATH/CodeIgniter.php(366): CodeIgniter\CodeIgniter->handleRequest()
12 FCPATH/index.php(67): CodeIgniter\CodeIgniter->run()
ERROR - 2025-04-16 11:51:45 --> mysqli_sql_exception: Column 'email' cannot be null in /home/k76t07qzzuog/public_html/system/Database/MySQLi/Connection.php:295
Stack trace:
#0 /home/k76t07qzzuog/public_html/system/Database/MySQLi/Connection.php(295): mysqli->query()
#1 /home/k76t07qzzuog/public_html/system/Database/BaseConnection.php(692): CodeIgniter\Database\MySQLi\Connection->execute()
#2 /home/k76t07qzzuog/public_html/system/Database/BaseConnection.php(606): CodeIgniter\Database\BaseConnection->simpleQuery()
#3 /home/k76t07qzzuog/public_html/system/Database/BaseBuilder.php(2309): CodeIgniter\Database\BaseConnection->query()
#4 /home/k76t07qzzuog/public_html/system/Model.php(330): CodeIgniter\Database\BaseBuilder->insert()
#5 /home/k76t07qzzuog/public_html/system/BaseModel.php(782): CodeIgniter\Model->doInsert()
#6 /home/k76t07qzzuog/public_html/system/Model.php(730): CodeIgniter\BaseModel->insert()
#7 /home/k76t07qzzuog/public_html/app/Controllers/Home.php(89): CodeIgniter\Model->insert()
#8 /home/k76t07qzzuog/public_html/system/CodeIgniter.php(932): App\Controllers\Home->userLogin()
#9 /home/k76t07qzzuog/public_html/system/CodeIgniter.php(497): CodeIgniter\CodeIgniter->runController()
#10 /home/k76t07qzzuog/public_html/system/CodeIgniter.php(366): CodeIgniter\CodeIgniter->handleRequest()
#11 /home/k76t07qzzuog/public_html/index.php(67): CodeIgniter\CodeIgniter->run()
#12 {main}
CRITICAL - 2025-04-16 11:51:45 --> Column 'email' cannot be null
in SYSTEMPATH/Database/MySQLi/Connection.php on line 295.
 1 SYSTEMPATH/Database/MySQLi/Connection.php(295): mysqli->query()
 2 SYSTEMPATH/Database/BaseConnection.php(692): CodeIgniter\Database\MySQLi\Connection->execute()
 3 SYSTEMPATH/Database/BaseConnection.php(606): CodeIgniter\Database\BaseConnection->simpleQuery()
 4 SYSTEMPATH/Database/BaseBuilder.php(2309): CodeIgniter\Database\BaseConnection->query()
 5 SYSTEMPATH/Model.php(330): CodeIgniter\Database\BaseBuilder->insert()
 6 SYSTEMPATH/BaseModel.php(782): CodeIgniter\Model->doInsert()
 7 SYSTEMPATH/Model.php(730): CodeIgniter\BaseModel->insert()
 8 APPPATH/Controllers/Home.php(89): CodeIgniter\Model->insert()
 9 SYSTEMPATH/CodeIgniter.php(932): App\Controllers\Home->userLogin()
10 SYSTEMPATH/CodeIgniter.php(497): CodeIgniter\CodeIgniter->runController()
11 SYSTEMPATH/CodeIgniter.php(366): CodeIgniter\CodeIgniter->handleRequest()
12 FCPATH/index.php(67): CodeIgniter\CodeIgniter->run()
CRITICAL - 2025-04-16 12:10:54 --> Trying to access array offset on null
in APPPATH/Controllers/Home.php on line 367.
 1 APPPATH/Controllers/Home.php(367): CodeIgniter\Debug\Exceptions->errorHandler()
 2 SYSTEMPATH/CodeIgniter.php(932): App\Controllers\Home->modelServices()
 3 SYSTEMPATH/CodeIgniter.php(497): CodeIgniter\CodeIgniter->runController()
 4 SYSTEMPATH/CodeIgniter.php(366): CodeIgniter\CodeIgniter->handleRequest()
 5 FCPATH/index.php(67): CodeIgniter\CodeIgniter->run()
ERROR - 2025-04-16 12:48:00 --> mysqli_sql_exception: Column 'email' cannot be null in /home/k76t07qzzuog/public_html/system/Database/MySQLi/Connection.php:295
Stack trace:
#0 /home/k76t07qzzuog/public_html/system/Database/MySQLi/Connection.php(295): mysqli->query()
#1 /home/k76t07qzzuog/public_html/system/Database/BaseConnection.php(692): CodeIgniter\Database\MySQLi\Connection->execute()
#2 /home/k76t07qzzuog/public_html/system/Database/BaseConnection.php(606): CodeIgniter\Database\BaseConnection->simpleQuery()
#3 /home/k76t07qzzuog/public_html/system/Database/BaseBuilder.php(2309): CodeIgniter\Database\BaseConnection->query()
#4 /home/k76t07qzzuog/public_html/system/Model.php(330): CodeIgniter\Database\BaseBuilder->insert()
#5 /home/k76t07qzzuog/public_html/system/BaseModel.php(782): CodeIgniter\Model->doInsert()
#6 /home/k76t07qzzuog/public_html/system/Model.php(730): CodeIgniter\BaseModel->insert()
#7 /home/k76t07qzzuog/public_html/app/Controllers/Home.php(89): CodeIgniter\Model->insert()
#8 /home/k76t07qzzuog/public_html/system/CodeIgniter.php(932): App\Controllers\Home->userLogin()
#9 /home/k76t07qzzuog/public_html/system/CodeIgniter.php(497): CodeIgniter\CodeIgniter->runController()
#10 /home/k76t07qzzuog/public_html/system/CodeIgniter.php(366): CodeIgniter\CodeIgniter->handleRequest()
#11 /home/k76t07qzzuog/public_html/index.php(67): CodeIgniter\CodeIgniter->run()
#12 {main}
CRITICAL - 2025-04-16 12:48:00 --> Column 'email' cannot be null
in SYSTEMPATH/Database/MySQLi/Connection.php on line 295.
 1 SYSTEMPATH/Database/MySQLi/Connection.php(295): mysqli->query()
 2 SYSTEMPATH/Database/BaseConnection.php(692): CodeIgniter\Database\MySQLi\Connection->execute()
 3 SYSTEMPATH/Database/BaseConnection.php(606): CodeIgniter\Database\BaseConnection->simpleQuery()
 4 SYSTEMPATH/Database/BaseBuilder.php(2309): CodeIgniter\Database\BaseConnection->query()
 5 SYSTEMPATH/Model.php(330): CodeIgniter\Database\BaseBuilder->insert()
 6 SYSTEMPATH/BaseModel.php(782): CodeIgniter\Model->doInsert()
 7 SYSTEMPATH/Model.php(730): CodeIgniter\BaseModel->insert()
 8 APPPATH/Controllers/Home.php(89): CodeIgniter\Model->insert()
 9 SYSTEMPATH/CodeIgniter.php(932): App\Controllers\Home->userLogin()
10 SYSTEMPATH/CodeIgniter.php(497): CodeIgniter\CodeIgniter->runController()
11 SYSTEMPATH/CodeIgniter.php(366): CodeIgniter\CodeIgniter->handleRequest()
12 FCPATH/index.php(67): CodeIgniter\CodeIgniter->run()
CRITICAL - 2025-04-16 12:53:22 --> Trying to access array offset on null
in APPPATH/Controllers/Home.php on line 367.
 1 APPPATH/Controllers/Home.php(367): CodeIgniter\Debug\Exceptions->errorHandler()
 2 SYSTEMPATH/CodeIgniter.php(932): App\Controllers\Home->modelServices()
 3 SYSTEMPATH/CodeIgniter.php(497): CodeIgniter\CodeIgniter->runController()
 4 SYSTEMPATH/CodeIgniter.php(366): CodeIgniter\CodeIgniter->handleRequest()
 5 FCPATH/index.php(67): CodeIgniter\CodeIgniter->run()
CRITICAL - 2025-04-16 13:45:36 --> Trying to access array offset on null
in APPPATH/Controllers/Home.php on line 367.
 1 APPPATH/Controllers/Home.php(367): CodeIgniter\Debug\Exceptions->errorHandler()
 2 SYSTEMPATH/CodeIgniter.php(932): App\Controllers\Home->modelServices()
 3 SYSTEMPATH/CodeIgniter.php(497): CodeIgniter\CodeIgniter->runController()
 4 SYSTEMPATH/CodeIgniter.php(366): CodeIgniter\CodeIgniter->handleRequest()
 5 FCPATH/index.php(67): CodeIgniter\CodeIgniter->run()
ERROR - 2025-04-16 15:53:24 --> mysqli_sql_exception: Column 'email' cannot be null in /home/k76t07qzzuog/public_html/system/Database/MySQLi/Connection.php:295
Stack trace:
#0 /home/k76t07qzzuog/public_html/system/Database/MySQLi/Connection.php(295): mysqli->query()
#1 /home/k76t07qzzuog/public_html/system/Database/BaseConnection.php(692): CodeIgniter\Database\MySQLi\Connection->execute()
#2 /home/k76t07qzzuog/public_html/system/Database/BaseConnection.php(606): CodeIgniter\Database\BaseConnection->simpleQuery()
#3 /home/k76t07qzzuog/public_html/system/Database/BaseBuilder.php(2309): CodeIgniter\Database\BaseConnection->query()
#4 /home/k76t07qzzuog/public_html/system/Model.php(330): CodeIgniter\Database\BaseBuilder->insert()
#5 /home/k76t07qzzuog/public_html/system/BaseModel.php(782): CodeIgniter\Model->doInsert()
#6 /home/k76t07qzzuog/public_html/system/Model.php(730): CodeIgniter\BaseModel->insert()
#7 /home/k76t07qzzuog/public_html/app/Controllers/Home.php(89): CodeIgniter\Model->insert()
#8 /home/k76t07qzzuog/public_html/system/CodeIgniter.php(932): App\Controllers\Home->userLogin()
#9 /home/k76t07qzzuog/public_html/system/CodeIgniter.php(497): CodeIgniter\CodeIgniter->runController()
#10 /home/k76t07qzzuog/public_html/system/CodeIgniter.php(366): CodeIgniter\CodeIgniter->handleRequest()
#11 /home/k76t07qzzuog/public_html/index.php(67): CodeIgniter\CodeIgniter->run()
#12 {main}
CRITICAL - 2025-04-16 15:53:24 --> Column 'email' cannot be null
in SYSTEMPATH/Database/MySQLi/Connection.php on line 295.
 1 SYSTEMPATH/Database/MySQLi/Connection.php(295): mysqli->query()
 2 SYSTEMPATH/Database/BaseConnection.php(692): CodeIgniter\Database\MySQLi\Connection->execute()
 3 SYSTEMPATH/Database/BaseConnection.php(606): CodeIgniter\Database\BaseConnection->simpleQuery()
 4 SYSTEMPATH/Database/BaseBuilder.php(2309): CodeIgniter\Database\BaseConnection->query()
 5 SYSTEMPATH/Model.php(330): CodeIgniter\Database\BaseBuilder->insert()
 6 SYSTEMPATH/BaseModel.php(782): CodeIgniter\Model->doInsert()
 7 SYSTEMPATH/Model.php(730): CodeIgniter\BaseModel->insert()
 8 APPPATH/Controllers/Home.php(89): CodeIgniter\Model->insert()
 9 SYSTEMPATH/CodeIgniter.php(932): App\Controllers\Home->userLogin()
10 SYSTEMPATH/CodeIgniter.php(497): CodeIgniter\CodeIgniter->runController()
11 SYSTEMPATH/CodeIgniter.php(366): CodeIgniter\CodeIgniter->handleRequest()
12 FCPATH/index.php(67): CodeIgniter\CodeIgniter->run()
CRITICAL - 2025-04-16 16:56:41 --> Trying to access array offset on null
in APPPATH/Controllers/Home.php on line 815.
 1 APPPATH/Controllers/Home.php(815): CodeIgniter\Debug\Exceptions->errorHandler()
 2 SYSTEMPATH/CodeIgniter.php(932): App\Controllers\Home->blogDetails()
 3 SYSTEMPATH/CodeIgniter.php(497): CodeIgniter\CodeIgniter->runController()
 4 SYSTEMPATH/CodeIgniter.php(366): CodeIgniter\CodeIgniter->handleRequest()
 5 FCPATH/index.php(67): CodeIgniter\CodeIgniter->run()
ERROR - 2025-04-16 23:02:54 --> mysqli_sql_exception: Column 'email' cannot be null in /home/k76t07qzzuog/public_html/system/Database/MySQLi/Connection.php:295
Stack trace:
#0 /home/k76t07qzzuog/public_html/system/Database/MySQLi/Connection.php(295): mysqli->query()
#1 /home/k76t07qzzuog/public_html/system/Database/BaseConnection.php(692): CodeIgniter\Database\MySQLi\Connection->execute()
#2 /home/k76t07qzzuog/public_html/system/Database/BaseConnection.php(606): CodeIgniter\Database\BaseConnection->simpleQuery()
#3 /home/k76t07qzzuog/public_html/system/Database/BaseBuilder.php(2309): CodeIgniter\Database\BaseConnection->query()
#4 /home/k76t07qzzuog/public_html/system/Model.php(330): CodeIgniter\Database\BaseBuilder->insert()
#5 /home/k76t07qzzuog/public_html/system/BaseModel.php(782): CodeIgniter\Model->doInsert()
#6 /home/k76t07qzzuog/public_html/system/Model.php(730): CodeIgniter\BaseModel->insert()
#7 /home/k76t07qzzuog/public_html/app/Controllers/Home.php(89): CodeIgniter\Model->insert()
#8 /home/k76t07qzzuog/public_html/system/CodeIgniter.php(932): App\Controllers\Home->userLogin()
#9 /home/k76t07qzzuog/public_html/system/CodeIgniter.php(497): CodeIgniter\CodeIgniter->runController()
#10 /home/k76t07qzzuog/public_html/system/CodeIgniter.php(366): CodeIgniter\CodeIgniter->handleRequest()
#11 /home/k76t07qzzuog/public_html/index.php(67): CodeIgniter\CodeIgniter->run()
#12 {main}
CRITICAL - 2025-04-16 23:02:54 --> Column 'email' cannot be null
in SYSTEMPATH/Database/MySQLi/Connection.php on line 295.
 1 SYSTEMPATH/Database/MySQLi/Connection.php(295): mysqli->query()
 2 SYSTEMPATH/Database/BaseConnection.php(692): CodeIgniter\Database\MySQLi\Connection->execute()
 3 SYSTEMPATH/Database/BaseConnection.php(606): CodeIgniter\Database\BaseConnection->simpleQuery()
 4 SYSTEMPATH/Database/BaseBuilder.php(2309): CodeIgniter\Database\BaseConnection->query()
 5 SYSTEMPATH/Model.php(330): CodeIgniter\Database\BaseBuilder->insert()
 6 SYSTEMPATH/BaseModel.php(782): CodeIgniter\Model->doInsert()
 7 SYSTEMPATH/Model.php(730): CodeIgniter\BaseModel->insert()
 8 APPPATH/Controllers/Home.php(89): CodeIgniter\Model->insert()
 9 SYSTEMPATH/CodeIgniter.php(932): App\Controllers\Home->userLogin()
10 SYSTEMPATH/CodeIgniter.php(497): CodeIgniter\CodeIgniter->runController()
11 SYSTEMPATH/CodeIgniter.php(366): CodeIgniter\CodeIgniter->handleRequest()
12 FCPATH/index.php(67): CodeIgniter\CodeIgniter->run()
CRITICAL - 2025-04-16 23:45:23 --> Trying to access array offset on null
in APPPATH/Controllers/Home.php on line 367.
 1 APPPATH/Controllers/Home.php(367): CodeIgniter\Debug\Exceptions->errorHandler()
 2 SYSTEMPATH/CodeIgniter.php(932): App\Controllers\Home->modelServices()
 3 SYSTEMPATH/CodeIgniter.php(497): CodeIgniter\CodeIgniter->runController()
 4 SYSTEMPATH/CodeIgniter.php(366): CodeIgniter\CodeIgniter->handleRequest()
 5 FCPATH/index.php(67): CodeIgniter\CodeIgniter->run()
CRITICAL - 2025-04-16 23:46:51 --> Trying to access array offset on null
in APPPATH/Controllers/Home.php on line 367.
 1 APPPATH/Controllers/Home.php(367): CodeIgniter\Debug\Exceptions->errorHandler()
 2 SYSTEMPATH/CodeIgniter.php(932): App\Controllers\Home->modelServices()
 3 SYSTEMPATH/CodeIgniter.php(497): CodeIgniter\CodeIgniter->runController()
 4 SYSTEMPATH/CodeIgniter.php(366): CodeIgniter\CodeIgniter->handleRequest()
 5 FCPATH/index.php(67): CodeIgniter\CodeIgniter->run()
CRITICAL - 2025-04-16 23:47:40 --> Trying to access array offset on null
in APPPATH/Controllers/Home.php on line 367.
 1 APPPATH/Controllers/Home.php(367): CodeIgniter\Debug\Exceptions->errorHandler()
 2 SYSTEMPATH/CodeIgniter.php(932): App\Controllers\Home->modelServices()
 3 SYSTEMPATH/CodeIgniter.php(497): CodeIgniter\CodeIgniter->runController()
 4 SYSTEMPATH/CodeIgniter.php(366): CodeIgniter\CodeIgniter->handleRequest()
 5 FCPATH/index.php(67): CodeIgniter\CodeIgniter->run()
CRITICAL - 2025-04-16 23:47:59 --> Trying to access array offset on null
in APPPATH/Controllers/Home.php on line 367.
 1 APPPATH/Controllers/Home.php(367): CodeIgniter\Debug\Exceptions->errorHandler()
 2 SYSTEMPATH/CodeIgniter.php(932): App\Controllers\Home->modelServices()
 3 SYSTEMPATH/CodeIgniter.php(497): CodeIgniter\CodeIgniter->runController()
 4 SYSTEMPATH/CodeIgniter.php(366): CodeIgniter\CodeIgniter->handleRequest()
 5 FCPATH/index.php(67): CodeIgniter\CodeIgniter->run()
