CRITICAL - 2023-10-27 04:36:47 --> insertBatch() has no data.
in SYSTEMPATH/Database/BaseBuilder.php on line 1772.
 1 SYSTEMPATH/Database/BaseBuilder.php(2192): CodeIgniter\Database\BaseBuilder->batchExecute('_insertBatch', 100)
 2 SYSTEMPATH/Model.php(364): CodeIgniter\Database\BaseBuilder->insertBatch([], null, 100)
 3 SYSTEMPATH/BaseModel.php(874): CodeIgniter\Model->doInsertBatch([], null, 100, false)
 4 APPPATH/Controllers/Controllercandinfo.php(282): CodeIgniter\BaseModel->insertBatch([])
 5 SYSTEMPATH/CodeIgniter.php(932): App\Controllers\Controllercandinfo->addcandinfo()
 6 SYSTEMPATH/CodeIgniter.php(497): CodeIgniter\CodeIgniter->runController(Object(App\Controllers\Controllercandinfo))
 7 SYSTEMPATH/CodeIgniter.php(366): CodeIgniter\CodeIgniter->handleRequest(null, Object(Config\Cache), false)
 8 FCPATH/index.php(67): CodeIgniter\CodeIgniter->run()
CRITICAL - 2023-10-27 04:51:46 --> Trying to access array offset on value of type null
in APPPATH/Views/candidate-declaration.php on line 198.
 1 APPPATH/Views/candidate-declaration.php(198): CodeIgniter\Debug\Exceptions->errorHandler(2, 'Trying to access array offset on value of type null', '/home3/reliableverify/public_html/crm/app/Views/candidate-declaration.php', 198)
 2 SYSTEMPATH/View/View.php(224): include('/home3/reliableverify/public_html/crm/app/Views/candidate-declaration.php')
 3 SYSTEMPATH/View/View.php(227): CodeIgniter\View\View->CodeIgniter\View\{closure}()
 4 SYSTEMPATH/Common.php(1180): CodeIgniter\View\View->render('candidate-declaration', [], true)
 5 APPPATH/Controllers/Controllercandinfo.php(108): view('candidate-declaration', [...])
 6 SYSTEMPATH/CodeIgniter.php(932): App\Controllers\Controllercandinfo->Declaration()
 7 SYSTEMPATH/CodeIgniter.php(497): CodeIgniter\CodeIgniter->runController(Object(App\Controllers\Controllercandinfo))
 8 SYSTEMPATH/CodeIgniter.php(366): CodeIgniter\CodeIgniter->handleRequest(null, Object(Config\Cache), false)
 9 FCPATH/index.php(67): CodeIgniter\CodeIgniter->run()
CRITICAL - 2023-10-27 04:51:52 --> Trying to access array offset on value of type null
in APPPATH/Views/candidate-declaration.php on line 198.
 1 APPPATH/Views/candidate-declaration.php(198): CodeIgniter\Debug\Exceptions->errorHandler(2, 'Trying to access array offset on value of type null', '/home3/reliableverify/public_html/crm/app/Views/candidate-declaration.php', 198)
 2 SYSTEMPATH/View/View.php(224): include('/home3/reliableverify/public_html/crm/app/Views/candidate-declaration.php')
 3 SYSTEMPATH/View/View.php(227): CodeIgniter\View\View->CodeIgniter\View\{closure}()
 4 SYSTEMPATH/Common.php(1180): CodeIgniter\View\View->render('candidate-declaration', [], true)
 5 APPPATH/Controllers/Controllercandinfo.php(108): view('candidate-declaration', [...])
 6 SYSTEMPATH/CodeIgniter.php(932): App\Controllers\Controllercandinfo->Declaration()
 7 SYSTEMPATH/CodeIgniter.php(497): CodeIgniter\CodeIgniter->runController(Object(App\Controllers\Controllercandinfo))
 8 SYSTEMPATH/CodeIgniter.php(366): CodeIgniter\CodeIgniter->handleRequest(null, Object(Config\Cache), false)
 9 FCPATH/index.php(67): CodeIgniter\CodeIgniter->run()
CRITICAL - 2023-10-27 04:51:57 --> Trying to access array offset on value of type null
in APPPATH/Views/candidate-declaration.php on line 198.
 1 APPPATH/Views/candidate-declaration.php(198): CodeIgniter\Debug\Exceptions->errorHandler(2, 'Trying to access array offset on value of type null', '/home3/reliableverify/public_html/crm/app/Views/candidate-declaration.php', 198)
 2 SYSTEMPATH/View/View.php(224): include('/home3/reliableverify/public_html/crm/app/Views/candidate-declaration.php')
 3 SYSTEMPATH/View/View.php(227): CodeIgniter\View\View->CodeIgniter\View\{closure}()
 4 SYSTEMPATH/Common.php(1180): CodeIgniter\View\View->render('candidate-declaration', [], true)
 5 APPPATH/Controllers/Controllercandinfo.php(108): view('candidate-declaration', [...])
 6 SYSTEMPATH/CodeIgniter.php(932): App\Controllers\Controllercandinfo->Declaration()
 7 SYSTEMPATH/CodeIgniter.php(497): CodeIgniter\CodeIgniter->runController(Object(App\Controllers\Controllercandinfo))
 8 SYSTEMPATH/CodeIgniter.php(366): CodeIgniter\CodeIgniter->handleRequest(null, Object(Config\Cache), false)
 9 FCPATH/index.php(67): CodeIgniter\CodeIgniter->run()
CRITICAL - 2023-10-27 04:52:03 --> Trying to access array offset on value of type null
in APPPATH/Views/candidate-declaration.php on line 198.
 1 APPPATH/Views/candidate-declaration.php(198): CodeIgniter\Debug\Exceptions->errorHandler(2, 'Trying to access array offset on value of type null', '/home3/reliableverify/public_html/crm/app/Views/candidate-declaration.php', 198)
 2 SYSTEMPATH/View/View.php(224): include('/home3/reliableverify/public_html/crm/app/Views/candidate-declaration.php')
 3 SYSTEMPATH/View/View.php(227): CodeIgniter\View\View->CodeIgniter\View\{closure}()
 4 SYSTEMPATH/Common.php(1180): CodeIgniter\View\View->render('candidate-declaration', [], true)
 5 APPPATH/Controllers/Controllercandinfo.php(108): view('candidate-declaration', [...])
 6 SYSTEMPATH/CodeIgniter.php(932): App\Controllers\Controllercandinfo->Declaration()
 7 SYSTEMPATH/CodeIgniter.php(497): CodeIgniter\CodeIgniter->runController(Object(App\Controllers\Controllercandinfo))
 8 SYSTEMPATH/CodeIgniter.php(366): CodeIgniter\CodeIgniter->handleRequest(null, Object(Config\Cache), false)
 9 FCPATH/index.php(67): CodeIgniter\CodeIgniter->run()
CRITICAL - 2023-10-27 04:54:06 --> Trying to access array offset on value of type null
in APPPATH/Views/candidate-declaration.php on line 198.
 1 APPPATH/Views/candidate-declaration.php(198): CodeIgniter\Debug\Exceptions->errorHandler(2, 'Trying to access array offset on value of type null', '/home3/reliableverify/public_html/crm/app/Views/candidate-declaration.php', 198)
 2 SYSTEMPATH/View/View.php(224): include('/home3/reliableverify/public_html/crm/app/Views/candidate-declaration.php')
 3 SYSTEMPATH/View/View.php(227): CodeIgniter\View\View->CodeIgniter\View\{closure}()
 4 SYSTEMPATH/Common.php(1180): CodeIgniter\View\View->render('candidate-declaration', [], true)
 5 APPPATH/Controllers/Controllercandinfo.php(108): view('candidate-declaration', [...])
 6 SYSTEMPATH/CodeIgniter.php(932): App\Controllers\Controllercandinfo->Declaration()
 7 SYSTEMPATH/CodeIgniter.php(497): CodeIgniter\CodeIgniter->runController(Object(App\Controllers\Controllercandinfo))
 8 SYSTEMPATH/CodeIgniter.php(366): CodeIgniter\CodeIgniter->handleRequest(null, Object(Config\Cache), false)
 9 FCPATH/index.php(67): CodeIgniter\CodeIgniter->run()
CRITICAL - 2023-10-27 04:54:17 --> Trying to access array offset on value of type null
in APPPATH/Views/candidate-declaration.php on line 198.
 1 APPPATH/Views/candidate-declaration.php(198): CodeIgniter\Debug\Exceptions->errorHandler(2, 'Trying to access array offset on value of type null', '/home3/reliableverify/public_html/crm/app/Views/candidate-declaration.php', 198)
 2 SYSTEMPATH/View/View.php(224): include('/home3/reliableverify/public_html/crm/app/Views/candidate-declaration.php')
 3 SYSTEMPATH/View/View.php(227): CodeIgniter\View\View->CodeIgniter\View\{closure}()
 4 SYSTEMPATH/Common.php(1180): CodeIgniter\View\View->render('candidate-declaration', [], true)
 5 APPPATH/Controllers/Controllercandinfo.php(108): view('candidate-declaration', [...])
 6 SYSTEMPATH/CodeIgniter.php(932): App\Controllers\Controllercandinfo->Declaration()
 7 SYSTEMPATH/CodeIgniter.php(497): CodeIgniter\CodeIgniter->runController(Object(App\Controllers\Controllercandinfo))
 8 SYSTEMPATH/CodeIgniter.php(366): CodeIgniter\CodeIgniter->handleRequest(null, Object(Config\Cache), false)
 9 FCPATH/index.php(67): CodeIgniter\CodeIgniter->run()
CRITICAL - 2023-10-27 04:54:28 --> Trying to access array offset on value of type null
in APPPATH/Views/candidate-declaration.php on line 198.
 1 APPPATH/Views/candidate-declaration.php(198): CodeIgniter\Debug\Exceptions->errorHandler(2, 'Trying to access array offset on value of type null', '/home3/reliableverify/public_html/crm/app/Views/candidate-declaration.php', 198)
 2 SYSTEMPATH/View/View.php(224): include('/home3/reliableverify/public_html/crm/app/Views/candidate-declaration.php')
 3 SYSTEMPATH/View/View.php(227): CodeIgniter\View\View->CodeIgniter\View\{closure}()
 4 SYSTEMPATH/Common.php(1180): CodeIgniter\View\View->render('candidate-declaration', [], true)
 5 APPPATH/Controllers/Controllercandinfo.php(108): view('candidate-declaration', [...])
 6 SYSTEMPATH/CodeIgniter.php(932): App\Controllers\Controllercandinfo->Declaration()
 7 SYSTEMPATH/CodeIgniter.php(497): CodeIgniter\CodeIgniter->runController(Object(App\Controllers\Controllercandinfo))
 8 SYSTEMPATH/CodeIgniter.php(366): CodeIgniter\CodeIgniter->handleRequest(null, Object(Config\Cache), false)
 9 FCPATH/index.php(67): CodeIgniter\CodeIgniter->run()
CRITICAL - 2023-10-27 05:10:48 --> Trying to access array offset on value of type null
in APPPATH/Views/candidate-info-form.php on line 308.
 1 APPPATH/Views/candidate-info-form.php(308): CodeIgniter\Debug\Exceptions->errorHandler(2, 'Trying to access array offset on value of type null', '/home3/reliableverify/public_html/crm/app/Views/candidate-info-form.php', 308)
 2 SYSTEMPATH/View/View.php(224): include('/home3/reliableverify/public_html/crm/app/Views/candidate-info-form.php')
 3 SYSTEMPATH/View/View.php(227): CodeIgniter\View\View->CodeIgniter\View\{closure}()
 4 SYSTEMPATH/Common.php(1180): CodeIgniter\View\View->render('candidate-info-form', [], true)
 5 APPPATH/Controllers/Controllerusers.php(339): view('candidate-info-form', [...])
 6 SYSTEMPATH/CodeIgniter.php(932): App\Controllers\Controllerusers->candidateDetails()
 7 SYSTEMPATH/CodeIgniter.php(497): CodeIgniter\CodeIgniter->runController(Object(App\Controllers\Controllerusers))
 8 SYSTEMPATH/CodeIgniter.php(366): CodeIgniter\CodeIgniter->handleRequest(null, Object(Config\Cache), false)
 9 FCPATH/index.php(67): CodeIgniter\CodeIgniter->run()
CRITICAL - 2023-10-27 05:11:48 --> Trying to access array offset on value of type null
in APPPATH/Views/candidate-info-form.php on line 308.
 1 APPPATH/Views/candidate-info-form.php(308): CodeIgniter\Debug\Exceptions->errorHandler(2, 'Trying to access array offset on value of type null', '/home3/reliableverify/public_html/crm/app/Views/candidate-info-form.php', 308)
 2 SYSTEMPATH/View/View.php(224): include('/home3/reliableverify/public_html/crm/app/Views/candidate-info-form.php')
 3 SYSTEMPATH/View/View.php(227): CodeIgniter\View\View->CodeIgniter\View\{closure}()
 4 SYSTEMPATH/Common.php(1180): CodeIgniter\View\View->render('candidate-info-form', [], true)
 5 APPPATH/Controllers/Controllerusers.php(339): view('candidate-info-form', [...])
 6 SYSTEMPATH/CodeIgniter.php(932): App\Controllers\Controllerusers->candidateDetails()
 7 SYSTEMPATH/CodeIgniter.php(497): CodeIgniter\CodeIgniter->runController(Object(App\Controllers\Controllerusers))
 8 SYSTEMPATH/CodeIgniter.php(366): CodeIgniter\CodeIgniter->handleRequest(null, Object(Config\Cache), false)
 9 FCPATH/index.php(67): CodeIgniter\CodeIgniter->run()
CRITICAL - 2023-10-27 05:18:51 --> syntax error, unexpected token ":"
in APPPATH/Views/candidate-info-form.php on line 308.
 1 SYSTEMPATH/View/View.php(227): CodeIgniter\View\View->CodeIgniter\View\{closure}()
 2 SYSTEMPATH/Common.php(1180): CodeIgniter\View\View->render('candidate-info-form', [], true)
 3 APPPATH/Controllers/Controllerusers.php(339): view('candidate-info-form', [...])
 4 SYSTEMPATH/CodeIgniter.php(932): App\Controllers\Controllerusers->candidateDetails()
 5 SYSTEMPATH/CodeIgniter.php(497): CodeIgniter\CodeIgniter->runController(Object(App\Controllers\Controllerusers))
 6 SYSTEMPATH/CodeIgniter.php(366): CodeIgniter\CodeIgniter->handleRequest(null, Object(Config\Cache), false)
 7 FCPATH/index.php(67): CodeIgniter\CodeIgniter->run()
CRITICAL - 2023-10-27 05:28:29 --> Trying to access array offset on value of type null
in APPPATH/Views/candidate-declaration.php on line 198.
 1 APPPATH/Views/candidate-declaration.php(198): CodeIgniter\Debug\Exceptions->errorHandler(2, 'Trying to access array offset on value of type null', '/home3/reliableverify/public_html/crm/app/Views/candidate-declaration.php', 198)
 2 SYSTEMPATH/View/View.php(224): include('/home3/reliableverify/public_html/crm/app/Views/candidate-declaration.php')
 3 SYSTEMPATH/View/View.php(227): CodeIgniter\View\View->CodeIgniter\View\{closure}()
 4 SYSTEMPATH/Common.php(1180): CodeIgniter\View\View->render('candidate-declaration', [], true)
 5 APPPATH/Controllers/Controllercandinfo.php(108): view('candidate-declaration', [...])
 6 SYSTEMPATH/CodeIgniter.php(932): App\Controllers\Controllercandinfo->Declaration()
 7 SYSTEMPATH/CodeIgniter.php(497): CodeIgniter\CodeIgniter->runController(Object(App\Controllers\Controllercandinfo))
 8 SYSTEMPATH/CodeIgniter.php(366): CodeIgniter\CodeIgniter->handleRequest(null, Object(Config\Cache), false)
 9 FCPATH/index.php(67): CodeIgniter\CodeIgniter->run()
CRITICAL - 2023-10-27 05:29:20 --> Trying to access array offset on value of type null
in APPPATH/Views/documents.php on line 182.
 1 APPPATH/Views/documents.php(182): CodeIgniter\Debug\Exceptions->errorHandler(2, 'Trying to access array offset on value of type null', '/home3/reliableverify/public_html/crm/app/Views/documents.php', 182)
 2 SYSTEMPATH/View/View.php(224): include('/home3/reliableverify/public_html/crm/app/Views/documents.php')
 3 SYSTEMPATH/View/View.php(227): CodeIgniter\View\View->CodeIgniter\View\{closure}()
 4 SYSTEMPATH/Common.php(1180): CodeIgniter\View\View->render('documents', [], true)
 5 APPPATH/Controllers/Controllerusers.php(114): view('documents', [...])
 6 SYSTEMPATH/CodeIgniter.php(932): App\Controllers\Controllerusers->userdoc()
 7 SYSTEMPATH/CodeIgniter.php(497): CodeIgniter\CodeIgniter->runController(Object(App\Controllers\Controllerusers))
 8 SYSTEMPATH/CodeIgniter.php(366): CodeIgniter\CodeIgniter->handleRequest(null, Object(Config\Cache), false)
 9 FCPATH/index.php(67): CodeIgniter\CodeIgniter->run()
CRITICAL - 2023-10-27 05:29:25 --> Trying to access array offset on value of type null
in APPPATH/Views/documents.php on line 182.
 1 APPPATH/Views/documents.php(182): CodeIgniter\Debug\Exceptions->errorHandler(2, 'Trying to access array offset on value of type null', '/home3/reliableverify/public_html/crm/app/Views/documents.php', 182)
 2 SYSTEMPATH/View/View.php(224): include('/home3/reliableverify/public_html/crm/app/Views/documents.php')
 3 SYSTEMPATH/View/View.php(227): CodeIgniter\View\View->CodeIgniter\View\{closure}()
 4 SYSTEMPATH/Common.php(1180): CodeIgniter\View\View->render('documents', [], true)
 5 APPPATH/Controllers/Controllerusers.php(114): view('documents', [...])
 6 SYSTEMPATH/CodeIgniter.php(932): App\Controllers\Controllerusers->userdoc()
 7 SYSTEMPATH/CodeIgniter.php(497): CodeIgniter\CodeIgniter->runController(Object(App\Controllers\Controllerusers))
 8 SYSTEMPATH/CodeIgniter.php(366): CodeIgniter\CodeIgniter->handleRequest(null, Object(Config\Cache), false)
 9 FCPATH/index.php(67): CodeIgniter\CodeIgniter->run()
CRITICAL - 2023-10-27 06:12:29 --> insertBatch() has no data.
in SYSTEMPATH/Database/BaseBuilder.php on line 1772.
 1 SYSTEMPATH/Database/BaseBuilder.php(2192): CodeIgniter\Database\BaseBuilder->batchExecute('_insertBatch', 100)
 2 SYSTEMPATH/Model.php(364): CodeIgniter\Database\BaseBuilder->insertBatch([], null, 100)
 3 SYSTEMPATH/BaseModel.php(874): CodeIgniter\Model->doInsertBatch([], null, 100, false)
 4 APPPATH/Controllers/Controllercandinfo.php(282): CodeIgniter\BaseModel->insertBatch([])
 5 SYSTEMPATH/CodeIgniter.php(932): App\Controllers\Controllercandinfo->addcandinfo()
 6 SYSTEMPATH/CodeIgniter.php(497): CodeIgniter\CodeIgniter->runController(Object(App\Controllers\Controllercandinfo))
 7 SYSTEMPATH/CodeIgniter.php(366): CodeIgniter\CodeIgniter->handleRequest(null, Object(Config\Cache), false)
 8 FCPATH/index.php(67): CodeIgniter\CodeIgniter->run()
CRITICAL - 2023-10-27 06:18:19 --> Trying to access array offset on value of type null
in APPPATH/Views/candidate-declaration.php on line 198.
 1 APPPATH/Views/candidate-declaration.php(198): CodeIgniter\Debug\Exceptions->errorHandler(2, 'Trying to access array offset on value of type null', '/home3/reliableverify/public_html/crm/app/Views/candidate-declaration.php', 198)
 2 SYSTEMPATH/View/View.php(224): include('/home3/reliableverify/public_html/crm/app/Views/candidate-declaration.php')
 3 SYSTEMPATH/View/View.php(227): CodeIgniter\View\View->CodeIgniter\View\{closure}()
 4 SYSTEMPATH/Common.php(1180): CodeIgniter\View\View->render('candidate-declaration', [], true)
 5 APPPATH/Controllers/Controllercandinfo.php(108): view('candidate-declaration', [...])
 6 SYSTEMPATH/CodeIgniter.php(932): App\Controllers\Controllercandinfo->Declaration()
 7 SYSTEMPATH/CodeIgniter.php(497): CodeIgniter\CodeIgniter->runController(Object(App\Controllers\Controllercandinfo))
 8 SYSTEMPATH/CodeIgniter.php(366): CodeIgniter\CodeIgniter->handleRequest(null, Object(Config\Cache), false)
 9 FCPATH/index.php(67): CodeIgniter\CodeIgniter->run()
CRITICAL - 2023-10-27 06:20:00 --> Undefined variable $formattedDate
in APPPATH/Views/candidate-declaration.php on line 202.
 1 APPPATH/Views/candidate-declaration.php(202): CodeIgniter\Debug\Exceptions->errorHandler(2, 'Undefined variable $formattedDate', '/home3/reliableverify/public_html/crm/app/Views/candidate-declaration.php', 202)
 2 SYSTEMPATH/View/View.php(224): include('/home3/reliableverify/public_html/crm/app/Views/candidate-declaration.php')
 3 SYSTEMPATH/View/View.php(227): CodeIgniter\View\View->CodeIgniter\View\{closure}()
 4 SYSTEMPATH/Common.php(1180): CodeIgniter\View\View->render('candidate-declaration', [], true)
 5 APPPATH/Controllers/Controllercandinfo.php(108): view('candidate-declaration', [...])
 6 SYSTEMPATH/CodeIgniter.php(932): App\Controllers\Controllercandinfo->Declaration()
 7 SYSTEMPATH/CodeIgniter.php(497): CodeIgniter\CodeIgniter->runController(Object(App\Controllers\Controllercandinfo))
 8 SYSTEMPATH/CodeIgniter.php(366): CodeIgniter\CodeIgniter->handleRequest(null, Object(Config\Cache), false)
 9 FCPATH/index.php(67): CodeIgniter\CodeIgniter->run()
CRITICAL - 2023-10-27 07:03:40 --> insertBatch() has no data.
in SYSTEMPATH/Database/BaseBuilder.php on line 1772.
 1 SYSTEMPATH/Database/BaseBuilder.php(2192): CodeIgniter\Database\BaseBuilder->batchExecute('_insertBatch', 100)
 2 SYSTEMPATH/Model.php(364): CodeIgniter\Database\BaseBuilder->insertBatch([], null, 100)
 3 SYSTEMPATH/BaseModel.php(874): CodeIgniter\Model->doInsertBatch([], null, 100, false)
 4 APPPATH/Controllers/Controllercandinfo.php(282): CodeIgniter\BaseModel->insertBatch([])
 5 SYSTEMPATH/CodeIgniter.php(932): App\Controllers\Controllercandinfo->addcandinfo()
 6 SYSTEMPATH/CodeIgniter.php(497): CodeIgniter\CodeIgniter->runController(Object(App\Controllers\Controllercandinfo))
 7 SYSTEMPATH/CodeIgniter.php(366): CodeIgniter\CodeIgniter->handleRequest(null, Object(Config\Cache), false)
 8 FCPATH/index.php(67): CodeIgniter\CodeIgniter->run()
