CRITICAL - 2023-11-06 10:26:30 --> Trying to access array offset on value of type null
in APPPATH/Views/candidate-declaration.php on line 198.
 1 APPPATH/Views/candidate-declaration.php(198): CodeIgniter\Debug\Exceptions->errorHandler(2, 'Trying to access array offset on value of type null', '/home3/reliableverify/public_html/crm/app/Views/candidate-declaration.php', 198)
 2 SYSTEMPATH/View/View.php(224): include('/home3/reliableverify/public_html/crm/app/Views/candidate-declaration.php')
 3 SYSTEMPATH/View/View.php(227): CodeIgniter\View\View->CodeIgniter\View\{closure}()
 4 SYSTEMPATH/Common.php(1180): CodeIgniter\View\View->render('candidate-declaration', [], true)
 5 APPPATH/Controllers/Controllercandinfo.php(109): view('candidate-declaration', [...])
 6 SYSTEMPATH/CodeIgniter.php(932): App\Controllers\Controllercandinfo->Declaration()
 7 SYSTEMPATH/CodeIgniter.php(497): CodeIgniter\CodeIgniter->runController(Object(App\Controllers\Controllercandinfo))
 8 SYSTEMPATH/CodeIgniter.php(366): CodeIgniter\CodeIgniter->handleRequest(null, Object(Config\Cache), false)
 9 FCPATH/index.php(67): CodeIgniter\CodeIgniter->run()
CRITICAL - 2023-11-06 10:26:51 --> Trying to access array offset on value of type null
in APPPATH/Views/candidate-declaration.php on line 198.
 1 APPPATH/Views/candidate-declaration.php(198): CodeIgniter\Debug\Exceptions->errorHandler(2, 'Trying to access array offset on value of type null', '/home3/reliableverify/public_html/crm/app/Views/candidate-declaration.php', 198)
 2 SYSTEMPATH/View/View.php(224): include('/home3/reliableverify/public_html/crm/app/Views/candidate-declaration.php')
 3 SYSTEMPATH/View/View.php(227): CodeIgniter\View\View->CodeIgniter\View\{closure}()
 4 SYSTEMPATH/Common.php(1180): CodeIgniter\View\View->render('candidate-declaration', [], true)
 5 APPPATH/Controllers/Controllercandinfo.php(109): view('candidate-declaration', [...])
 6 SYSTEMPATH/CodeIgniter.php(932): App\Controllers\Controllercandinfo->Declaration()
 7 SYSTEMPATH/CodeIgniter.php(497): CodeIgniter\CodeIgniter->runController(Object(App\Controllers\Controllercandinfo))
 8 SYSTEMPATH/CodeIgniter.php(366): CodeIgniter\CodeIgniter->handleRequest(null, Object(Config\Cache), false)
 9 FCPATH/index.php(67): CodeIgniter\CodeIgniter->run()
CRITICAL - 2023-11-06 10:28:39 --> Trying to access array offset on value of type null
in APPPATH/Views/candidate-declaration.php on line 198.
 1 APPPATH/Views/candidate-declaration.php(198): CodeIgniter\Debug\Exceptions->errorHandler(2, 'Trying to access array offset on value of type null', '/home3/reliableverify/public_html/crm/app/Views/candidate-declaration.php', 198)
 2 SYSTEMPATH/View/View.php(224): include('/home3/reliableverify/public_html/crm/app/Views/candidate-declaration.php')
 3 SYSTEMPATH/View/View.php(227): CodeIgniter\View\View->CodeIgniter\View\{closure}()
 4 SYSTEMPATH/Common.php(1180): CodeIgniter\View\View->render('candidate-declaration', [], true)
 5 APPPATH/Controllers/Controllercandinfo.php(109): view('candidate-declaration', [...])
 6 SYSTEMPATH/CodeIgniter.php(932): App\Controllers\Controllercandinfo->Declaration()
 7 SYSTEMPATH/CodeIgniter.php(497): CodeIgniter\CodeIgniter->runController(Object(App\Controllers\Controllercandinfo))
 8 SYSTEMPATH/CodeIgniter.php(366): CodeIgniter\CodeIgniter->handleRequest(null, Object(Config\Cache), false)
 9 FCPATH/index.php(67): CodeIgniter\CodeIgniter->run()
CRITICAL - 2023-11-06 10:32:25 --> Trying to access array offset on value of type null
in APPPATH/Views/candidate-declaration.php on line 198.
 1 APPPATH/Views/candidate-declaration.php(198): CodeIgniter\Debug\Exceptions->errorHandler(2, 'Trying to access array offset on value of type null', '/home3/reliableverify/public_html/crm/app/Views/candidate-declaration.php', 198)
 2 SYSTEMPATH/View/View.php(224): include('/home3/reliableverify/public_html/crm/app/Views/candidate-declaration.php')
 3 SYSTEMPATH/View/View.php(227): CodeIgniter\View\View->CodeIgniter\View\{closure}()
 4 SYSTEMPATH/Common.php(1180): CodeIgniter\View\View->render('candidate-declaration', [], true)
 5 APPPATH/Controllers/Controllercandinfo.php(109): view('candidate-declaration', [...])
 6 SYSTEMPATH/CodeIgniter.php(932): App\Controllers\Controllercandinfo->Declaration()
 7 SYSTEMPATH/CodeIgniter.php(497): CodeIgniter\CodeIgniter->runController(Object(App\Controllers\Controllercandinfo))
 8 SYSTEMPATH/CodeIgniter.php(366): CodeIgniter\CodeIgniter->handleRequest(null, Object(Config\Cache), false)
 9 FCPATH/index.php(67): CodeIgniter\CodeIgniter->run()
CRITICAL - 2023-11-06 10:39:22 --> Trying to access array offset on value of type null
in APPPATH/Views/candidate-declaration.php on line 198.
 1 APPPATH/Views/candidate-declaration.php(198): CodeIgniter\Debug\Exceptions->errorHandler(2, 'Trying to access array offset on value of type null', '/home3/reliableverify/public_html/crm/app/Views/candidate-declaration.php', 198)
 2 SYSTEMPATH/View/View.php(224): include('/home3/reliableverify/public_html/crm/app/Views/candidate-declaration.php')
 3 SYSTEMPATH/View/View.php(227): CodeIgniter\View\View->CodeIgniter\View\{closure}()
 4 SYSTEMPATH/Common.php(1180): CodeIgniter\View\View->render('candidate-declaration', [], true)
 5 APPPATH/Controllers/Controllercandinfo.php(109): view('candidate-declaration', [...])
 6 SYSTEMPATH/CodeIgniter.php(932): App\Controllers\Controllercandinfo->Declaration()
 7 SYSTEMPATH/CodeIgniter.php(497): CodeIgniter\CodeIgniter->runController(Object(App\Controllers\Controllercandinfo))
 8 SYSTEMPATH/CodeIgniter.php(366): CodeIgniter\CodeIgniter->handleRequest(null, Object(Config\Cache), false)
 9 FCPATH/index.php(67): CodeIgniter\CodeIgniter->run()
CRITICAL - 2023-11-06 10:45:34 --> Trying to access array offset on value of type null
in APPPATH/Views/candidate-declaration.php on line 198.
 1 APPPATH/Views/candidate-declaration.php(198): CodeIgniter\Debug\Exceptions->errorHandler(2, 'Trying to access array offset on value of type null', '/home3/reliableverify/public_html/crm/app/Views/candidate-declaration.php', 198)
 2 SYSTEMPATH/View/View.php(224): include('/home3/reliableverify/public_html/crm/app/Views/candidate-declaration.php')
 3 SYSTEMPATH/View/View.php(227): CodeIgniter\View\View->CodeIgniter\View\{closure}()
 4 SYSTEMPATH/Common.php(1180): CodeIgniter\View\View->render('candidate-declaration', [], true)
 5 APPPATH/Controllers/Controllercandinfo.php(109): view('candidate-declaration', [...])
 6 SYSTEMPATH/CodeIgniter.php(932): App\Controllers\Controllercandinfo->Declaration()
 7 SYSTEMPATH/CodeIgniter.php(497): CodeIgniter\CodeIgniter->runController(Object(App\Controllers\Controllercandinfo))
 8 SYSTEMPATH/CodeIgniter.php(366): CodeIgniter\CodeIgniter->handleRequest(null, Object(Config\Cache), false)
 9 FCPATH/index.php(67): CodeIgniter\CodeIgniter->run()
CRITICAL - 2023-11-06 10:45:41 --> Trying to access array offset on value of type null
in APPPATH/Views/candidate-declaration.php on line 198.
 1 APPPATH/Views/candidate-declaration.php(198): CodeIgniter\Debug\Exceptions->errorHandler(2, 'Trying to access array offset on value of type null', '/home3/reliableverify/public_html/crm/app/Views/candidate-declaration.php', 198)
 2 SYSTEMPATH/View/View.php(224): include('/home3/reliableverify/public_html/crm/app/Views/candidate-declaration.php')
 3 SYSTEMPATH/View/View.php(227): CodeIgniter\View\View->CodeIgniter\View\{closure}()
 4 SYSTEMPATH/Common.php(1180): CodeIgniter\View\View->render('candidate-declaration', [], true)
 5 APPPATH/Controllers/Controllercandinfo.php(109): view('candidate-declaration', [...])
 6 SYSTEMPATH/CodeIgniter.php(932): App\Controllers\Controllercandinfo->Declaration()
 7 SYSTEMPATH/CodeIgniter.php(497): CodeIgniter\CodeIgniter->runController(Object(App\Controllers\Controllercandinfo))
 8 SYSTEMPATH/CodeIgniter.php(366): CodeIgniter\CodeIgniter->handleRequest(null, Object(Config\Cache), false)
 9 FCPATH/index.php(67): CodeIgniter\CodeIgniter->run()
CRITICAL - 2023-11-06 10:46:51 --> Trying to access array offset on value of type null
in APPPATH/Views/candidate-declaration.php on line 198.
 1 APPPATH/Views/candidate-declaration.php(198): CodeIgniter\Debug\Exceptions->errorHandler(2, 'Trying to access array offset on value of type null', '/home3/reliableverify/public_html/crm/app/Views/candidate-declaration.php', 198)
 2 SYSTEMPATH/View/View.php(224): include('/home3/reliableverify/public_html/crm/app/Views/candidate-declaration.php')
 3 SYSTEMPATH/View/View.php(227): CodeIgniter\View\View->CodeIgniter\View\{closure}()
 4 SYSTEMPATH/Common.php(1180): CodeIgniter\View\View->render('candidate-declaration', [], true)
 5 APPPATH/Controllers/Controllercandinfo.php(109): view('candidate-declaration', [...])
 6 SYSTEMPATH/CodeIgniter.php(932): App\Controllers\Controllercandinfo->Declaration()
 7 SYSTEMPATH/CodeIgniter.php(497): CodeIgniter\CodeIgniter->runController(Object(App\Controllers\Controllercandinfo))
 8 SYSTEMPATH/CodeIgniter.php(366): CodeIgniter\CodeIgniter->handleRequest(null, Object(Config\Cache), false)
 9 FCPATH/index.php(67): CodeIgniter\CodeIgniter->run()
CRITICAL - 2023-11-06 10:54:11 --> Trying to access array offset on value of type null
in APPPATH/Views/candidate-declaration.php on line 198.
 1 APPPATH/Views/candidate-declaration.php(198): CodeIgniter\Debug\Exceptions->errorHandler(2, 'Trying to access array offset on value of type null', '/home3/reliableverify/public_html/crm/app/Views/candidate-declaration.php', 198)
 2 SYSTEMPATH/View/View.php(224): include('/home3/reliableverify/public_html/crm/app/Views/candidate-declaration.php')
 3 SYSTEMPATH/View/View.php(227): CodeIgniter\View\View->CodeIgniter\View\{closure}()
 4 SYSTEMPATH/Common.php(1180): CodeIgniter\View\View->render('candidate-declaration', [], true)
 5 APPPATH/Controllers/Controllercandinfo.php(109): view('candidate-declaration', [...])
 6 SYSTEMPATH/CodeIgniter.php(932): App\Controllers\Controllercandinfo->Declaration()
 7 SYSTEMPATH/CodeIgniter.php(497): CodeIgniter\CodeIgniter->runController(Object(App\Controllers\Controllercandinfo))
 8 SYSTEMPATH/CodeIgniter.php(366): CodeIgniter\CodeIgniter->handleRequest(null, Object(Config\Cache), false)
 9 FCPATH/index.php(67): CodeIgniter\CodeIgniter->run()
CRITICAL - 2023-11-06 10:55:19 --> Trying to access array offset on value of type null
in APPPATH/Views/candidate-declaration.php on line 198.
 1 APPPATH/Views/candidate-declaration.php(198): CodeIgniter\Debug\Exceptions->errorHandler(2, 'Trying to access array offset on value of type null', '/home3/reliableverify/public_html/crm/app/Views/candidate-declaration.php', 198)
 2 SYSTEMPATH/View/View.php(224): include('/home3/reliableverify/public_html/crm/app/Views/candidate-declaration.php')
 3 SYSTEMPATH/View/View.php(227): CodeIgniter\View\View->CodeIgniter\View\{closure}()
 4 SYSTEMPATH/Common.php(1180): CodeIgniter\View\View->render('candidate-declaration', [], true)
 5 APPPATH/Controllers/Controllercandinfo.php(109): view('candidate-declaration', [...])
 6 SYSTEMPATH/CodeIgniter.php(932): App\Controllers\Controllercandinfo->Declaration()
 7 SYSTEMPATH/CodeIgniter.php(497): CodeIgniter\CodeIgniter->runController(Object(App\Controllers\Controllercandinfo))
 8 SYSTEMPATH/CodeIgniter.php(366): CodeIgniter\CodeIgniter->handleRequest(null, Object(Config\Cache), false)
 9 FCPATH/index.php(67): CodeIgniter\CodeIgniter->run()
CRITICAL - 2023-11-06 10:56:01 --> Trying to access array offset on value of type null
in APPPATH/Views/candidate-declaration.php on line 198.
 1 APPPATH/Views/candidate-declaration.php(198): CodeIgniter\Debug\Exceptions->errorHandler(2, 'Trying to access array offset on value of type null', '/home3/reliableverify/public_html/crm/app/Views/candidate-declaration.php', 198)
 2 SYSTEMPATH/View/View.php(224): include('/home3/reliableverify/public_html/crm/app/Views/candidate-declaration.php')
 3 SYSTEMPATH/View/View.php(227): CodeIgniter\View\View->CodeIgniter\View\{closure}()
 4 SYSTEMPATH/Common.php(1180): CodeIgniter\View\View->render('candidate-declaration', [], true)
 5 APPPATH/Controllers/Controllercandinfo.php(109): view('candidate-declaration', [...])
 6 SYSTEMPATH/CodeIgniter.php(932): App\Controllers\Controllercandinfo->Declaration()
 7 SYSTEMPATH/CodeIgniter.php(497): CodeIgniter\CodeIgniter->runController(Object(App\Controllers\Controllercandinfo))
 8 SYSTEMPATH/CodeIgniter.php(366): CodeIgniter\CodeIgniter->handleRequest(null, Object(Config\Cache), false)
 9 FCPATH/index.php(67): CodeIgniter\CodeIgniter->run()
CRITICAL - 2023-11-06 11:01:03 --> Trying to access array offset on value of type null
in APPPATH/Views/candidate-declaration.php on line 198.
 1 APPPATH/Views/candidate-declaration.php(198): CodeIgniter\Debug\Exceptions->errorHandler(2, 'Trying to access array offset on value of type null', '/home3/reliableverify/public_html/crm/app/Views/candidate-declaration.php', 198)
 2 SYSTEMPATH/View/View.php(224): include('/home3/reliableverify/public_html/crm/app/Views/candidate-declaration.php')
 3 SYSTEMPATH/View/View.php(227): CodeIgniter\View\View->CodeIgniter\View\{closure}()
 4 SYSTEMPATH/Common.php(1180): CodeIgniter\View\View->render('candidate-declaration', [], true)
 5 APPPATH/Controllers/Controllercandinfo.php(109): view('candidate-declaration', [...])
 6 SYSTEMPATH/CodeIgniter.php(932): App\Controllers\Controllercandinfo->Declaration()
 7 SYSTEMPATH/CodeIgniter.php(497): CodeIgniter\CodeIgniter->runController(Object(App\Controllers\Controllercandinfo))
 8 SYSTEMPATH/CodeIgniter.php(366): CodeIgniter\CodeIgniter->handleRequest(null, Object(Config\Cache), false)
 9 FCPATH/index.php(67): CodeIgniter\CodeIgniter->run()
CRITICAL - 2023-11-06 11:27:58 --> Trying to access array offset on value of type null
in APPPATH/Views/candidate-declaration.php on line 198.
 1 APPPATH/Views/candidate-declaration.php(198): CodeIgniter\Debug\Exceptions->errorHandler(2, 'Trying to access array offset on value of type null', '/home3/reliableverify/public_html/crm/app/Views/candidate-declaration.php', 198)
 2 SYSTEMPATH/View/View.php(224): include('/home3/reliableverify/public_html/crm/app/Views/candidate-declaration.php')
 3 SYSTEMPATH/View/View.php(227): CodeIgniter\View\View->CodeIgniter\View\{closure}()
 4 SYSTEMPATH/Common.php(1180): CodeIgniter\View\View->render('candidate-declaration', [], true)
 5 APPPATH/Controllers/Controllercandinfo.php(109): view('candidate-declaration', [...])
 6 SYSTEMPATH/CodeIgniter.php(932): App\Controllers\Controllercandinfo->Declaration()
 7 SYSTEMPATH/CodeIgniter.php(497): CodeIgniter\CodeIgniter->runController(Object(App\Controllers\Controllercandinfo))
 8 SYSTEMPATH/CodeIgniter.php(366): CodeIgniter\CodeIgniter->handleRequest(null, Object(Config\Cache), false)
 9 FCPATH/index.php(67): CodeIgniter\CodeIgniter->run()
CRITICAL - 2023-11-06 11:28:11 --> Trying to access array offset on value of type null
in APPPATH/Views/candidate-declaration.php on line 198.
 1 APPPATH/Views/candidate-declaration.php(198): CodeIgniter\Debug\Exceptions->errorHandler(2, 'Trying to access array offset on value of type null', '/home3/reliableverify/public_html/crm/app/Views/candidate-declaration.php', 198)
 2 SYSTEMPATH/View/View.php(224): include('/home3/reliableverify/public_html/crm/app/Views/candidate-declaration.php')
 3 SYSTEMPATH/View/View.php(227): CodeIgniter\View\View->CodeIgniter\View\{closure}()
 4 SYSTEMPATH/Common.php(1180): CodeIgniter\View\View->render('candidate-declaration', [], true)
 5 APPPATH/Controllers/Controllercandinfo.php(109): view('candidate-declaration', [...])
 6 SYSTEMPATH/CodeIgniter.php(932): App\Controllers\Controllercandinfo->Declaration()
 7 SYSTEMPATH/CodeIgniter.php(497): CodeIgniter\CodeIgniter->runController(Object(App\Controllers\Controllercandinfo))
 8 SYSTEMPATH/CodeIgniter.php(366): CodeIgniter\CodeIgniter->handleRequest(null, Object(Config\Cache), false)
 9 FCPATH/index.php(67): CodeIgniter\CodeIgniter->run()
CRITICAL - 2023-11-06 11:37:51 --> Trying to access array offset on value of type null
in APPPATH/Views/candidate-declaration.php on line 198.
 1 APPPATH/Views/candidate-declaration.php(198): CodeIgniter\Debug\Exceptions->errorHandler(2, 'Trying to access array offset on value of type null', '/home3/reliableverify/public_html/crm/app/Views/candidate-declaration.php', 198)
 2 SYSTEMPATH/View/View.php(224): include('/home3/reliableverify/public_html/crm/app/Views/candidate-declaration.php')
 3 SYSTEMPATH/View/View.php(227): CodeIgniter\View\View->CodeIgniter\View\{closure}()
 4 SYSTEMPATH/Common.php(1180): CodeIgniter\View\View->render('candidate-declaration', [], true)
 5 APPPATH/Controllers/Controllercandinfo.php(109): view('candidate-declaration', [...])
 6 SYSTEMPATH/CodeIgniter.php(932): App\Controllers\Controllercandinfo->Declaration()
 7 SYSTEMPATH/CodeIgniter.php(497): CodeIgniter\CodeIgniter->runController(Object(App\Controllers\Controllercandinfo))
 8 SYSTEMPATH/CodeIgniter.php(366): CodeIgniter\CodeIgniter->handleRequest(null, Object(Config\Cache), false)
 9 FCPATH/index.php(67): CodeIgniter\CodeIgniter->run()
CRITICAL - 2023-11-06 11:45:50 --> Trying to access array offset on value of type null
in APPPATH/Views/candidate-declaration.php on line 198.
 1 APPPATH/Views/candidate-declaration.php(198): CodeIgniter\Debug\Exceptions->errorHandler(2, 'Trying to access array offset on value of type null', '/home3/reliableverify/public_html/crm/app/Views/candidate-declaration.php', 198)
 2 SYSTEMPATH/View/View.php(224): include('/home3/reliableverify/public_html/crm/app/Views/candidate-declaration.php')
 3 SYSTEMPATH/View/View.php(227): CodeIgniter\View\View->CodeIgniter\View\{closure}()
 4 SYSTEMPATH/Common.php(1180): CodeIgniter\View\View->render('candidate-declaration', [], true)
 5 APPPATH/Controllers/Controllercandinfo.php(109): view('candidate-declaration', [...])
 6 SYSTEMPATH/CodeIgniter.php(932): App\Controllers\Controllercandinfo->Declaration()
 7 SYSTEMPATH/CodeIgniter.php(497): CodeIgniter\CodeIgniter->runController(Object(App\Controllers\Controllercandinfo))
 8 SYSTEMPATH/CodeIgniter.php(366): CodeIgniter\CodeIgniter->handleRequest(null, Object(Config\Cache), false)
 9 FCPATH/index.php(67): CodeIgniter\CodeIgniter->run()
CRITICAL - 2023-11-06 11:48:32 --> Trying to access array offset on value of type null
in APPPATH/Views/candidate-declaration.php on line 198.
 1 APPPATH/Views/candidate-declaration.php(198): CodeIgniter\Debug\Exceptions->errorHandler(2, 'Trying to access array offset on value of type null', '/home3/reliableverify/public_html/crm/app/Views/candidate-declaration.php', 198)
 2 SYSTEMPATH/View/View.php(224): include('/home3/reliableverify/public_html/crm/app/Views/candidate-declaration.php')
 3 SYSTEMPATH/View/View.php(227): CodeIgniter\View\View->CodeIgniter\View\{closure}()
 4 SYSTEMPATH/Common.php(1180): CodeIgniter\View\View->render('candidate-declaration', [], true)
 5 APPPATH/Controllers/Controllercandinfo.php(109): view('candidate-declaration', [...])
 6 SYSTEMPATH/CodeIgniter.php(932): App\Controllers\Controllercandinfo->Declaration()
 7 SYSTEMPATH/CodeIgniter.php(497): CodeIgniter\CodeIgniter->runController(Object(App\Controllers\Controllercandinfo))
 8 SYSTEMPATH/CodeIgniter.php(366): CodeIgniter\CodeIgniter->handleRequest(null, Object(Config\Cache), false)
 9 FCPATH/index.php(67): CodeIgniter\CodeIgniter->run()
CRITICAL - 2023-11-06 11:50:03 --> Undefined variable $formattedDate
in APPPATH/Views/candidate-declaration.php on line 202.
 1 APPPATH/Views/candidate-declaration.php(202): CodeIgniter\Debug\Exceptions->errorHandler(2, 'Undefined variable $formattedDate', '/home3/reliableverify/public_html/crm/app/Views/candidate-declaration.php', 202)
 2 SYSTEMPATH/View/View.php(224): include('/home3/reliableverify/public_html/crm/app/Views/candidate-declaration.php')
 3 SYSTEMPATH/View/View.php(227): CodeIgniter\View\View->CodeIgniter\View\{closure}()
 4 SYSTEMPATH/Common.php(1180): CodeIgniter\View\View->render('candidate-declaration', [], true)
 5 APPPATH/Controllers/Controllercandinfo.php(109): view('candidate-declaration', [...])
 6 SYSTEMPATH/CodeIgniter.php(932): App\Controllers\Controllercandinfo->Declaration()
 7 SYSTEMPATH/CodeIgniter.php(497): CodeIgniter\CodeIgniter->runController(Object(App\Controllers\Controllercandinfo))
 8 SYSTEMPATH/CodeIgniter.php(366): CodeIgniter\CodeIgniter->handleRequest(null, Object(Config\Cache), false)
 9 FCPATH/index.php(67): CodeIgniter\CodeIgniter->run()
CRITICAL - 2023-11-06 11:51:27 --> Trying to access array offset on value of type null
in APPPATH/Views/candidate-info-form.php on line 102.
 1 APPPATH/Views/candidate-info-form.php(102): CodeIgniter\Debug\Exceptions->errorHandler(2, 'Trying to access array offset on value of type null', '/home3/reliableverify/public_html/crm/app/Views/candidate-info-form.php', 102)
 2 SYSTEMPATH/View/View.php(224): include('/home3/reliableverify/public_html/crm/app/Views/candidate-info-form.php')
 3 SYSTEMPATH/View/View.php(227): CodeIgniter\View\View->CodeIgniter\View\{closure}()
 4 SYSTEMPATH/Common.php(1180): CodeIgniter\View\View->render('candidate-info-form', [], true)
 5 APPPATH/Controllers/Controllerusers.php(318): view('candidate-info-form', [...])
 6 SYSTEMPATH/CodeIgniter.php(932): App\Controllers\Controllerusers->candidateDetails()
 7 SYSTEMPATH/CodeIgniter.php(497): CodeIgniter\CodeIgniter->runController(Object(App\Controllers\Controllerusers))
 8 SYSTEMPATH/CodeIgniter.php(366): CodeIgniter\CodeIgniter->handleRequest(null, Object(Config\Cache), false)
 9 FCPATH/index.php(67): CodeIgniter\CodeIgniter->run()
CRITICAL - 2023-11-06 11:51:38 --> Trying to access array offset on value of type null
in APPPATH/Views/candidate-info-form.php on line 102.
 1 APPPATH/Views/candidate-info-form.php(102): CodeIgniter\Debug\Exceptions->errorHandler(2, 'Trying to access array offset on value of type null', '/home3/reliableverify/public_html/crm/app/Views/candidate-info-form.php', 102)
 2 SYSTEMPATH/View/View.php(224): include('/home3/reliableverify/public_html/crm/app/Views/candidate-info-form.php')
 3 SYSTEMPATH/View/View.php(227): CodeIgniter\View\View->CodeIgniter\View\{closure}()
 4 SYSTEMPATH/Common.php(1180): CodeIgniter\View\View->render('candidate-info-form', [], true)
 5 APPPATH/Controllers/Controllerusers.php(318): view('candidate-info-form', [...])
 6 SYSTEMPATH/CodeIgniter.php(932): App\Controllers\Controllerusers->candidateDetails()
 7 SYSTEMPATH/CodeIgniter.php(497): CodeIgniter\CodeIgniter->runController(Object(App\Controllers\Controllerusers))
 8 SYSTEMPATH/CodeIgniter.php(366): CodeIgniter\CodeIgniter->handleRequest(null, Object(Config\Cache), false)
 9 FCPATH/index.php(67): CodeIgniter\CodeIgniter->run()
CRITICAL - 2023-11-06 11:54:43 --> Trying to access array offset on value of type null
in APPPATH/Views/candidate-info-form.php on line 102.
 1 APPPATH/Views/candidate-info-form.php(102): CodeIgniter\Debug\Exceptions->errorHandler(2, 'Trying to access array offset on value of type null', '/home3/reliableverify/public_html/crm/app/Views/candidate-info-form.php', 102)
 2 SYSTEMPATH/View/View.php(224): include('/home3/reliableverify/public_html/crm/app/Views/candidate-info-form.php')
 3 SYSTEMPATH/View/View.php(227): CodeIgniter\View\View->CodeIgniter\View\{closure}()
 4 SYSTEMPATH/Common.php(1180): CodeIgniter\View\View->render('candidate-info-form', [], true)
 5 APPPATH/Controllers/Controllerusers.php(318): view('candidate-info-form', [...])
 6 SYSTEMPATH/CodeIgniter.php(932): App\Controllers\Controllerusers->candidateDetails()
 7 SYSTEMPATH/CodeIgniter.php(497): CodeIgniter\CodeIgniter->runController(Object(App\Controllers\Controllerusers))
 8 SYSTEMPATH/CodeIgniter.php(366): CodeIgniter\CodeIgniter->handleRequest(null, Object(Config\Cache), false)
 9 FCPATH/index.php(67): CodeIgniter\CodeIgniter->run()
CRITICAL - 2023-11-06 11:55:39 --> Trying to access array offset on value of type null
in APPPATH/Views/candidate-info-form.php on line 102.
 1 APPPATH/Views/candidate-info-form.php(102): CodeIgniter\Debug\Exceptions->errorHandler(2, 'Trying to access array offset on value of type null', '/home3/reliableverify/public_html/crm/app/Views/candidate-info-form.php', 102)
 2 SYSTEMPATH/View/View.php(224): include('/home3/reliableverify/public_html/crm/app/Views/candidate-info-form.php')
 3 SYSTEMPATH/View/View.php(227): CodeIgniter\View\View->CodeIgniter\View\{closure}()
 4 SYSTEMPATH/Common.php(1180): CodeIgniter\View\View->render('candidate-info-form', [], true)
 5 APPPATH/Controllers/Controllerusers.php(318): view('candidate-info-form', [...])
 6 SYSTEMPATH/CodeIgniter.php(932): App\Controllers\Controllerusers->candidateDetails()
 7 SYSTEMPATH/CodeIgniter.php(497): CodeIgniter\CodeIgniter->runController(Object(App\Controllers\Controllerusers))
 8 SYSTEMPATH/CodeIgniter.php(366): CodeIgniter\CodeIgniter->handleRequest(null, Object(Config\Cache), false)
 9 FCPATH/index.php(67): CodeIgniter\CodeIgniter->run()
CRITICAL - 2023-11-06 12:10:40 --> Trying to access array offset on value of type null
in APPPATH/Views/candidate-info-form.php on line 102.
 1 APPPATH/Views/candidate-info-form.php(102): CodeIgniter\Debug\Exceptions->errorHandler(2, 'Trying to access array offset on value of type null', '/home3/reliableverify/public_html/crm/app/Views/candidate-info-form.php', 102)
 2 SYSTEMPATH/View/View.php(224): include('/home3/reliableverify/public_html/crm/app/Views/candidate-info-form.php')
 3 SYSTEMPATH/View/View.php(227): CodeIgniter\View\View->CodeIgniter\View\{closure}()
 4 SYSTEMPATH/Common.php(1180): CodeIgniter\View\View->render('candidate-info-form', [], true)
 5 APPPATH/Controllers/Controllerusers.php(318): view('candidate-info-form', [...])
 6 SYSTEMPATH/CodeIgniter.php(932): App\Controllers\Controllerusers->candidateDetails()
 7 SYSTEMPATH/CodeIgniter.php(497): CodeIgniter\CodeIgniter->runController(Object(App\Controllers\Controllerusers))
 8 SYSTEMPATH/CodeIgniter.php(366): CodeIgniter\CodeIgniter->handleRequest(null, Object(Config\Cache), false)
 9 FCPATH/index.php(67): CodeIgniter\CodeIgniter->run()
CRITICAL - 2023-11-06 12:11:33 --> Trying to access array offset on value of type null
in APPPATH/Views/candidate-info-form.php on line 102.
 1 APPPATH/Views/candidate-info-form.php(102): CodeIgniter\Debug\Exceptions->errorHandler(2, 'Trying to access array offset on value of type null', '/home3/reliableverify/public_html/crm/app/Views/candidate-info-form.php', 102)
 2 SYSTEMPATH/View/View.php(224): include('/home3/reliableverify/public_html/crm/app/Views/candidate-info-form.php')
 3 SYSTEMPATH/View/View.php(227): CodeIgniter\View\View->CodeIgniter\View\{closure}()
 4 SYSTEMPATH/Common.php(1180): CodeIgniter\View\View->render('candidate-info-form', [], true)
 5 APPPATH/Controllers/Controllerusers.php(318): view('candidate-info-form', [...])
 6 SYSTEMPATH/CodeIgniter.php(932): App\Controllers\Controllerusers->candidateDetails()
 7 SYSTEMPATH/CodeIgniter.php(497): CodeIgniter\CodeIgniter->runController(Object(App\Controllers\Controllerusers))
 8 SYSTEMPATH/CodeIgniter.php(366): CodeIgniter\CodeIgniter->handleRequest(null, Object(Config\Cache), false)
 9 FCPATH/index.php(67): CodeIgniter\CodeIgniter->run()
