ERROR - 2025-08-05 12:30:05 --> mysqli_sql_exception: Table 'qaswa_telecom.godown_products' doesn't exist in C:\xampp\htdocs\Qaswa-main\system\Database\MySQLi\Connection.php:295
Stack trace:
#0 C:\xampp\htdocs\Qaswa-main\system\Database\MySQLi\Connection.php(295): mysqli->query('SELECT *\nFROM `...', 0)
#1 C:\xampp\htdocs\Qaswa-main\system\Database\BaseConnection.php(692): CodeIgniter\Database\MySQLi\Connection->execute('SELECT *\nFROM `...')
#2 C:\xampp\htdocs\Qaswa-main\system\Database\BaseConnection.php(606): CodeIgniter\Database\BaseConnection->simpleQuery('SELECT *\nFROM `...')
#3 C:\xampp\htdocs\Qaswa-main\system\Database\BaseBuilder.php(1616): CodeIgniter\Database\BaseConnection->query('SELECT *\nFROM `...', Array, false)
#4 C:\xampp\htdocs\Qaswa-main\system\Model.php(241): CodeIgniter\Database\BaseBuilder->get()
#5 C:\xampp\htdocs\Qaswa-main\system\BaseModel.php(618): CodeIgniter\Model->doFindAll(0, 0)
#6 C:\xampp\htdocs\Qaswa-main\app\Controllers\Godown.php(28): CodeIgniter\BaseModel->findAll()
#7 C:\xampp\htdocs\Qaswa-main\system\CodeIgniter.php(932): App\Controllers\Godown->index()
#8 C:\xampp\htdocs\Qaswa-main\system\CodeIgniter.php(497): CodeIgniter\CodeIgniter->runController(Object(App\Controllers\Godown))
#9 C:\xampp\htdocs\Qaswa-main\system\CodeIgniter.php(366): CodeIgniter\CodeIgniter->handleRequest(NULL, Object(Config\Cache), false)
#10 C:\xampp\htdocs\Qaswa-main\index.php(67): CodeIgniter\CodeIgniter->run()
#11 {main}
CRITICAL - 2025-08-05 12:30:05 --> Table 'qaswa_telecom.godown_products' doesn't exist
in SYSTEMPATH\Database\MySQLi\Connection.php on line 295.
 1 SYSTEMPATH\Database\MySQLi\Connection.php(295): mysqli->query('SELECT *
FROM `Godown_Products`
ORDER BY `id` DESC', 0)
 2 SYSTEMPATH\Database\BaseConnection.php(692): CodeIgniter\Database\MySQLi\Connection->execute('SELECT *
FROM `Godown_Products`
ORDER BY `id` DESC')
 3 SYSTEMPATH\Database\BaseConnection.php(606): CodeIgniter\Database\BaseConnection->simpleQuery('SELECT *
FROM `Godown_Products`
ORDER BY `id` DESC')
 4 SYSTEMPATH\Database\BaseBuilder.php(1616): CodeIgniter\Database\BaseConnection->query('SELECT *
FROM `Godown_Products`
ORDER BY `id` DESC', [], false)
 5 SYSTEMPATH\Model.php(241): CodeIgniter\Database\BaseBuilder->get()
 6 SYSTEMPATH\BaseModel.php(618): CodeIgniter\Model->doFindAll(0, 0)
 7 APPPATH\Controllers\Godown.php(28): CodeIgniter\BaseModel->findAll()
 8 SYSTEMPATH\CodeIgniter.php(932): App\Controllers\Godown->index()
 9 SYSTEMPATH\CodeIgniter.php(497): CodeIgniter\CodeIgniter->runController(Object(App\Controllers\Godown))
10 SYSTEMPATH\CodeIgniter.php(366): CodeIgniter\CodeIgniter->handleRequest(null, Object(Config\Cache), false)
11 FCPATH\index.php(67): CodeIgniter\CodeIgniter->run()
CRITICAL - 2025-08-05 12:30:23 --> Invalid file: "admin/godown-view.php"
in SYSTEMPATH\Exceptions\FrameworkException.php on line 33.
 1 SYSTEMPATH\View\View.php(212): CodeIgniter\Exceptions\FrameworkException::forInvalidFile('admin/godown-view.php')
 2 SYSTEMPATH\Common.php(1180): CodeIgniter\View\View->render('admin/godown-view', [], true)
 3 APPPATH\Controllers\Godown.php(30): view('admin/godown-view')
 4 SYSTEMPATH\CodeIgniter.php(932): App\Controllers\Godown->index()
 5 SYSTEMPATH\CodeIgniter.php(497): CodeIgniter\CodeIgniter->runController(Object(App\Controllers\Godown))
 6 SYSTEMPATH\CodeIgniter.php(366): CodeIgniter\CodeIgniter->handleRequest(null, Object(Config\Cache), false)
 7 FCPATH\index.php(67): CodeIgniter\CodeIgniter->run()
CRITICAL - 2025-08-05 12:31:34 --> Undefined variable $banners
in APPPATH\Views\admin\godown\godown-view.php on line 65.
 1 APPPATH\Views\admin\godown\godown-view.php(65): CodeIgniter\Debug\Exceptions->errorHandler(2, 'Undefined variable $banners', 'C:\\xampp\\htdocs\\Qaswa-main\\app\\Views\\admin\\godown\\godown-view.php', 65)
 2 SYSTEMPATH\View\View.php(224): include('C:\\xampp\\htdocs\\Qaswa-main\\app\\Views\\admin\\godown\\godown-view.php')
 3 SYSTEMPATH\View\View.php(227): CodeIgniter\View\View->CodeIgniter\View\{closure}()
 4 SYSTEMPATH\Common.php(1180): CodeIgniter\View\View->render('admin/godown/godown-view', [], true)
 5 APPPATH\Controllers\Godown.php(30): view('admin/godown/godown-view')
 6 SYSTEMPATH\CodeIgniter.php(932): App\Controllers\Godown->index()
 7 SYSTEMPATH\CodeIgniter.php(497): CodeIgniter\CodeIgniter->runController(Object(App\Controllers\Godown))
 8 SYSTEMPATH\CodeIgniter.php(366): CodeIgniter\CodeIgniter->handleRequest(null, Object(Config\Cache), false)
 9 FCPATH\index.php(67): CodeIgniter\CodeIgniter->run()
ERROR - 2025-08-05 12:31:53 --> mysqli_sql_exception: Table 'qaswa_telecom.godown_products' doesn't exist in C:\xampp\htdocs\Qaswa-main\system\Database\MySQLi\Connection.php:295
Stack trace:
#0 C:\xampp\htdocs\Qaswa-main\system\Database\MySQLi\Connection.php(295): mysqli->query('SELECT *\nFROM `...', 0)
#1 C:\xampp\htdocs\Qaswa-main\system\Database\BaseConnection.php(692): CodeIgniter\Database\MySQLi\Connection->execute('SELECT *\nFROM `...')
#2 C:\xampp\htdocs\Qaswa-main\system\Database\BaseConnection.php(606): CodeIgniter\Database\BaseConnection->simpleQuery('SELECT *\nFROM `...')
#3 C:\xampp\htdocs\Qaswa-main\system\Database\BaseBuilder.php(1616): CodeIgniter\Database\BaseConnection->query('SELECT *\nFROM `...', Array, false)
#4 C:\xampp\htdocs\Qaswa-main\system\Model.php(241): CodeIgniter\Database\BaseBuilder->get()
#5 C:\xampp\htdocs\Qaswa-main\system\BaseModel.php(618): CodeIgniter\Model->doFindAll(0, 0)
#6 C:\xampp\htdocs\Qaswa-main\app\Controllers\Godown.php(28): CodeIgniter\BaseModel->findAll()
#7 C:\xampp\htdocs\Qaswa-main\system\CodeIgniter.php(932): App\Controllers\Godown->index()
#8 C:\xampp\htdocs\Qaswa-main\system\CodeIgniter.php(497): CodeIgniter\CodeIgniter->runController(Object(App\Controllers\Godown))
#9 C:\xampp\htdocs\Qaswa-main\system\CodeIgniter.php(366): CodeIgniter\CodeIgniter->handleRequest(NULL, Object(Config\Cache), false)
#10 C:\xampp\htdocs\Qaswa-main\index.php(67): CodeIgniter\CodeIgniter->run()
#11 {main}
CRITICAL - 2025-08-05 12:31:53 --> Table 'qaswa_telecom.godown_products' doesn't exist
in SYSTEMPATH\Database\MySQLi\Connection.php on line 295.
 1 SYSTEMPATH\Database\MySQLi\Connection.php(295): mysqli->query('SELECT *
FROM `Godown_Products`
ORDER BY `id` DESC', 0)
 2 SYSTEMPATH\Database\BaseConnection.php(692): CodeIgniter\Database\MySQLi\Connection->execute('SELECT *
FROM `Godown_Products`
ORDER BY `id` DESC')
 3 SYSTEMPATH\Database\BaseConnection.php(606): CodeIgniter\Database\BaseConnection->simpleQuery('SELECT *
FROM `Godown_Products`
ORDER BY `id` DESC')
 4 SYSTEMPATH\Database\BaseBuilder.php(1616): CodeIgniter\Database\BaseConnection->query('SELECT *
FROM `Godown_Products`
ORDER BY `id` DESC', [], false)
 5 SYSTEMPATH\Model.php(241): CodeIgniter\Database\BaseBuilder->get()
 6 SYSTEMPATH\BaseModel.php(618): CodeIgniter\Model->doFindAll(0, 0)
 7 APPPATH\Controllers\Godown.php(28): CodeIgniter\BaseModel->findAll()
 8 SYSTEMPATH\CodeIgniter.php(932): App\Controllers\Godown->index()
 9 SYSTEMPATH\CodeIgniter.php(497): CodeIgniter\CodeIgniter->runController(Object(App\Controllers\Godown))
10 SYSTEMPATH\CodeIgniter.php(366): CodeIgniter\CodeIgniter->handleRequest(null, Object(Config\Cache), false)
11 FCPATH\index.php(67): CodeIgniter\CodeIgniter->run()
