ERROR - 2023-11-13 09:29:40 --> Error connecting to the database: mysqli_sql_exception: Access denied for user 'reliable_CRMbsi20dsfrsnniow'@'localhost' (using password: YES) in C:\xampp\htdocs\ReliableBack\system\Database\MySQLi\Connection.php:174
Stack trace:
#0 C:\xampp\htdocs\ReliableBack\system\Database\MySQLi\Connection.php(174): mysqli->real_connect('localhost', 'reliable_CRMbsi...', 'kJ{%roWs!)gs', 'reliable_CRMbsi...', 3306, '', 0)
#1 C:\xampp\htdocs\ReliableBack\system\Database\BaseConnection.php(391): CodeIgniter\Database\MySQLi\Connection->connect(false)
#2 C:\xampp\htdocs\ReliableBack\system\Database\BaseConnection.php(574): CodeIgniter\Database\BaseConnection->initialize()
#3 C:\xampp\htdocs\ReliableBack\system\Database\BaseBuilder.php(1616): CodeIgniter\Database\BaseConnection->query('SELECT *\nFROM `...', Array, false)
#4 C:\xampp\htdocs\ReliableBack\system\Model.php(268): CodeIgniter\Database\BaseBuilder->get()
#5 C:\xampp\htdocs\ReliableBack\system\BaseModel.php(656): CodeIgniter\Model->doFirst()
#6 C:\xampp\htdocs\ReliableBack\app\Controllers\Controllerlogin.php(28): CodeIgniter\BaseModel->first()
#7 C:\xampp\htdocs\ReliableBack\system\CodeIgniter.php(932): App\Controllers\Controllerlogin->login()
#8 C:\xampp\htdocs\ReliableBack\system\CodeIgniter.php(497): CodeIgniter\CodeIgniter->runController(Object(App\Controllers\Controllerlogin))
#9 C:\xampp\htdocs\ReliableBack\system\CodeIgniter.php(366): CodeIgniter\CodeIgniter->handleRequest(NULL, Object(Config\Cache), false)
#10 C:\xampp\htdocs\ReliableBack\index.php(67): CodeIgniter\CodeIgniter->run()
#11 {main}

Next CodeIgniter\Database\Exceptions\DatabaseException: Access denied for user '****'@'localhost' (using password: YES) in C:\xampp\htdocs\ReliableBack\system\Database\MySQLi\Connection.php:218
Stack trace:
#0 C:\xampp\htdocs\ReliableBack\system\Database\BaseConnection.php(391): CodeIgniter\Database\MySQLi\Connection->connect(false)
#1 C:\xampp\htdocs\ReliableBack\system\Database\BaseConnection.php(574): CodeIgniter\Database\BaseConnection->initialize()
#2 C:\xampp\htdocs\ReliableBack\system\Database\BaseBuilder.php(1616): CodeIgniter\Database\BaseConnection->query('SELECT *\nFROM `...', Array, false)
#3 C:\xampp\htdocs\ReliableBack\system\Model.php(268): CodeIgniter\Database\BaseBuilder->get()
#4 C:\xampp\htdocs\ReliableBack\system\BaseModel.php(656): CodeIgniter\Model->doFirst()
#5 C:\xampp\htdocs\ReliableBack\app\Controllers\Controllerlogin.php(28): CodeIgniter\BaseModel->first()
#6 C:\xampp\htdocs\ReliableBack\system\CodeIgniter.php(932): App\Controllers\Controllerlogin->login()
#7 C:\xampp\htdocs\ReliableBack\system\CodeIgniter.php(497): CodeIgniter\CodeIgniter->runController(Object(App\Controllers\Controllerlogin))
#8 C:\xampp\htdocs\ReliableBack\system\CodeIgniter.php(366): CodeIgniter\CodeIgniter->handleRequest(NULL, Object(Config\Cache), false)
#9 C:\xampp\htdocs\ReliableBack\index.php(67): CodeIgniter\CodeIgniter->run()
#10 {main}
CRITICAL - 2023-11-13 09:29:40 --> Unable to connect to the database.
Main connection [MySQLi]: Access denied for user '****'@'localhost' (using password: YES)
in SYSTEMPATH\Database\BaseConnection.php on line 427.
 1 SYSTEMPATH\Database\BaseConnection.php(574): CodeIgniter\Database\BaseConnection->initialize()
 2 SYSTEMPATH\Database\BaseBuilder.php(1616): CodeIgniter\Database\BaseConnection->query('SELECT *
FROM `users011`
WHERE `username013` = :username013:
 LIMIT 1', [...], false)
 3 SYSTEMPATH\Model.php(268): CodeIgniter\Database\BaseBuilder->get()
 4 SYSTEMPATH\BaseModel.php(656): CodeIgniter\Model->doFirst()
 5 APPPATH\Controllers\Controllerlogin.php(28): CodeIgniter\BaseModel->first()
 6 SYSTEMPATH\CodeIgniter.php(932): App\Controllers\Controllerlogin->login()
 7 SYSTEMPATH\CodeIgniter.php(497): CodeIgniter\CodeIgniter->runController(Object(App\Controllers\Controllerlogin))
 8 SYSTEMPATH\CodeIgniter.php(366): CodeIgniter\CodeIgniter->handleRequest(null, Object(Config\Cache), false)
 9 FCPATH\index.php(67): CodeIgniter\CodeIgniter->run()
ERROR - 2023-11-13 10:30:29 --> Email: Unable to send email using SMTP. Your server might not be configured to send mail using this method.
ERROR - 2023-11-13 10:30:29 --> 220 smtp.gmail.com ESMTP i15-20020a63220f000000b005b458aa0541sm3682497pgi.15 - gsmtp

hello: 250-smtp.gmail.com at your service, [103.66.5.160]
250-SIZE 35882577
250-8BITMIME
250-STARTTLS
250-ENHANCEDSTATUSCODES
250-PIPELINING
250-CHUNKING
250 SMTPUTF8

starttls: 220 2.0.0 Ready to start TLS

hello: 250-smtp.gmail.com at your service, [103.66.5.160]
250-SIZE 35882577
250-8BITMIME
250-AUTH LOGIN PLAIN XOAUTH2 PLAIN-CLIENTTOKEN OAUTHBEARER XOAUTH
250-ENHANCEDSTATUSCODES
250-PIPELINING
250-CHUNKING
250 SMTPUTF8

Failed to authenticate password. Error: 535-5.7.8 Username and Password not accepted. Learn more at
535 5.7.8  https://support.google.com/mail/?p=BadCredentials i15-20020a63220f000000b005b458aa0541sm3682497pgi.15 - gsmtp

ERROR - 2023-11-13 10:38:42 --> Email: Unable to send email using SMTP. Your server might not be configured to send mail using this method.
ERROR - 2023-11-13 10:38:42 --> 220 smtp.gmail.com ESMTP u6-20020a170902e5c600b001ca21e05c69sm3777457plf.109 - gsmtp

hello: 250-smtp.gmail.com at your service, [103.66.5.160]
250-SIZE 35882577
250-8BITMIME
250-STARTTLS
250-ENHANCEDSTATUSCODES
250-PIPELINING
250-CHUNKING
250 SMTPUTF8

starttls: 220 2.0.0 Ready to start TLS

hello: 250-smtp.gmail.com at your service, [103.66.5.160]
250-SIZE 35882577
250-8BITMIME
250-AUTH LOGIN PLAIN XOAUTH2 PLAIN-CLIENTTOKEN OAUTHBEARER XOAUTH
250-ENHANCEDSTATUSCODES
250-PIPELINING
250-CHUNKING
250 SMTPUTF8

Failed to authenticate password. Error: 535-5.7.8 Username and Password not accepted. Learn more at
535 5.7.8  https://support.google.com/mail/?p=BadCredentials u6-20020a170902e5c600b001ca21e05c69sm3777457plf.109 - gsmtp

